#
# A fatal error has been detected by the Java Runtime Environment:
#
#  SIGSEGV (0xb) at pc=0x00007ff88609fd2f, pid=50736, tid=50736
#
# JRE version: OpenJDK Runtime Environment (19.0.2+7) (build 19.0.2+7-Ubuntu-0ubuntu322.04)
# Java VM: OpenJDK 64-Bit Server VM (19.0.2+7-Ubuntu-0ubuntu322.04, mixed mode, sharing, tiered, compressed oops, compressed class ptrs, g1 gc, linux-amd64)
# Problematic frame:
# V  [libjvm.so+0xdbcd2f]
#
# Core dump will be written. Default location: Core dumps may be processed with "/lib/systemd/systemd-coredump %P %u %g %s %t 9223372036854775808 %h" (or dumping to /home/kotb/code/projects/Bitcask4j/core.50736)
#
# If you would like to submit a bug report, please visit:
#   Unknown
#

---------------  S U M M A R Y ------------

Command Line: -Xmx64m -Xms64m -Dorg.gradle.appname=gradlew org.gradle.wrapper.GradleWrapperMain run

Host: AMD Ryzen 7 3750H with Radeon Vega Mobile Gfx, 8 cores, 13G, Linux Mint 21.1 Vera
Time: Sun May 21 23:56:29 2023 EEST elapsed time: 7.678166 seconds (0d 0h 0m 7s)

---------------  T H R E A D  ---------------

Current thread is native thread

Stack: [0x00007ffdcf838000,0x00007ffdd0037000],  sp=0x00007ffdd0036938,  free space=8186k
Native frames: (J=compiled Java code, j=interpreted, Vv=VM code, C=native code)
V  [libjvm.so+0xdbcd2f]
V  [libjvm.so+0x802741]


siginfo: si_signo: 11 (SIGSEGV), si_code: 1 (SEGV_MAPERR), si_addr: 0x00000000000000c8

Registers:
RAX=0x0000000000000000, RBX=0x00000000000005ae, RCX=0x00007ff886902c80, RDX=0x000000000000004c
RSP=0x00007ffdd0036938, RBP=0x00007ffdd00369e0, RSI=0x00007ffdd0036968, RDI=0x00007ffdd0036968
R8 =0x0000000000000000, R9 =0x000055e372266b80, R10=0x00007ff8869030e0, R11=0x00007ff886902ce0
R12=0x0000000000000001, R13=0x0000000000000000, R14=0x00007ff886697960, R15=0x000055e372265eb0
RIP=0x00007ff88609fd2f, EFLAGS=0x0000000000010202, CSGSFS=0x002b000000000033, ERR=0x0000000000000004
  TRAPNO=0x000000000000000e


Top of Stack: (sp=0x00007ffdd0036938)
0x00007ffdd0036938:   00007ff885b1a77a 00007ff886902ce0
0x00007ffdd0036948:   00007ffdd0036968 0000000200000000
0x00007ffdd0036958:   0000000000000004 00007ffdd0037056
0x00007ffdd0036968:   0000000000000000 0000000000000000 

Instructions: (pc=0x00007ff88609fd2f)
0x00007ff88609fc2f:   38 ff ff ff 48 8d 3d e6 2b 60 00 48 8d 85 50 ff
0x00007ff88609fc3f:   ff ff c7 85 30 ff ff ff 08 00 00 00 c7 85 34 ff
0x00007ff88609fc4f:   ff ff 30 00 00 00 48 89 85 40 ff ff ff e8 ff 5e
0x00007ff88609fc5f:   2b 00 c9 c3 90 66 66 2e 0f 1f 84 00 00 00 00 00
0x00007ff88609fc6f:   90 f3 0f 1e fa 48 85 f6 0f 84 93 00 00 00 48 8b
0x00007ff88609fc7f:   96 c0 00 00 00 48 85 d2 0f 84 83 00 00 00 f6 c2
0x00007ff88609fc8f:   01 75 7e 4c 8b 42 10 49 8b 08 48 85 c9 74 72 55
0x00007ff88609fc9f:   b8 01 00 00 00 48 89 e5 41 54 48 83 ec 18 4c 8b
0x00007ff88609fcaf:   67 08 49 39 cc 74 1a 3b 42 04 73 0e 89 c1 83 c0
0x00007ff88609fcbf:   01 49 8b 0c c8 48 85 c9 75 e8 4c 8b 65 f8 c9 c3
0x00007ff88609fccf:   90 48 83 3d 80 2b 60 00 00 48 89 75 e8 74 eb bf
0x00007ff88609fcdf:   ba 00 00 00 31 c0 e8 b6 64 4b ff 48 8b 55 e8 4c
0x00007ff88609fcef:   89 e1 4c 8b 65 f8 c9 4c 63 c0 48 8d 3d b0 6e 3a
0x00007ff88609fcff:   00 31 c0 4c 89 c6 e9 b6 fe ff ff 66 0f 1f 44 00
0x00007ff88609fd0f:   00 c3 90 66 66 2e 0f 1f 84 00 00 00 00 00 0f 1f
0x00007ff88609fd1f:   00 f3 0f 1e fa 48 8b 47 08 c6 47 19 01 48 89 fe
0x00007ff88609fd2f:   48 8b 90 c8 00 00 00 48 89 17 48 89 b8 c8 00 00
0x00007ff88609fd3f:   00 48 8b 47 08 48 8b 80 c0 00 00 00 48 85 c0 48
0x00007ff88609fd4f:   8b 07 0f 84 f9 00 00 00 55 48 89 e5 41 54 48 83
0x00007ff88609fd5f:   ec 08 80 3d 9a 1a 5d 00 00 48 8b 50 10 74 0e 48
0x00007ff88609fd6f:   8b 46 08 83 80 d0 00 00 00 01 48 8b 06 80 78 18
0x00007ff88609fd7f:   00 75 15 48 83 c2 18 b8 01 00 00 00 f0 48 0f c1
0x00007ff88609fd8f:   02 48 8b 06 c6 40 18 01 48 8b 46 08 31 d2 48 05
0x00007ff88609fd9f:   c0 00 00 00 48 87 10 80 3d 55 1a 5d 00 00 74 21
0x00007ff88609fdaf:   48 8b 46 08 8b 80 d0 00 00 00 3b 05 ad 39 62 00
0x00007ff88609fdbf:   76 0f 89 05 a5 39 62 00 66 0f 1f 84 00 00 00 00
0x00007ff88609fdcf:   00 4c 8b 25 c9 9e 5a 00 48 8b 46 08 4c 89 e1 48
0x00007ff88609fddf:   83 c9 01 48 05 c0 00 00 00 48 89 ca 48 87 10 48
0x00007ff88609fdef:   8b 05 ab 9e 5a 00 49 39 c4 75 d6 48 8b 46 08 48
0x00007ff88609fdff:   8d 90 c0 00 00 00 48 89 c8 f0 4c 0f b1 22 48 39
0x00007ff88609fe0f:   c1 75 be 4c 89 66 10 48 83 3d 3a 2a 60 00 00 74
0x00007ff88609fe1f:   28 bf ba 00 00 00 31 c0 e8 74 63 4b ff 4c 89 e2 



---------------  P R O C E S S  ---------------

VM state: at safepoint (normal execution)

VM Mutex/Monitor currently owned by a thread:  ([mutex/lock_event])
[0x00007ff880013fc0] Threads_lock - owner thread: 0x00007ff8800bc4d0
[0x00007ff880014070] Heap_lock - owner thread: 0x00007ff8800e12d0

OutOfMemory and StackOverflow Exception counts:
OutOfMemoryError java_heap_errors=22
LinkageErrors=20

Heap address: 0x00000000fc000000, size: 64 MB, Compressed Oops mode: 32-bit

CDS archive(s) mapped at: [0x0000000800000000-0x0000000800c51000-0x0000000800c51000), size 12914688, SharedBaseAddress: 0x0000000800000000, ArchiveRelocationMode: 0.
Compressed class space mapped at: 0x0000000801000000-0x0000000841000000, reserved size: 1073741824
Narrow klass base: 0x0000000800000000, Narrow klass shift: 0, Narrow klass range: 0x100000000

GC Precious Log:
<Skipped>

Heap:
 garbage-first heap   total 65536K, used 63583K [0x00000000fc000000, 0x0000000100000000)
  region size 1024K, 0 young (0K), 0 survivors (0K)
 Metaspace       used 8245K, committed 8640K, reserved 1114112K
  class space    used 1062K, committed 1280K, reserved 1048576K

Heap Regions: E=young(eden), S=young(survivor), O=old, HS=humongous(starts), HC=humongous(continues), CS=collection set, F=free, OA=open archive, CA=closed archive, TAMS=top-at-mark-start (previous, next)
|   0|0x00000000fc000000, 0x00000000fc100000, 0x00000000fc100000|100%|HS|  |TAMS 0x00000000fc100000, 0x00000000fc000000| Untracked 
|   1|0x00000000fc100000, 0x00000000fc200000, 0x00000000fc200000|100%|HC|  |TAMS 0x00000000fc200000, 0x00000000fc100000| Untracked 
|   2|0x00000000fc200000, 0x00000000fc300000, 0x00000000fc300000|100%|HC|  |TAMS 0x00000000fc300000, 0x00000000fc200000| Untracked 
|   3|0x00000000fc300000, 0x00000000fc400000, 0x00000000fc400000|100%|HC|  |TAMS 0x00000000fc400000, 0x00000000fc300000| Untracked 
|   4|0x00000000fc400000, 0x00000000fc4f65f0, 0x00000000fc500000| 96%| O|  |TAMS 0x00000000fc400000, 0x00000000fc400000| Untracked 
|   5|0x00000000fc500000, 0x00000000fc600000, 0x00000000fc600000|100%| O|  |TAMS 0x00000000fc500000, 0x00000000fc500000| Untracked 
|   6|0x00000000fc600000, 0x00000000fc6ff7d8, 0x00000000fc700000| 99%| O|  |TAMS 0x00000000fc600000, 0x00000000fc600000| Untracked 
|   7|0x00000000fc700000, 0x00000000fc7ff5d0, 0x00000000fc800000| 99%| O|  |TAMS 0x00000000fc700000, 0x00000000fc700000| Untracked 
|   8|0x00000000fc800000, 0x00000000fc8ffff8, 0x00000000fc900000| 99%| O|  |TAMS 0x00000000fc800000, 0x00000000fc800000| Untracked 
|   9|0x00000000fc900000, 0x00000000fc9ffff8, 0x00000000fca00000| 99%| O|  |TAMS 0x00000000fc900000, 0x00000000fc900000| Untracked 
|  10|0x00000000fca00000, 0x00000000fcaffff8, 0x00000000fcb00000| 99%| O|  |TAMS 0x00000000fca00000, 0x00000000fca00000| Untracked 
|  11|0x00000000fcb00000, 0x00000000fcbffff8, 0x00000000fcc00000| 99%| O|  |TAMS 0x00000000fcb00000, 0x00000000fcb00000| Untracked 
|  12|0x00000000fcc00000, 0x00000000fccffff8, 0x00000000fcd00000| 99%| O|  |TAMS 0x00000000fcc00000, 0x00000000fcc00000| Untracked 
|  13|0x00000000fcd00000, 0x00000000fcdffff0, 0x00000000fce00000| 99%| O|  |TAMS 0x00000000fcd00000, 0x00000000fcd00000| Untracked 
|  14|0x00000000fce00000, 0x00000000fceffff8, 0x00000000fcf00000| 99%| O|  |TAMS 0x00000000fce00000, 0x00000000fce00000| Untracked 
|  15|0x00000000fcf00000, 0x00000000fcfffff8, 0x00000000fd000000| 99%| O|  |TAMS 0x00000000fcf00000, 0x00000000fcf00000| Untracked 
|  16|0x00000000fd000000, 0x00000000fd0ffff8, 0x00000000fd100000| 99%| O|  |TAMS 0x00000000fd000000, 0x00000000fd000000| Untracked 
|  17|0x00000000fd100000, 0x00000000fd200000, 0x00000000fd200000|100%| O|  |TAMS 0x00000000fd100000, 0x00000000fd100000| Untracked 
|  18|0x00000000fd200000, 0x00000000fd2ffff8, 0x00000000fd300000| 99%| O|  |TAMS 0x00000000fd200000, 0x00000000fd200000| Untracked 
|  19|0x00000000fd300000, 0x00000000fd3ffff8, 0x00000000fd400000| 99%| O|  |TAMS 0x00000000fd300000, 0x00000000fd300000| Untracked 
|  20|0x00000000fd400000, 0x00000000fd500000, 0x00000000fd500000|100%| O|  |TAMS 0x00000000fd400000, 0x00000000fd400000| Untracked 
|  21|0x00000000fd500000, 0x00000000fd5ffff8, 0x00000000fd600000| 99%| O|  |TAMS 0x00000000fd500000, 0x00000000fd500000| Untracked 
|  22|0x00000000fd600000, 0x00000000fd700000, 0x00000000fd700000|100%| O|  |TAMS 0x00000000fd600000, 0x00000000fd600000| Untracked 
|  23|0x00000000fd700000, 0x00000000fd7ffff8, 0x00000000fd800000| 99%| O|  |TAMS 0x00000000fd700000, 0x00000000fd700000| Untracked 
|  24|0x00000000fd800000, 0x00000000fd8ffff0, 0x00000000fd900000| 99%| O|  |TAMS 0x00000000fd800000, 0x00000000fd800000| Untracked 
|  25|0x00000000fd900000, 0x00000000fd9fffe0, 0x00000000fda00000| 99%| O|  |TAMS 0x00000000fd900000, 0x00000000fd900000| Untracked 
|  26|0x00000000fda00000, 0x00000000fdb00000, 0x00000000fdb00000|100%| O|  |TAMS 0x00000000fda00000, 0x00000000fda00000| Untracked 
|  27|0x00000000fdb00000, 0x00000000fdbfffe8, 0x00000000fdc00000| 99%| O|  |TAMS 0x00000000fdb00000, 0x00000000fdb00000| Untracked 
|  28|0x00000000fdc00000, 0x00000000fdcffff8, 0x00000000fdd00000| 99%| O|  |TAMS 0x00000000fdc00000, 0x00000000fdc00000| Untracked 
|  29|0x00000000fdd00000, 0x00000000fde00000, 0x00000000fde00000|100%| O|  |TAMS 0x00000000fdd00000, 0x00000000fdd00000| Untracked 
|  30|0x00000000fde00000, 0x00000000fdf00000, 0x00000000fdf00000|100%| O|  |TAMS 0x00000000fde00000, 0x00000000fde00000| Untracked 
|  31|0x00000000fdf00000, 0x00000000fdfffff0, 0x00000000fe000000| 99%| O|  |TAMS 0x00000000fdf00000, 0x00000000fdf00000| Untracked 
|  32|0x00000000fe000000, 0x00000000fe0ffff0, 0x00000000fe100000| 99%| O|  |TAMS 0x00000000fe000000, 0x00000000fe000000| Untracked 
|  33|0x00000000fe100000, 0x00000000fe200000, 0x00000000fe200000|100%| O|  |TAMS 0x00000000fe100000, 0x00000000fe100000| Untracked 
|  34|0x00000000fe200000, 0x00000000fe2ffff8, 0x00000000fe300000| 99%| O|  |TAMS 0x00000000fe200000, 0x00000000fe200000| Untracked 
|  35|0x00000000fe300000, 0x00000000fe400000, 0x00000000fe400000|100%| O|  |TAMS 0x00000000fe300000, 0x00000000fe300000| Untracked 
|  36|0x00000000fe400000, 0x00000000fe4ffff8, 0x00000000fe500000| 99%| O|  |TAMS 0x00000000fe400000, 0x00000000fe400000| Untracked 
|  37|0x00000000fe500000, 0x00000000fe5ffff8, 0x00000000fe600000| 99%| O|  |TAMS 0x00000000fe500000, 0x00000000fe500000| Untracked 
|  38|0x00000000fe600000, 0x00000000fe6ffff0, 0x00000000fe700000| 99%| O|  |TAMS 0x00000000fe600000, 0x00000000fe600000| Untracked 
|  39|0x00000000fe700000, 0x00000000fe7fffe0, 0x00000000fe800000| 99%| O|  |TAMS 0x00000000fe700000, 0x00000000fe700000| Untracked 
|  40|0x00000000fe800000, 0x00000000fe900000, 0x00000000fe900000|100%| O|  |TAMS 0x00000000fe800000, 0x00000000fe800000| Untracked 
|  41|0x00000000fe900000, 0x00000000fe9ffff0, 0x00000000fea00000| 99%| O|  |TAMS 0x00000000fe900000, 0x00000000fe900000| Untracked 
|  42|0x00000000fea00000, 0x00000000feaffff8, 0x00000000feb00000| 99%| O|  |TAMS 0x00000000fea00000, 0x00000000fea00000| Untracked 
|  43|0x00000000feb00000, 0x00000000febfffe8, 0x00000000fec00000| 99%| O|  |TAMS 0x00000000feb00000, 0x00000000feb00000| Untracked 
|  44|0x00000000fec00000, 0x00000000fed00000, 0x00000000fed00000|100%| O|  |TAMS 0x00000000fec00000, 0x00000000fec00000| Untracked 
|  45|0x00000000fed00000, 0x00000000fedffff0, 0x00000000fee00000| 99%| O|  |TAMS 0x00000000fed00000, 0x00000000fed00000| Untracked 
|  46|0x00000000fee00000, 0x00000000feeffff0, 0x00000000fef00000| 99%| O|  |TAMS 0x00000000fee00000, 0x00000000fee00000| Untracked 
|  47|0x00000000fef00000, 0x00000000ff000000, 0x00000000ff000000|100%| O|  |TAMS 0x00000000fef00000, 0x00000000fef00000| Untracked 
|  48|0x00000000ff000000, 0x00000000ff100000, 0x00000000ff100000|100%| O|  |TAMS 0x00000000ff000000, 0x00000000ff000000| Untracked 
|  49|0x00000000ff100000, 0x00000000ff200000, 0x00000000ff200000|100%| O|  |TAMS 0x00000000ff100000, 0x00000000ff100000| Untracked 
|  50|0x00000000ff200000, 0x00000000ff2fca98, 0x00000000ff300000| 98%| O|  |TAMS 0x00000000ff200000, 0x00000000ff200000| Untracked 
|  51|0x00000000ff300000, 0x00000000ff400000, 0x00000000ff400000|100%|HS|  |TAMS 0x00000000ff400000, 0x00000000ff300000| Untracked 
|  52|0x00000000ff400000, 0x00000000ff4ffff0, 0x00000000ff500000| 99%| O|  |TAMS 0x00000000ff400000, 0x00000000ff400000| Untracked 
|  53|0x00000000ff500000, 0x00000000ff5ffff0, 0x00000000ff600000| 99%| O|  |TAMS 0x00000000ff500000, 0x00000000ff500000| Untracked 
|  54|0x00000000ff600000, 0x00000000ff6ffff8, 0x00000000ff700000| 99%| O|  |TAMS 0x00000000ff600000, 0x00000000ff600000| Untracked 
|  55|0x00000000ff700000, 0x00000000ff7ffff0, 0x00000000ff800000| 99%| O|  |TAMS 0x00000000ff700000, 0x00000000ff700000| Untracked 
|  56|0x00000000ff800000, 0x00000000ff900000, 0x00000000ff900000|100%| O|  |TAMS 0x00000000ff800000, 0x00000000ff800000| Untracked 
|  57|0x00000000ff900000, 0x00000000ff9ffff8, 0x00000000ffa00000| 99%| O|  |TAMS 0x00000000ff900000, 0x00000000ff900000| Untracked 
|  58|0x00000000ffa00000, 0x00000000ffaffff0, 0x00000000ffb00000| 99%| O|  |TAMS 0x00000000ffa00000, 0x00000000ffa00000| Untracked 
|  59|0x00000000ffb00000, 0x00000000ffbffff0, 0x00000000ffc00000| 99%| O|  |TAMS 0x00000000ffb00000, 0x00000000ffb00000| Untracked 
|  60|0x00000000ffc00000, 0x00000000ffc2e290, 0x00000000ffd00000| 18%| O|  |TAMS 0x00000000ffc00000, 0x00000000ffc00000| Untracked 
|  61|0x00000000ffd00000, 0x00000000ffe00000, 0x00000000ffe00000|100%| O|  |TAMS 0x00000000ffd00000, 0x00000000ffd00000| Untracked 
|  62|0x00000000ffe00000, 0x00000000ffe77000, 0x00000000fff00000| 46%|OA|  |TAMS 0x00000000ffe77000, 0x00000000ffe00000| Untracked 
|  63|0x00000000fff00000, 0x00000000fff81000, 0x0000000100000000| 50%|CA|  |TAMS 0x00000000fff00000, 0x00000000fff00000| Untracked 

Card table byte_map: [0x00007ff88445f000,0x00007ff88447f000] _byte_map_base: 0x00007ff883c7f000

Marking Bits (Prev, Next): (CMBitMap*) 0x00007ff88003cdc0, (CMBitMap*) 0x00007ff88003ce00
 Prev Bits: [0x00007ff88433f000, 0x00007ff88443f000)
 Next Bits: [0x00007ff88423f000, 0x00007ff88433f000)

Polling page: 0x00007ff886926000

Metaspace:

Usage:
  Non-class:      7.01 MB used.
      Class:      1.04 MB used.
       Both:      8.05 MB used.

Virtual space:
  Non-class space:       64.00 MB reserved,       7.19 MB ( 11%) committed,  1 nodes.
      Class space:        1.00 GB reserved,       1.25 MB ( <1%) committed,  1 nodes.
             Both:        1.06 GB reserved,       8.44 MB ( <1%) committed. 

Chunk freelists:
   Non-Class:  176.00 KB
       Class:  2.68 MB
        Both:  2.85 MB

MaxMetaspaceSize: unlimited
CompressedClassSpaceSize: 1.00 GB
Initial GC threshold: 21.00 MB
Current GC threshold: 21.00 MB
CDS: on
MetaspaceReclaimPolicy: balanced
 - commit_granule_bytes: 65536.
 - commit_granule_words: 8192.
 - virtual_space_node_default_size: 8388608.
 - enlarge_chunks_in_place: 1.
 - new_chunks_are_fully_committed: 0.
 - uncommit_free_chunks: 1.
 - use_allocation_guard: 0.


Internal statistics:

num_allocs_failed_limit: 0.
num_arena_births: 200.
num_arena_deaths: 110.
num_vsnodes_births: 2.
num_vsnodes_deaths: 0.
num_space_committed: 135.
num_space_uncommitted: 0.
num_chunks_returned_to_freelist: 110.
num_chunks_taken_from_freelist: 450.
num_chunk_merges: 32.
num_chunk_splits: 287.
num_chunks_enlarged: 212.
num_inconsistent_stats: 0.

CodeHeap 'non-profiled nmethods': size=120028Kb used=735Kb max_used=735Kb free=119292Kb
 bounds [0x00007ff870791000, 0x00007ff870a01000, 0x00007ff877cc8000]
CodeHeap 'profiled nmethods': size=120028Kb used=2592Kb max_used=2592Kb free=117435Kb
 bounds [0x00007ff868cc8000, 0x00007ff868f58000, 0x00007ff8701ff000]
CodeHeap 'non-nmethods': size=5704Kb used=1249Kb max_used=1286Kb free=4454Kb
 bounds [0x00007ff8701ff000, 0x00007ff87046f000, 0x00007ff870791000]
 total_blobs=1873 nmethods=1404 adapters=381
 compilation: enabled
              stopped_count=0, restarted_count=0
 full_count=0

Compilation events (20 events):
Event: 2.215 Thread 0x00007ff8800cafe0 1393       4       jdk.internal.misc.Unsafe::checkOffset (32 bytes)
Event: 2.216 Thread 0x00007ff8800cafe0 nmethod 1393 0x00007ff870846c90 code [0x00007ff870846e20, 0x00007ff870846eb8]
Event: 2.330 Thread 0x00007ff8800cafe0 1396   !   4       com.esotericsoftware.kryo.io.Input::fill (32 bytes)
Event: 2.331 Thread 0x00007ff8800cafe0 nmethod 1396 0x00007ff870846f90 code [0x00007ff870847120, 0x00007ff870847248]
Event: 2.331 Thread 0x00007ff8800cafe0 1398       4       com.esotericsoftware.kryo.io.Input::readUtf8Length_slow (163 bytes)
Event: 2.332 Thread 0x00007ff8800cafe0 nmethod 1398 0x00007ff870847390 code [0x00007ff870847520, 0x00007ff8708475b8]
Event: 2.332 Thread 0x00007ff8800cafe0 1397   !   4       jdk.internal.misc.ScopedMemoryAccess::copyMemory (27 bytes)
Event: 2.336 Thread 0x00007ff8800cafe0 nmethod 1397 0x00007ff870847690 code [0x00007ff870847820, 0x00007ff870847b78]
Event: 2.397 Thread 0x00007ff8800cc570 1399       1       java.util.concurrent.atomic.AtomicInteger::get (5 bytes)
Event: 2.397 Thread 0x00007ff8800cc570 nmethod 1399 0x00007ff870848010 code [0x00007ff8708481a0, 0x00007ff870848250]
Event: 2.434 Thread 0x00007ff8800cc570 1400       3       com.esotericsoftware.kryo.io.Input::readUtf8_slow (255 bytes)
Event: 2.435 Thread 0x00007ff8800cc570 nmethod 1400 0x00007ff868f4f190 code [0x00007ff868f4f380, 0x00007ff868f4fa20]
Event: 2.510 Thread 0x00007ff8800cafe0 1401       4       com.esotericsoftware.kryo.io.Input::readInt_slow (201 bytes)
Event: 2.513 Thread 0x00007ff8800cafe0 nmethod 1401 0x00007ff870848310 code [0x00007ff8708484a0, 0x00007ff870848598]
Event: 2.664 Thread 0x00007ff8800cc570 1402       3       java.lang.ref.Reference::enqueueFromPending (19 bytes)
Event: 2.664 Thread 0x00007ff8800cc570 nmethod 1402 0x00007ff868f4fd10 code [0x00007ff868f4fec0, 0x00007ff868f500e0]
Event: 2.716 Thread 0x00007ff8800cafe0 1403       4       org.gradle.internal.logging.events.OutputEvent::<init> (5 bytes)
Event: 2.716 Thread 0x00007ff8800cafe0 nmethod 1403 0x00007ff870848690 code [0x00007ff870848800, 0x00007ff870848878]
Event: 2.915 Thread 0x00007ff8800cc570 1404       1       org.gradle.internal.logging.console.ProgressOperation::getParent (5 bytes)
Event: 2.915 Thread 0x00007ff8800cc570 nmethod 1404 0x00007ff870848990 code [0x00007ff870848b20, 0x00007ff870848bd0]

GC Heap History (20 events):
Event: 7.256 GC heap before
{Heap before GC invocations=160 (full 87):
 garbage-first heap   total 65536K, used 63584K [0x00000000fc000000, 0x0000000100000000)
  region size 1024K, 0 young (0K), 0 survivors (0K)
 Metaspace       used 8245K, committed 8640K, reserved 1114112K
  class space    used 1062K, committed 1280K, reserved 1048576K
}
Event: 7.326 GC heap after
{Heap after GC invocations=161 (full 88):
 garbage-first heap   total 65536K, used 63584K [0x00000000fc000000, 0x0000000100000000)
  region size 1024K, 0 young (0K), 0 survivors (0K)
 Metaspace       used 8245K, committed 8640K, reserved 1114112K
  class space    used 1062K, committed 1280K, reserved 1048576K
}
Event: 7.326 GC heap before
{Heap before GC invocations=161 (full 88):
 garbage-first heap   total 65536K, used 63584K [0x00000000fc000000, 0x0000000100000000)
  region size 1024K, 0 young (0K), 0 survivors (0K)
 Metaspace       used 8245K, committed 8640K, reserved 1114112K
  class space    used 1062K, committed 1280K, reserved 1048576K
}
Event: 7.326 GC heap after
{Heap after GC invocations=162 (full 88):
 garbage-first heap   total 65536K, used 63584K [0x00000000fc000000, 0x0000000100000000)
  region size 1024K, 0 young (0K), 0 survivors (0K)
 Metaspace       used 8245K, committed 8640K, reserved 1114112K
  class space    used 1062K, committed 1280K, reserved 1048576K
}
Event: 7.326 GC heap before
{Heap before GC invocations=162 (full 88):
 garbage-first heap   total 65536K, used 63584K [0x00000000fc000000, 0x0000000100000000)
  region size 1024K, 0 young (0K), 0 survivors (0K)
 Metaspace       used 8245K, committed 8640K, reserved 1114112K
  class space    used 1062K, committed 1280K, reserved 1048576K
}
Event: 7.363 GC heap after
{Heap after GC invocations=163 (full 89):
 garbage-first heap   total 65536K, used 63584K [0x00000000fc000000, 0x0000000100000000)
  region size 1024K, 0 young (0K), 0 survivors (0K)
 Metaspace       used 8245K, committed 8640K, reserved 1114112K
  class space    used 1062K, committed 1280K, reserved 1048576K
}
Event: 7.363 GC heap before
{Heap before GC invocations=163 (full 89):
 garbage-first heap   total 65536K, used 63584K [0x00000000fc000000, 0x0000000100000000)
  region size 1024K, 0 young (0K), 0 survivors (0K)
 Metaspace       used 8245K, committed 8640K, reserved 1114112K
  class space    used 1062K, committed 1280K, reserved 1048576K
}
Event: 7.438 GC heap after
{Heap after GC invocations=164 (full 90):
 garbage-first heap   total 65536K, used 63584K [0x00000000fc000000, 0x0000000100000000)
  region size 1024K, 0 young (0K), 0 survivors (0K)
 Metaspace       used 8245K, committed 8640K, reserved 1114112K
  class space    used 1062K, committed 1280K, reserved 1048576K
}
Event: 7.438 GC heap before
{Heap before GC invocations=164 (full 90):
 garbage-first heap   total 65536K, used 63584K [0x00000000fc000000, 0x0000000100000000)
  region size 1024K, 0 young (0K), 0 survivors (0K)
 Metaspace       used 8245K, committed 8640K, reserved 1114112K
  class space    used 1062K, committed 1280K, reserved 1048576K
}
Event: 7.439 GC heap after
{Heap after GC invocations=165 (full 90):
 garbage-first heap   total 65536K, used 63584K [0x00000000fc000000, 0x0000000100000000)
  region size 1024K, 0 young (0K), 0 survivors (0K)
 Metaspace       used 8245K, committed 8640K, reserved 1114112K
  class space    used 1062K, committed 1280K, reserved 1048576K
}
Event: 7.439 GC heap before
{Heap before GC invocations=165 (full 90):
 garbage-first heap   total 65536K, used 63584K [0x00000000fc000000, 0x0000000100000000)
  region size 1024K, 0 young (0K), 0 survivors (0K)
 Metaspace       used 8245K, committed 8640K, reserved 1114112K
  class space    used 1062K, committed 1280K, reserved 1048576K
}
Event: 7.476 GC heap after
{Heap after GC invocations=166 (full 91):
 garbage-first heap   total 65536K, used 63584K [0x00000000fc000000, 0x0000000100000000)
  region size 1024K, 0 young (0K), 0 survivors (0K)
 Metaspace       used 8245K, committed 8640K, reserved 1114112K
  class space    used 1062K, committed 1280K, reserved 1048576K
}
Event: 7.476 GC heap before
{Heap before GC invocations=166 (full 91):
 garbage-first heap   total 65536K, used 63584K [0x00000000fc000000, 0x0000000100000000)
  region size 1024K, 0 young (0K), 0 survivors (0K)
 Metaspace       used 8245K, committed 8640K, reserved 1114112K
  class space    used 1062K, committed 1280K, reserved 1048576K
}
Event: 7.546 GC heap after
{Heap after GC invocations=167 (full 92):
 garbage-first heap   total 65536K, used 63583K [0x00000000fc000000, 0x0000000100000000)
  region size 1024K, 0 young (0K), 0 survivors (0K)
 Metaspace       used 8245K, committed 8640K, reserved 1114112K
  class space    used 1062K, committed 1280K, reserved 1048576K
}
Event: 7.546 GC heap before
{Heap before GC invocations=167 (full 92):
 garbage-first heap   total 65536K, used 63583K [0x00000000fc000000, 0x0000000100000000)
  region size 1024K, 0 young (0K), 0 survivors (0K)
 Metaspace       used 8245K, committed 8640K, reserved 1114112K
  class space    used 1062K, committed 1280K, reserved 1048576K
}
Event: 7.546 GC heap after
{Heap after GC invocations=168 (full 92):
 garbage-first heap   total 65536K, used 63583K [0x00000000fc000000, 0x0000000100000000)
  region size 1024K, 0 young (0K), 0 survivors (0K)
 Metaspace       used 8245K, committed 8640K, reserved 1114112K
  class space    used 1062K, committed 1280K, reserved 1048576K
}
Event: 7.546 GC heap before
{Heap before GC invocations=168 (full 92):
 garbage-first heap   total 65536K, used 63583K [0x00000000fc000000, 0x0000000100000000)
  region size 1024K, 0 young (0K), 0 survivors (0K)
 Metaspace       used 8245K, committed 8640K, reserved 1114112K
  class space    used 1062K, committed 1280K, reserved 1048576K
}
Event: 7.584 GC heap after
{Heap after GC invocations=169 (full 93):
 garbage-first heap   total 65536K, used 63583K [0x00000000fc000000, 0x0000000100000000)
  region size 1024K, 0 young (0K), 0 survivors (0K)
 Metaspace       used 8245K, committed 8640K, reserved 1114112K
  class space    used 1062K, committed 1280K, reserved 1048576K
}
Event: 7.584 GC heap before
{Heap before GC invocations=169 (full 93):
 garbage-first heap   total 65536K, used 63583K [0x00000000fc000000, 0x0000000100000000)
  region size 1024K, 0 young (0K), 0 survivors (0K)
 Metaspace       used 8245K, committed 8640K, reserved 1114112K
  class space    used 1062K, committed 1280K, reserved 1048576K
}
Event: 7.656 GC heap after
{Heap after GC invocations=170 (full 94):
 garbage-first heap   total 65536K, used 63583K [0x00000000fc000000, 0x0000000100000000)
  region size 1024K, 0 young (0K), 0 survivors (0K)
 Metaspace       used 8245K, committed 8640K, reserved 1114112K
  class space    used 1062K, committed 1280K, reserved 1048576K
}

Dll operation events (15 events):
Event: 0.002 Loaded shared library /usr/lib/jvm/java-19-openjdk-amd64/lib/libjava.so
Event: 0.002 Loaded shared library /usr/lib/jvm/java-19-openjdk-amd64/lib/libzip.so
Event: 0.010 Loaded shared library /usr/lib/jvm/java-19-openjdk-amd64/lib/libjsvml.so
Event: 0.030 Loaded shared library /usr/lib/jvm/java-19-openjdk-amd64/lib/libnio.so
Event: 0.034 Loaded shared library /usr/lib/jvm/java-19-openjdk-amd64/lib/libzip.so
Event: 0.080 Loaded shared library /usr/lib/jvm/java-19-openjdk-amd64/lib/libnet.so
Event: 0.173 Loaded shared library /usr/lib/jvm/java-19-openjdk-amd64/lib/libjimage.so
Event: 0.211 Loaded shared library /usr/lib/jvm/java-19-openjdk-amd64/lib/libverify.so
Event: 0.365 Loaded shared library /home/kotb/.gradle/native/68d5fa5c4cc2d200863cafc0d521ce42e7d3e7ee720ec0a83991735586a16f82/linux-amd64/libnative-platform.so
Event: 0.373 Loading shared library /home/kotb/.gradle/native/68d5fa5c4cc2d200863cafc0d521ce42e7d3e7ee720ec0a83991735586a16f82/linux-amd64-ncurses5/libnative-platform-curses.so failed, libtinfo.so.5: cannot open shared object file: No such file or directory
Event: 0.373 Loaded shared library /home/kotb/.gradle/native/68d5fa5c4cc2d200863cafc0d521ce42e7d3e7ee720ec0a83991735586a16f82/linux-amd64-ncurses6/libnative-platform-curses.so
Event: 0.385 Loaded shared library /home/kotb/.gradle/native/jansi/1.18/linux64/libjansi.so
Event: 0.478 Loaded shared library /usr/lib/jvm/java-19-openjdk-amd64/lib/libmanagement.so
Event: 0.479 Loaded shared library /usr/lib/jvm/java-19-openjdk-amd64/lib/libmanagement_ext.so
Event: 0.568 Loaded shared library /usr/lib/jvm/java-19-openjdk-amd64/lib/libextnet.so

Deoptimization events (20 events):
Event: 1.126 Thread 0x00007ff880015420 Uncommon trap: trap_request=0xffffff45 fr.pc=0x00007ff8707f77e0 relative=0x00000000000001a0
Event: 1.126 Thread 0x00007ff880015420 Uncommon trap: reason=unstable_if action=reinterpret pc=0x00007ff8707f77e0 method=com.esotericsoftware.kryo.io.Input.require(I)I @ 207 c2
Event: 1.126 Thread 0x00007ff880015420 DEOPT PACKING pc=0x00007ff8707f77e0 sp=0x00007ff884faed00
Event: 1.126 Thread 0x00007ff880015420 DEOPT UNPACKING pc=0x00007ff870265299 sp=0x00007ff884faeca8 mode 2
Event: 1.427 Thread 0x00007ff88079c4e0 DEOPT PACKING pc=0x00007ff868f26a89 sp=0x00007ff8589fe3d0
Event: 1.427 Thread 0x00007ff88079c4e0 DEOPT UNPACKING pc=0x00007ff870265a2f sp=0x00007ff8589fd880 mode 0
Event: 1.590 Thread 0x00007ff880015420 Uncommon trap: trap_request=0xffffff45 fr.pc=0x00007ff870817558 relative=0x00000000000004f8
Event: 1.590 Thread 0x00007ff880015420 Uncommon trap: reason=unstable_if action=reinterpret pc=0x00007ff870817558 method=org.gradle.internal.logging.console.ThrottlingOutputEventListener.onOutput(Lorg/gradle/internal/logging/events/OutputEvent;)V @ 30 c2
Event: 1.590 Thread 0x00007ff880015420 DEOPT PACKING pc=0x00007ff870817558 sp=0x00007ff884faf240
Event: 1.590 Thread 0x00007ff880015420 DEOPT UNPACKING pc=0x00007ff870265299 sp=0x00007ff884faf0e0 mode 2
Event: 1.702 Thread 0x00007ff88079c4e0 DEOPT PACKING pc=0x00007ff868f19265 sp=0x00007ff8589fe140
Event: 1.702 Thread 0x00007ff88079c4e0 DEOPT UNPACKING pc=0x00007ff870265a2f sp=0x00007ff8589fd620 mode 0
Event: 2.264 Thread 0x00007ff880015420 DEOPT PACKING pc=0x00007ff868f43463 sp=0x00007ff884faf260
Event: 2.264 Thread 0x00007ff880015420 DEOPT UNPACKING pc=0x00007ff870265a2f sp=0x00007ff884fae858 mode 0
Event: 3.250 Thread 0x00007ff880015420 DEOPT PACKING pc=0x00007ff8708262c4 sp=0x00007ff884faf270
Event: 3.250 Thread 0x00007ff880015420 DEOPT UNPACKING pc=0x00007ff870265a2f sp=0x00007ff884fae590 mode 1
Event: 3.357 Thread 0x00007ff880015420 Uncommon trap: trap_request=0x00000034 fr.pc=0x00007ff8708444d4 relative=0x00000000000019b4
Event: 3.357 Thread 0x00007ff880015420 Uncommon trap: reason=unloaded action=reinterpret pc=0x00007ff8708444d4 method=org.gradle.internal.remote.internal.inet.SocketConnection.receive()Ljava/lang/Object; @ 117 c2
Event: 3.357 Thread 0x00007ff880015420 DEOPT PACKING pc=0x00007ff8708444d4 sp=0x00007ff884faf350
Event: 3.357 Thread 0x00007ff880015420 DEOPT UNPACKING pc=0x00007ff870265299 sp=0x00007ff884faf230 mode 2

Classes loaded (20 events):
Event: 1.097 Loading class com/google/common/base/ExtraObjectsMethodsForWeb
Event: 1.097 Loading class com/google/common/base/ExtraObjectsMethodsForWeb done
Event: 2.153 Loading class jdk/internal/foreign/MemorySessionImpl
Event: 2.153 Loading class java/lang/foreign/MemorySession
Event: 2.153 Loading class java/lang/foreign/SegmentAllocator
Event: 2.153 Loading class java/lang/foreign/SegmentAllocator done
Event: 2.153 Loading class java/lang/foreign/MemorySession done
Event: 2.153 Loading class jdk/internal/foreign/MemorySessionImpl done
Event: 5.663 Loading class java/lang/invoke/WrongMethodTypeException
Event: 5.858 Loading class java/lang/invoke/WrongMethodTypeException done
Event: 6.110 Loading class java/lang/Throwable$WrappedPrintStream
Event: 6.110 Loading class java/lang/Throwable$PrintStreamOrWriter
Event: 6.320 Loading class java/lang/Throwable$PrintStreamOrWriter done
Event: 6.320 Loading class jdk/internal/misc/Signal$1
Event: 6.320 Loading class java/lang/Throwable$WrappedPrintStream done
Event: 6.320 Loading class java/lang/invoke/WrongMethodTypeException
Event: 6.545 Loading class jdk/internal/misc/Signal$1 done
Event: 6.772 Loading class java/lang/invoke/WrongMethodTypeException done
Event: 6.772 Loading class java/lang/invoke/WrongMethodTypeException
Event: 6.990 Loading class java/lang/invoke/WrongMethodTypeException done

Classes unloaded (20 events):
Event: 2.643 Thread 0x00007ff8800bc4d0 Unloading class 0x00000008010ad000 'java/lang/invoke/LambdaForm$MH+0x00000008010ad000'
Event: 2.643 Thread 0x00007ff8800bc4d0 Unloading class 0x00000008010acc00 'java/lang/invoke/LambdaForm$MH+0x00000008010acc00'
Event: 2.643 Thread 0x00007ff8800bc4d0 Unloading class 0x00000008010ac400 'java/lang/invoke/LambdaForm$MH+0x00000008010ac400'
Event: 2.643 Thread 0x00007ff8800bc4d0 Unloading class 0x00000008010ac000 'java/lang/invoke/LambdaForm$MH+0x00000008010ac000'
Event: 2.643 Thread 0x00007ff8800bc4d0 Unloading class 0x0000000801090c00 'java/lang/invoke/LambdaForm$MH+0x0000000801090c00'
Event: 2.643 Thread 0x00007ff8800bc4d0 Unloading class 0x0000000801090400 'java/lang/invoke/LambdaForm$MH+0x0000000801090400'
Event: 2.643 Thread 0x00007ff8800bc4d0 Unloading class 0x0000000801090000 'java/lang/invoke/LambdaForm$MH+0x0000000801090000'
Event: 2.643 Thread 0x00007ff8800bc4d0 Unloading class 0x000000080108dc00 'java/lang/invoke/LambdaForm$MH+0x000000080108dc00'
Event: 2.643 Thread 0x00007ff8800bc4d0 Unloading class 0x000000080108c400 'java/lang/invoke/LambdaForm$MH+0x000000080108c400'
Event: 2.643 Thread 0x00007ff8800bc4d0 Unloading class 0x000000080102c400 'java/lang/invoke/LambdaForm$MH+0x000000080102c400'
Event: 2.643 Thread 0x00007ff8800bc4d0 Unloading class 0x0000000801012400 'java/lang/invoke/LambdaForm$MH+0x0000000801012400'
Event: 2.643 Thread 0x00007ff8800bc4d0 Unloading class 0x0000000801012000 'java/lang/invoke/LambdaForm$MH+0x0000000801012000'
Event: 2.643 Thread 0x00007ff8800bc4d0 Unloading class 0x0000000801009800 'java/lang/invoke/LambdaForm$MH+0x0000000801009800'
Event: 2.643 Thread 0x00007ff8800bc4d0 Unloading class 0x0000000801009400 'java/lang/invoke/LambdaForm$MH+0x0000000801009400'
Event: 2.643 Thread 0x00007ff8800bc4d0 Unloading class 0x0000000801009000 'java/lang/invoke/LambdaForm$MH+0x0000000801009000'
Event: 2.643 Thread 0x00007ff8800bc4d0 Unloading class 0x0000000801005c00 'java/lang/invoke/LambdaForm$MH+0x0000000801005c00'
Event: 2.643 Thread 0x00007ff8800bc4d0 Unloading class 0x0000000801005400 'java/lang/invoke/LambdaForm$MH+0x0000000801005400'
Event: 5.884 Thread 0x00007ff8800bc4d0 Unloading class 0x0000000801012800 'java/lang/invoke/LambdaForm$MH+0x0000000801012800'
Event: 6.795 Thread 0x00007ff8800bc4d0 Unloading class 0x0000000801009c00 'java/lang/invoke/LambdaForm$MH+0x0000000801009c00'
Event: 7.021 Thread 0x00007ff8800bc4d0 Unloading class 0x0000000801008000 'java/lang/invoke/LambdaForm$MH+0x0000000801008000'

Classes redefined (0 events):
No events

Internal exceptions (20 events):
Event: 3.560 Thread 0x00007ff88079c4e0 Exception <a 'java/lang/OutOfMemoryError'{0x00000000fc6a0c48}> (0x00000000fc6a0c48) 
thrown [./src/hotspot/share/gc/shared/memAllocator.cpp, line 136]
Event: 3.761 Thread 0x00007ff880015420 Exception <a 'java/lang/OutOfMemoryError'{0x00000000fc6a0c48}> (0x00000000fc6a0c48) 
thrown [./src/hotspot/share/gc/shared/memAllocator.cpp, line 136]
Event: 3.950 Thread 0x00007ff880015420 Exception <a 'java/lang/OutOfMemoryError'{0x00000000fc6a0f38}> (0x00000000fc6a0f38) 
thrown [./src/hotspot/share/gc/shared/memAllocator.cpp, line 136]
Event: 4.149 Thread 0x00007ff88079c4e0 Exception <a 'java/lang/OutOfMemoryError'{0x00000000fc6a0c60}> (0x00000000fc6a0c60) 
thrown [./src/hotspot/share/gc/shared/memAllocator.cpp, line 136]
Event: 4.343 Thread 0x00007ff880015420 Exception <a 'java/lang/OutOfMemoryError'{0x00000000fc6a0988}> (0x00000000fc6a0988) 
thrown [./src/hotspot/share/gc/shared/memAllocator.cpp, line 136]
Event: 4.628 Thread 0x00007ff880015420 Exception <a 'java/lang/OutOfMemoryError'{0x00000000fc6a0988}> (0x00000000fc6a0988) 
thrown [./src/hotspot/share/gc/shared/memAllocator.cpp, line 136]
Event: 4.717 Thread 0x00007ff88079c4e0 Exception <a 'java/lang/OutOfMemoryError'{0x00000000fc6a0988}> (0x00000000fc6a0988) 
thrown [./src/hotspot/share/gc/shared/memAllocator.cpp, line 136]
Event: 4.957 Thread 0x00007ff880015420 Exception <a 'java/lang/OutOfMemoryError'{0x00000000fc6a0988}> (0x00000000fc6a0988) 
thrown [./src/hotspot/share/gc/shared/memAllocator.cpp, line 136]
Event: 5.204 Thread 0x00007ff880015420 Exception <a 'java/lang/OutOfMemoryError'{0x00000000fc6a0988}> (0x00000000fc6a0988) 
thrown [./src/hotspot/share/gc/shared/memAllocator.cpp, line 136]
Event: 5.453 Thread 0x00007ff880015420 Exception <a 'java/lang/OutOfMemoryError'{0x00000000fc6a0988}> (0x00000000fc6a0988) 
thrown [./src/hotspot/share/gc/shared/memAllocator.cpp, line 136]
Event: 5.663 Thread 0x00007ff880015420 Exception <a 'java/lang/OutOfMemoryError'{0x00000000fc6a0988}> (0x00000000fc6a0988) 
thrown [./src/hotspot/share/gc/shared/memAllocator.cpp, line 136]
Event: 5.858 Thread 0x00007ff880015420 Exception <a 'java/lang/OutOfMemoryError'{0x00000000fc6a0988}> (0x00000000fc6a0988) 
thrown [./src/hotspot/share/gc/shared/memAllocator.cpp, line 136]
Event: 6.110 Thread 0x00007ff880015420 Exception <a 'java/lang/OutOfMemoryError'{0x00000000fc6a0988}> (0x00000000fc6a0988) 
thrown [./src/hotspot/share/gc/shared/memAllocator.cpp, line 136]
Event: 6.320 Thread 0x00007ff880015420 Exception <a 'java/lang/OutOfMemoryError'{0x00000000fc6a0988}> (0x00000000fc6a0988) 
thrown [./src/hotspot/share/gc/shared/memAllocator.cpp, line 136]
Event: 6.545 Thread 0x00007ff8800c6ce0 Exception <a 'java/lang/OutOfMemoryError'{0x00000000fc6a0988}> (0x00000000fc6a0988) 
thrown [./src/hotspot/share/gc/shared/memAllocator.cpp, line 136]
Event: 6.772 Thread 0x00007ff880015420 Exception <a 'java/lang/OutOfMemoryError'{0x00000000fc6a0988}> (0x00000000fc6a0988) 
thrown [./src/hotspot/share/gc/shared/memAllocator.cpp, line 136]
Event: 6.990 Thread 0x00007ff880015420 Exception <a 'java/lang/OutOfMemoryError'{0x00000000fc6a0988}> (0x00000000fc6a0988) 
thrown [./src/hotspot/share/gc/shared/memAllocator.cpp, line 136]
Event: 7.217 Thread 0x00007ff880015420 Exception <a 'java/lang/OutOfMemoryError'{0x00000000fc6a0988}> (0x00000000fc6a0988) 
thrown [./src/hotspot/share/gc/shared/memAllocator.cpp, line 136]
Event: 7.438 Thread 0x00007ff880015420 Exception <a 'java/lang/OutOfMemoryError'{0x00000000fc6a0988}> (0x00000000fc6a0988) 
thrown [./src/hotspot/share/gc/shared/memAllocator.cpp, line 136]
Event: 7.656 Thread 0x00007ff880015420 Exception <a 'java/lang/OutOfMemoryError'{0x00000000fc6a07e8}> (0x00000000fc6a07e8) 
thrown [./src/hotspot/share/gc/shared/memAllocator.cpp, line 136]

VM Operations (20 events):
Event: 6.660 Executing VM operation: G1CollectForAllocation done
Event: 6.661 Executing VM operation: G1CollectForAllocation
Event: 6.772 Executing VM operation: G1CollectForAllocation done
Event: 6.772 Executing VM operation: G1CollectForAllocation
Event: 6.881 Executing VM operation: G1CollectForAllocation done
Event: 6.881 Executing VM operation: G1CollectForAllocation
Event: 6.990 Executing VM operation: G1CollectForAllocation done
Event: 6.990 Executing VM operation: G1CollectForAllocation
Event: 7.120 Executing VM operation: G1CollectForAllocation done
Event: 7.120 Executing VM operation: G1CollectForAllocation
Event: 7.217 Executing VM operation: G1CollectForAllocation done
Event: 7.217 Executing VM operation: G1CollectForAllocation
Event: 7.326 Executing VM operation: G1CollectForAllocation done
Event: 7.326 Executing VM operation: G1CollectForAllocation
Event: 7.438 Executing VM operation: G1CollectForAllocation done
Event: 7.438 Executing VM operation: G1CollectForAllocation
Event: 7.546 Executing VM operation: G1CollectForAllocation done
Event: 7.546 Executing VM operation: G1CollectForAllocation
Event: 7.656 Executing VM operation: G1CollectForAllocation done
Event: 7.657 Executing VM operation: G1CollectForAllocation

Events (20 events):
Event: 0.164 Thread 0x00007ff8281a7ba0 Thread added: 0x00007ff8281a7ba0
Event: 0.164 Protecting memory [0x00007ff858cb7000,0x00007ff858cbb000] with protection modes 0
Event: 0.397 Thread 0x00007ff88079c4e0 Thread added: 0x00007ff88079c4e0
Event: 0.397 Protecting memory [0x00007ff858900000,0x00007ff858904000] with protection modes 0
Event: 0.602 Thread 0x00007ff8808aae80 Thread added: 0x00007ff8808aae80
Event: 0.602 Protecting memory [0x00007ff80fdfe000,0x00007ff80fe02000] with protection modes 0
Event: 0.606 Thread 0x00007ff8808abe20 Thread added: 0x00007ff8808abe20
Event: 0.606 Protecting memory [0x00007ff80fcfe000,0x00007ff80fd02000] with protection modes 0
Event: 0.705 Thread 0x00007ff8281a7ba0 Thread exited: 0x00007ff8281a7ba0
Event: 1.118 Thread 0x00007ff828236900 Thread added: 0x00007ff828236900
Event: 1.118 Protecting memory [0x00007ff858cb7000,0x00007ff858cbb000] with protection modes 0
Event: 1.173 Thread 0x00007ff834120480 Thread added: 0x00007ff834120480
Event: 1.173 Protecting memory [0x00007ff80fbfe000,0x00007ff80fc02000] with protection modes 0
Event: 1.900 Thread 0x00007ff834120480 Thread exited: 0x00007ff834120480
Event: 1.910 Thread 0x00007ff828236900 Thread exited: 0x00007ff828236900
Event: 4.717 Thread 0x00007ff88079c4e0 Thread exited: 0x00007ff88079c4e0
Event: 7.438 Thread 0x00007ff880015420 Thread exited: 0x00007ff880015420
Event: 7.438 Protecting memory [0x00007ff884eb2000,0x00007ff884eb6000] with protection modes 0
Event: 7.438 Thread 0x00007ff880015420 Thread added: 0x00007ff880015420
Event: 7.656 Thread 0x00007ff880015420 Thread exited: 0x00007ff880015420


Dynamic libraries:
fc000000-ffe00000 rw-p 00000000 00:00 0 
ffe00000-ffe77000 rw-p 00d0d000 103:06 5781804                           /usr/lib/jvm/java-19-openjdk-amd64/lib/server/classes.jsa
ffe77000-fff00000 rw-p 00000000 00:00 0 
fff00000-fff81000 rw-p 00c8c000 103:06 5781804                           /usr/lib/jvm/java-19-openjdk-amd64/lib/server/classes.jsa
fff81000-100000000 rw-p 00000000 00:00 0 
800000000-800472000 rw-p 00001000 103:06 5781804                         /usr/lib/jvm/java-19-openjdk-amd64/lib/server/classes.jsa
800472000-800c51000 r--p 00473000 103:06 5781804                         /usr/lib/jvm/java-19-openjdk-amd64/lib/server/classes.jsa
800c51000-801000000 ---p 00000000 00:00 0 
801000000-801040000 rw-p 00000000 00:00 0 
801040000-801080000 rw-p 00000000 00:00 0 
801080000-801130000 rw-p 00000000 00:00 0 
801130000-801140000 ---p 00000000 00:00 0 
801140000-801150000 rw-p 00000000 00:00 0 
801150000-841000000 ---p 00000000 00:00 0 
55e372212000-55e372213000 r--p 00000000 103:06 5259893                   /usr/lib/jvm/java-19-openjdk-amd64/bin/java
55e372213000-55e372214000 r-xp 00001000 103:06 5259893                   /usr/lib/jvm/java-19-openjdk-amd64/bin/java
55e372214000-55e372215000 r--p 00002000 103:06 5259893                   /usr/lib/jvm/java-19-openjdk-amd64/bin/java
55e372215000-55e372216000 r--p 00002000 103:06 5259893                   /usr/lib/jvm/java-19-openjdk-amd64/bin/java
55e372216000-55e372217000 rw-p 00003000 103:06 5259893                   /usr/lib/jvm/java-19-openjdk-amd64/bin/java
55e37223d000-55e372284000 rw-p 00000000 00:00 0                          [heap]
7ff7ec000000-7ff7ec021000 rw-p 00000000 00:00 0 
7ff7ec021000-7ff7f0000000 ---p 00000000 00:00 0 
7ff7f4000000-7ff7f426f000 rw-p 00000000 00:00 0 
7ff7f426f000-7ff7f8000000 ---p 00000000 00:00 0 
7ff7f8000000-7ff7f8021000 rw-p 00000000 00:00 0 
7ff7f8021000-7ff7fc000000 ---p 00000000 00:00 0 
7ff7fc000000-7ff7fc021000 rw-p 00000000 00:00 0 
7ff7fc021000-7ff800000000 ---p 00000000 00:00 0 
7ff800000000-7ff800021000 rw-p 00000000 00:00 0 
7ff800021000-7ff804000000 ---p 00000000 00:00 0 
7ff804000000-7ff804021000 rw-p 00000000 00:00 0 
7ff804021000-7ff808000000 ---p 00000000 00:00 0 
7ff808000000-7ff808021000 rw-p 00000000 00:00 0 
7ff808021000-7ff80c000000 ---p 00000000 00:00 0 
7ff80f8f8000-7ff80f8f9000 ---p 00000000 00:00 0 
7ff80f8f9000-7ff80f9fa000 rw-p 00000000 00:00 0 
7ff80f9fa000-7ff80f9fb000 ---p 00000000 00:00 0 
7ff80f9fb000-7ff80fafc000 rw-p 00000000 00:00 0 
7ff80fafc000-7ff80fafd000 ---p 00000000 00:00 0 
7ff80fafd000-7ff80fbfe000 rw-p 00000000 00:00 0 
7ff80fbfe000-7ff80fc02000 ---p 00000000 00:00 0 
7ff80fc02000-7ff80fcfe000 rw-p 00000000 00:00 0 
7ff80fcfe000-7ff80fd02000 ---p 00000000 00:00 0 
7ff80fd02000-7ff80fdfe000 rw-p 00000000 00:00 0 
7ff80fdfe000-7ff80fe02000 ---p 00000000 00:00 0 
7ff80fe02000-7ff80fefe000 rw-p 00000000 00:00 0 
7ff80fefe000-7ff80feff000 ---p 00000000 00:00 0 
7ff80feff000-7ff810000000 rw-p 00000000 00:00 0 
7ff810000000-7ff810031000 rw-p 00000000 00:00 0 
7ff810031000-7ff814000000 ---p 00000000 00:00 0 
7ff814000000-7ff814021000 rw-p 00000000 00:00 0 
7ff814021000-7ff818000000 ---p 00000000 00:00 0 
7ff818000000-7ff818021000 rw-p 00000000 00:00 0 
7ff818021000-7ff81c000000 ---p 00000000 00:00 0 
7ff81c000000-7ff81c241000 rw-p 00000000 00:00 0 
7ff81c241000-7ff820000000 ---p 00000000 00:00 0 
7ff820000000-7ff820021000 rw-p 00000000 00:00 0 
7ff820021000-7ff824000000 ---p 00000000 00:00 0 
7ff824000000-7ff824021000 rw-p 00000000 00:00 0 
7ff824021000-7ff828000000 ---p 00000000 00:00 0 
7ff828000000-7ff828243000 rw-p 00000000 00:00 0 
7ff828243000-7ff82c000000 ---p 00000000 00:00 0 
7ff82c000000-7ff82c021000 rw-p 00000000 00:00 0 
7ff82c021000-7ff830000000 ---p 00000000 00:00 0 
7ff830000000-7ff830021000 rw-p 00000000 00:00 0 
7ff830021000-7ff834000000 ---p 00000000 00:00 0 
7ff834000000-7ff834586000 rw-p 00000000 00:00 0 
7ff834586000-7ff838000000 ---p 00000000 00:00 0 
7ff838000000-7ff838021000 rw-p 00000000 00:00 0 
7ff838021000-7ff83c000000 ---p 00000000 00:00 0 
7ff83c000000-7ff83c021000 rw-p 00000000 00:00 0 
7ff83c021000-7ff840000000 ---p 00000000 00:00 0 
7ff840000000-7ff840021000 rw-p 00000000 00:00 0 
7ff840021000-7ff844000000 ---p 00000000 00:00 0 
7ff844000000-7ff844021000 rw-p 00000000 00:00 0 
7ff844021000-7ff848000000 ---p 00000000 00:00 0 
7ff848000000-7ff848c35000 rw-p 00000000 00:00 0 
7ff848c35000-7ff84c000000 ---p 00000000 00:00 0 
7ff84c000000-7ff84c021000 rw-p 00000000 00:00 0 
7ff84c021000-7ff850000000 ---p 00000000 00:00 0 
7ff850000000-7ff850340000 rw-p 00000000 00:00 0 
7ff850340000-7ff850400000 ---p 00000000 00:00 0 
7ff850400000-7ff8507f0000 rw-p 00000000 00:00 0 
7ff8507f0000-7ff854000000 ---p 00000000 00:00 0 
7ff854000000-7ff854021000 rw-p 00000000 00:00 0 
7ff854021000-7ff858000000 ---p 00000000 00:00 0 
7ff8580fe000-7ff8580ff000 ---p 00000000 00:00 0 
7ff8580ff000-7ff858200000 rw-p 00000000 00:00 0 
7ff858200000-7ff858203000 r-xp 00000000 103:06 8389386                   /home/kotb/.gradle/native/jansi/1.18/linux64/libjansi.so
7ff858203000-7ff858402000 ---p 00003000 103:06 8389386                   /home/kotb/.gradle/native/jansi/1.18/linux64/libjansi.so
7ff858402000-7ff858403000 rw-p 00002000 103:06 8389386                   /home/kotb/.gradle/native/jansi/1.18/linux64/libjansi.so
7ff8584fe000-7ff8584ff000 ---p 00000000 00:00 0 
7ff8584ff000-7ff858600000 rw-p 00000000 00:00 0 
7ff858600000-7ff858604000 r-xp 00000000 103:06 8404105                   /home/kotb/.gradle/native/68d5fa5c4cc2d200863cafc0d521ce42e7d3e7ee720ec0a83991735586a16f82/linux-amd64-ncurses6/libnative-platform-curses.so
7ff858604000-7ff858803000 ---p 00004000 103:06 8404105                   /home/kotb/.gradle/native/68d5fa5c4cc2d200863cafc0d521ce42e7d3e7ee720ec0a83991735586a16f82/linux-amd64-ncurses6/libnative-platform-curses.so
7ff858803000-7ff858804000 r--p 00003000 103:06 8404105                   /home/kotb/.gradle/native/68d5fa5c4cc2d200863cafc0d521ce42e7d3e7ee720ec0a83991735586a16f82/linux-amd64-ncurses6/libnative-platform-curses.so
7ff858804000-7ff858805000 rw-p 00004000 103:06 8404105                   /home/kotb/.gradle/native/68d5fa5c4cc2d200863cafc0d521ce42e7d3e7ee720ec0a83991735586a16f82/linux-amd64-ncurses6/libnative-platform-curses.so
7ff858900000-7ff858904000 ---p 00000000 00:00 0 
7ff858904000-7ff858a00000 rw-p 00000000 00:00 0 
7ff858a00000-7ff858a05000 r-xp 00000000 103:06 8404099                   /home/kotb/.gradle/native/68d5fa5c4cc2d200863cafc0d521ce42e7d3e7ee720ec0a83991735586a16f82/linux-amd64/libnative-platform.so
7ff858a05000-7ff858c05000 ---p 00005000 103:06 8404099                   /home/kotb/.gradle/native/68d5fa5c4cc2d200863cafc0d521ce42e7d3e7ee720ec0a83991735586a16f82/linux-amd64/libnative-platform.so
7ff858c05000-7ff858c06000 r--p 00005000 103:06 8404099                   /home/kotb/.gradle/native/68d5fa5c4cc2d200863cafc0d521ce42e7d3e7ee720ec0a83991735586a16f82/linux-amd64/libnative-platform.so
7ff858c06000-7ff858c07000 rw-p 00006000 103:06 8404099                   /home/kotb/.gradle/native/68d5fa5c4cc2d200863cafc0d521ce42e7d3e7ee720ec0a83991735586a16f82/linux-amd64/libnative-platform.so
7ff858c85000-7ff858c93000 r--p 00000000 103:06 4989332                   /usr/lib/x86_64-linux-gnu/libtinfo.so.6.3
7ff858c93000-7ff858ca4000 r-xp 0000e000 103:06 4989332                   /usr/lib/x86_64-linux-gnu/libtinfo.so.6.3
7ff858ca4000-7ff858cb2000 r--p 0001f000 103:06 4989332                   /usr/lib/x86_64-linux-gnu/libtinfo.so.6.3
7ff858cb2000-7ff858cb6000 r--p 0002c000 103:06 4989332                   /usr/lib/x86_64-linux-gnu/libtinfo.so.6.3
7ff858cb6000-7ff858cb7000 rw-p 00030000 103:06 4989332                   /usr/lib/x86_64-linux-gnu/libtinfo.so.6.3
7ff858cb7000-7ff858cbb000 ---p 00000000 00:00 0 
7ff858cbb000-7ff858db7000 rw-p 00000000 00:00 0 
7ff858db7000-7ff858dbb000 ---p 00000000 00:00 0 
7ff858dbb000-7ff858eb7000 rw-p 00000000 00:00 0 
7ff858eb7000-7ff858eb8000 ---p 00000000 00:00 0 
7ff858eb8000-7ff858fb9000 rw-p 00000000 00:00 0 
7ff858fb9000-7ff858fbd000 ---p 00000000 00:00 0 
7ff858fbd000-7ff8590b9000 rw-p 00000000 00:00 0 
7ff8590b9000-7ff8590bd000 ---p 00000000 00:00 0 
7ff8590bd000-7ff8591b9000 rw-p 00000000 00:00 0 
7ff8591b9000-7ff8591bd000 ---p 00000000 00:00 0 
7ff8591bd000-7ff8592b9000 rw-p 00000000 00:00 0 
7ff8592b9000-7ff8592bd000 ---p 00000000 00:00 0 
7ff8592bd000-7ff8593b9000 rw-p 00000000 00:00 0 
7ff8593b9000-7ff8593bd000 ---p 00000000 00:00 0 
7ff8593bd000-7ff8594b9000 rw-p 00000000 00:00 0 
7ff8594b9000-7ff8594bd000 ---p 00000000 00:00 0 
7ff8594bd000-7ff8595b9000 rw-p 00000000 00:00 0 
7ff8595b9000-7ff8595bd000 ---p 00000000 00:00 0 
7ff8595bd000-7ff8596b9000 rw-p 00000000 00:00 0 
7ff8596b9000-7ff8596bd000 ---p 00000000 00:00 0 
7ff8596bd000-7ff8597b9000 rw-p 00000000 00:00 0 
7ff8597b9000-7ff8597bd000 ---p 00000000 00:00 0 
7ff8597bd000-7ff8598b9000 rw-p 00000000 00:00 0 
7ff8598b9000-7ff859e2d000 r--p 00000000 103:06 4987288                   /usr/lib/locale/locale-archive
7ff859e2d000-7ff859e2e000 ---p 00000000 00:00 0 
7ff859e2e000-7ff859f2f000 rw-p 00000000 00:00 0 
7ff859f2f000-7ff859f34000 r--p 00000000 103:06 5379209                   /usr/lib/jvm/java-19-openjdk-amd64/lib/libjsvml.so
7ff859f34000-7ff859f75000 r-xp 00005000 103:06 5379209                   /usr/lib/jvm/java-19-openjdk-amd64/lib/libjsvml.so
7ff859f75000-7ff859ffe000 r--p 00046000 103:06 5379209                   /usr/lib/jvm/java-19-openjdk-amd64/lib/libjsvml.so
7ff859ffe000-7ff859fff000 r--p 000ce000 103:06 5379209                   /usr/lib/jvm/java-19-openjdk-amd64/lib/libjsvml.so
7ff859fff000-7ff85a000000 rw-p 000cf000 103:06 5379209                   /usr/lib/jvm/java-19-openjdk-amd64/lib/libjsvml.so
7ff85a000000-7ff85c000000 rw-p 00000000 00:00 0 
7ff85c000000-7ff85c021000 rw-p 00000000 00:00 0 
7ff85c021000-7ff860000000 ---p 00000000 00:00 0 
7ff860000000-7ff860021000 rw-p 00000000 00:00 0 
7ff860021000-7ff864000000 ---p 00000000 00:00 0 
7ff864000000-7ff864021000 rw-p 00000000 00:00 0 
7ff864021000-7ff868000000 ---p 00000000 00:00 0 
7ff868002000-7ff86800a000 r--p 00000000 103:06 4988899                   /usr/lib/x86_64-linux-gnu/libncursesw.so.6.3
7ff86800a000-7ff868033000 r-xp 00008000 103:06 4988899                   /usr/lib/x86_64-linux-gnu/libncursesw.so.6.3
7ff868033000-7ff86803b000 r--p 00031000 103:06 4988899                   /usr/lib/x86_64-linux-gnu/libncursesw.so.6.3
7ff86803b000-7ff86803c000 ---p 00039000 103:06 4988899                   /usr/lib/x86_64-linux-gnu/libncursesw.so.6.3
7ff86803c000-7ff86803d000 r--p 00039000 103:06 4988899                   /usr/lib/x86_64-linux-gnu/libncursesw.so.6.3
7ff86803d000-7ff86803e000 rw-p 0003a000 103:06 4988899                   /usr/lib/x86_64-linux-gnu/libncursesw.so.6.3
7ff868048000-7ff868049000 r--p 00000000 103:06 5379195                   /usr/lib/jvm/java-19-openjdk-amd64/lib/libextnet.so
7ff868049000-7ff86804a000 r-xp 00001000 103:06 5379195                   /usr/lib/jvm/java-19-openjdk-amd64/lib/libextnet.so
7ff86804a000-7ff86804b000 r--p 00002000 103:06 5379195                   /usr/lib/jvm/java-19-openjdk-amd64/lib/libextnet.so
7ff86804b000-7ff86804c000 r--p 00002000 103:06 5379195                   /usr/lib/jvm/java-19-openjdk-amd64/lib/libextnet.so
7ff86804c000-7ff86804d000 rw-p 00003000 103:06 5379195                   /usr/lib/jvm/java-19-openjdk-amd64/lib/libextnet.so
7ff86804d000-7ff86804f000 r--p 00000000 103:06 5379213                   /usr/lib/jvm/java-19-openjdk-amd64/lib/libmanagement_ext.so
7ff86804f000-7ff868052000 r-xp 00002000 103:06 5379213                   /usr/lib/jvm/java-19-openjdk-amd64/lib/libmanagement_ext.so
7ff868052000-7ff868053000 r--p 00005000 103:06 5379213                   /usr/lib/jvm/java-19-openjdk-amd64/lib/libmanagement_ext.so
7ff868053000-7ff868054000 ---p 00006000 103:06 5379213                   /usr/lib/jvm/java-19-openjdk-amd64/lib/libmanagement_ext.so
7ff868054000-7ff868055000 r--p 00006000 103:06 5379213                   /usr/lib/jvm/java-19-openjdk-amd64/lib/libmanagement_ext.so
7ff868055000-7ff868056000 rw-p 00007000 103:06 5379213                   /usr/lib/jvm/java-19-openjdk-amd64/lib/libmanagement_ext.so
7ff868056000-7ff868058000 r--p 00000000 103:06 5379211                   /usr/lib/jvm/java-19-openjdk-amd64/lib/libmanagement.so
7ff868058000-7ff868059000 r-xp 00002000 103:06 5379211                   /usr/lib/jvm/java-19-openjdk-amd64/lib/libmanagement.so
7ff868059000-7ff86805a000 r--p 00003000 103:06 5379211                   /usr/lib/jvm/java-19-openjdk-amd64/lib/libmanagement.so
7ff86805a000-7ff86805b000 r--p 00003000 103:06 5379211                   /usr/lib/jvm/java-19-openjdk-amd64/lib/libmanagement.so
7ff86805b000-7ff86805c000 rw-p 00004000 103:06 5379211                   /usr/lib/jvm/java-19-openjdk-amd64/lib/libmanagement.so
7ff86805c000-7ff868060000 r--p 00000000 103:06 5379222                   /usr/lib/jvm/java-19-openjdk-amd64/lib/libverify.so
7ff868060000-7ff868067000 r-xp 00004000 103:06 5379222                   /usr/lib/jvm/java-19-openjdk-amd64/lib/libverify.so
7ff868067000-7ff868069000 r--p 0000b000 103:06 5379222                   /usr/lib/jvm/java-19-openjdk-amd64/lib/libverify.so
7ff868069000-7ff86806b000 r--p 0000c000 103:06 5379222                   /usr/lib/jvm/java-19-openjdk-amd64/lib/libverify.so
7ff86806b000-7ff86806c000 rw-p 0000e000 103:06 5379222                   /usr/lib/jvm/java-19-openjdk-amd64/lib/libverify.so
7ff86806c000-7ff8681ba000 rw-p 00000000 00:00 0 
7ff8681ba000-7ff8681bb000 ---p 00000000 00:00 0 
7ff8681bb000-7ff8682bc000 rw-p 00000000 00:00 0 
7ff8682bc000-7ff8682bd000 ---p 00000000 00:00 0 
7ff8682bd000-7ff868bc6000 rw-p 00000000 00:00 0 
7ff868bc6000-7ff868bc7000 ---p 00000000 00:00 0 
7ff868bc7000-7ff868cc8000 rw-p 00000000 00:00 0 
7ff868cc8000-7ff868f58000 rwxp 00000000 00:00 0 
7ff868f58000-7ff8701ff000 ---p 00000000 00:00 0 
7ff8701ff000-7ff87046f000 rwxp 00000000 00:00 0 
7ff87046f000-7ff870791000 ---p 00000000 00:00 0 
7ff870791000-7ff870a01000 rwxp 00000000 00:00 0 
7ff870a01000-7ff877cc8000 ---p 00000000 00:00 0 
7ff877cc8000-7ff880000000 r--s 00000000 103:06 5379224                   /usr/lib/jvm/java-19-openjdk-amd64/lib/modules
7ff880000000-7ff8808e5000 rw-p 00000000 00:00 0 
7ff8808e5000-7ff884000000 ---p 00000000 00:00 0 
7ff884003000-7ff884004000 r--p 00000000 103:06 4989404                   /usr/lib/x86_64-linux-gnu/libutil.so.1
7ff884004000-7ff884005000 r-xp 00001000 103:06 4989404                   /usr/lib/x86_64-linux-gnu/libutil.so.1
7ff884005000-7ff884006000 r--p 00002000 103:06 4989404                   /usr/lib/x86_64-linux-gnu/libutil.so.1
7ff884006000-7ff884007000 r--p 00002000 103:06 4989404                   /usr/lib/x86_64-linux-gnu/libutil.so.1
7ff884007000-7ff884008000 rw-p 00003000 103:06 4989404                   /usr/lib/x86_64-linux-gnu/libutil.so.1
7ff884008000-7ff88400f000 r--s 00000000 103:06 5767902                   /usr/lib/x86_64-linux-gnu/gconv/gconv-modules.cache
7ff88400f000-7ff884012000 r--p 00000000 103:06 5379215                   /usr/lib/jvm/java-19-openjdk-amd64/lib/libnet.so
7ff884012000-7ff88401a000 r-xp 00003000 103:06 5379215                   /usr/lib/jvm/java-19-openjdk-amd64/lib/libnet.so
7ff88401a000-7ff88401c000 r--p 0000b000 103:06 5379215                   /usr/lib/jvm/java-19-openjdk-amd64/lib/libnet.so
7ff88401c000-7ff88401d000 ---p 0000d000 103:06 5379215                   /usr/lib/jvm/java-19-openjdk-amd64/lib/libnet.so
7ff88401d000-7ff88401e000 r--p 0000d000 103:06 5379215                   /usr/lib/jvm/java-19-openjdk-amd64/lib/libnet.so
7ff88401e000-7ff88401f000 rw-p 0000e000 103:06 5379215                   /usr/lib/jvm/java-19-openjdk-amd64/lib/libnet.so
7ff88401f000-7ff884026000 r--p 00000000 103:06 5379216                   /usr/lib/jvm/java-19-openjdk-amd64/lib/libnio.so
7ff884026000-7ff88402f000 r-xp 00007000 103:06 5379216                   /usr/lib/jvm/java-19-openjdk-amd64/lib/libnio.so
7ff88402f000-7ff884034000 r--p 00010000 103:06 5379216                   /usr/lib/jvm/java-19-openjdk-amd64/lib/libnio.so
7ff884034000-7ff884035000 r--p 00014000 103:06 5379216                   /usr/lib/jvm/java-19-openjdk-amd64/lib/libnio.so
7ff884035000-7ff884036000 rw-p 00015000 103:06 5379216                   /usr/lib/jvm/java-19-openjdk-amd64/lib/libnio.so
7ff884036000-7ff884037000 ---p 00000000 00:00 0 
7ff884037000-7ff884138000 rw-p 00000000 00:00 0 
7ff884138000-7ff884139000 ---p 00000000 00:00 0 
7ff884139000-7ff88445f000 rw-p 00000000 00:00 0 
7ff88445f000-7ff884cac000 rw-p 00000000 00:00 0 
7ff884cac000-7ff884d92000 ---p 00000000 00:00 0 
7ff884d92000-7ff884d98000 rw-p 00000000 00:00 0 
7ff884d98000-7ff884e7d000 ---p 00000000 00:00 0 
7ff884e7d000-7ff884e82000 rw-p 00000000 00:00 0 
7ff884e82000-7ff884e89000 ---p 00000000 00:00 0 
7ff884e89000-7ff884e96000 r--p 00000000 103:06 5379202                   /usr/lib/jvm/java-19-openjdk-amd64/lib/libjava.so
7ff884e96000-7ff884ea9000 r-xp 0000d000 103:06 5379202                   /usr/lib/jvm/java-19-openjdk-amd64/lib/libjava.so
7ff884ea9000-7ff884eaf000 r--p 00020000 103:06 5379202                   /usr/lib/jvm/java-19-openjdk-amd64/lib/libjava.so
7ff884eaf000-7ff884eb0000 r--p 00025000 103:06 5379202                   /usr/lib/jvm/java-19-openjdk-amd64/lib/libjava.so
7ff884eb0000-7ff884eb1000 rw-p 00026000 103:06 5379202                   /usr/lib/jvm/java-19-openjdk-amd64/lib/libjava.so
7ff884eb1000-7ff884eb2000 rw-p 00000000 00:00 0 
7ff884eb2000-7ff884eb6000 ---p 00000000 00:00 0 
7ff884eb6000-7ff884fb2000 rw-p 00000000 00:00 0 
7ff884fb2000-7ff884fb5000 r--p 00000000 103:06 4988466                   /usr/lib/x86_64-linux-gnu/libgcc_s.so.1
7ff884fb5000-7ff884fcc000 r-xp 00003000 103:06 4988466                   /usr/lib/x86_64-linux-gnu/libgcc_s.so.1
7ff884fcc000-7ff884fd0000 r--p 0001a000 103:06 4988466                   /usr/lib/x86_64-linux-gnu/libgcc_s.so.1
7ff884fd0000-7ff884fd1000 r--p 0001d000 103:06 4988466                   /usr/lib/x86_64-linux-gnu/libgcc_s.so.1
7ff884fd1000-7ff884fd2000 rw-p 0001e000 103:06 4988466                   /usr/lib/x86_64-linux-gnu/libgcc_s.so.1
7ff884fd2000-7ff884fe0000 r--p 00000000 103:06 4988809                   /usr/lib/x86_64-linux-gnu/libm.so.6
7ff884fe0000-7ff88505c000 r-xp 0000e000 103:06 4988809                   /usr/lib/x86_64-linux-gnu/libm.so.6
7ff88505c000-7ff8850b7000 r--p 0008a000 103:06 4988809                   /usr/lib/x86_64-linux-gnu/libm.so.6
7ff8850b7000-7ff8850b8000 r--p 000e4000 103:06 4988809                   /usr/lib/x86_64-linux-gnu/libm.so.6
7ff8850b8000-7ff8850b9000 rw-p 000e5000 103:06 4988809                   /usr/lib/x86_64-linux-gnu/libm.so.6
7ff8850b9000-7ff885153000 r--p 00000000 103:06 4989289                   /usr/lib/x86_64-linux-gnu/libstdc++.so.6.0.30
7ff885153000-7ff885263000 r-xp 0009a000 103:06 4989289                   /usr/lib/x86_64-linux-gnu/libstdc++.so.6.0.30
7ff885263000-7ff8852d2000 r--p 001aa000 103:06 4989289                   /usr/lib/x86_64-linux-gnu/libstdc++.so.6.0.30
7ff8852d2000-7ff8852dd000 r--p 00218000 103:06 4989289                   /usr/lib/x86_64-linux-gnu/libstdc++.so.6.0.30
7ff8852dd000-7ff8852e0000 rw-p 00223000 103:06 4989289                   /usr/lib/x86_64-linux-gnu/libstdc++.so.6.0.30
7ff8852e0000-7ff8852e3000 rw-p 00000000 00:00 0 
7ff8852e3000-7ff885556000 r--p 00000000 103:06 5781807                   /usr/lib/jvm/java-19-openjdk-amd64/lib/server/libjvm.so
7ff885556000-7ff8863ab000 r-xp 00273000 103:06 5781807                   /usr/lib/jvm/java-19-openjdk-amd64/lib/server/libjvm.so
7ff8863ab000-7ff886576000 r--p 010c8000 103:06 5781807                   /usr/lib/jvm/java-19-openjdk-amd64/lib/server/libjvm.so
7ff886576000-7ff886641000 r--p 01292000 103:06 5781807                   /usr/lib/jvm/java-19-openjdk-amd64/lib/server/libjvm.so
7ff886641000-7ff88666e000 rw-p 0135d000 103:06 5781807                   /usr/lib/jvm/java-19-openjdk-amd64/lib/server/libjvm.so
7ff88666e000-7ff8866cd000 rw-p 00000000 00:00 0 
7ff8866cd000-7ff8866cf000 r--p 00000000 103:06 4989583                   /usr/lib/x86_64-linux-gnu/libz.so.1.2.11
7ff8866cf000-7ff8866e0000 r-xp 00002000 103:06 4989583                   /usr/lib/x86_64-linux-gnu/libz.so.1.2.11
7ff8866e0000-7ff8866e6000 r--p 00013000 103:06 4989583                   /usr/lib/x86_64-linux-gnu/libz.so.1.2.11
7ff8866e6000-7ff8866e7000 ---p 00019000 103:06 4989583                   /usr/lib/x86_64-linux-gnu/libz.so.1.2.11
7ff8866e7000-7ff8866e8000 r--p 00019000 103:06 4989583                   /usr/lib/x86_64-linux-gnu/libz.so.1.2.11
7ff8866e8000-7ff8866e9000 rw-p 0001a000 103:06 4989583                   /usr/lib/x86_64-linux-gnu/libz.so.1.2.11
7ff8866e9000-7ff886711000 r--p 00000000 103:06 4988112                   /usr/lib/x86_64-linux-gnu/libc.so.6
7ff886711000-7ff8868a6000 r-xp 00028000 103:06 4988112                   /usr/lib/x86_64-linux-gnu/libc.so.6
7ff8868a6000-7ff8868fe000 r--p 001bd000 103:06 4988112                   /usr/lib/x86_64-linux-gnu/libc.so.6
7ff8868fe000-7ff886902000 r--p 00214000 103:06 4988112                   /usr/lib/x86_64-linux-gnu/libc.so.6
7ff886902000-7ff886904000 rw-p 00218000 103:06 4988112                   /usr/lib/x86_64-linux-gnu/libc.so.6
7ff886904000-7ff886911000 rw-p 00000000 00:00 0 
7ff886912000-7ff886914000 r--s 0000c000 103:06 5905629                   /usr/share/java/java-atk-wrapper.jar
7ff886914000-7ff886916000 r--p 00000000 103:06 5379223                   /usr/lib/jvm/java-19-openjdk-amd64/lib/libzip.so
7ff886916000-7ff88691a000 r-xp 00002000 103:06 5379223                   /usr/lib/jvm/java-19-openjdk-amd64/lib/libzip.so
7ff88691a000-7ff88691c000 r--p 00006000 103:06 5379223                   /usr/lib/jvm/java-19-openjdk-amd64/lib/libzip.so
7ff88691c000-7ff88691d000 r--p 00007000 103:06 5379223                   /usr/lib/jvm/java-19-openjdk-amd64/lib/libzip.so
7ff88691d000-7ff88691e000 rw-p 00008000 103:06 5379223                   /usr/lib/jvm/java-19-openjdk-amd64/lib/libzip.so
7ff88691e000-7ff886926000 rw-s 00000000 103:06 1056629                   /tmp/hsperfdata_kotb/50736
7ff886926000-7ff886927000 ---p 00000000 00:00 0 
7ff886927000-7ff886928000 r--p 00000000 00:00 0 
7ff886928000-7ff88692a000 r--p 00000000 103:06 5379205                   /usr/lib/jvm/java-19-openjdk-amd64/lib/libjimage.so
7ff88692a000-7ff88692c000 r-xp 00002000 103:06 5379205                   /usr/lib/jvm/java-19-openjdk-amd64/lib/libjimage.so
7ff88692c000-7ff88692d000 r--p 00004000 103:06 5379205                   /usr/lib/jvm/java-19-openjdk-amd64/lib/libjimage.so
7ff88692d000-7ff88692e000 r--p 00004000 103:06 5379205                   /usr/lib/jvm/java-19-openjdk-amd64/lib/libjimage.so
7ff88692e000-7ff88692f000 rw-p 00005000 103:06 5379205                   /usr/lib/jvm/java-19-openjdk-amd64/lib/libjimage.so
7ff88692f000-7ff886931000 r--p 00000000 103:06 5379206                   /usr/lib/jvm/java-19-openjdk-amd64/lib/libjli.so
7ff886931000-7ff88693b000 r-xp 00002000 103:06 5379206                   /usr/lib/jvm/java-19-openjdk-amd64/lib/libjli.so
7ff88693b000-7ff88693e000 r--p 0000c000 103:06 5379206                   /usr/lib/jvm/java-19-openjdk-amd64/lib/libjli.so
7ff88693e000-7ff88693f000 r--p 0000e000 103:06 5379206                   /usr/lib/jvm/java-19-openjdk-amd64/lib/libjli.so
7ff88693f000-7ff886940000 rw-p 0000f000 103:06 5379206                   /usr/lib/jvm/java-19-openjdk-amd64/lib/libjli.so
7ff886940000-7ff886942000 rw-p 00000000 00:00 0 
7ff886942000-7ff886944000 r--p 00000000 103:06 4987721                   /usr/lib/x86_64-linux-gnu/ld-linux-x86-64.so.2
7ff886944000-7ff88696e000 r-xp 00002000 103:06 4987721                   /usr/lib/x86_64-linux-gnu/ld-linux-x86-64.so.2
7ff88696e000-7ff886979000 r--p 0002c000 103:06 4987721                   /usr/lib/x86_64-linux-gnu/ld-linux-x86-64.so.2
7ff886979000-7ff88697a000 ---p 00000000 00:00 0 
7ff88697a000-7ff88697c000 r--p 00037000 103:06 4987721                   /usr/lib/x86_64-linux-gnu/ld-linux-x86-64.so.2
7ff88697c000-7ff88697e000 rw-p 00039000 103:06 4987721                   /usr/lib/x86_64-linux-gnu/ld-linux-x86-64.so.2
7ffdd0016000-7ffdd0038000 rw-p 00000000 00:00 0                          [stack]
7ffdd01c0000-7ffdd01c4000 r--p 00000000 00:00 0                          [vvar]
7ffdd01c4000-7ffdd01c6000 r-xp 00000000 00:00 0                          [vdso]
ffffffffff600000-ffffffffff601000 --xp 00000000 00:00 0                  [vsyscall]


VM Arguments:
jvm_args: -Xmx64m -Xms64m -Dorg.gradle.appname=gradlew 
java_command: org.gradle.wrapper.GradleWrapperMain run
java_class_path (initial): /home/kotb/code/projects/Bitcask4j/gradle/wrapper/gradle-wrapper.jar
Launcher Type: SUN_STANDARD

[Global flags]
     intx CICompilerCount                          = 4                                         {product} {ergonomic}
     uint ConcGCThreads                            = 2                                         {product} {ergonomic}
     uint G1ConcRefinementThreads                  = 8                                         {product} {ergonomic}
   size_t G1HeapRegionSize                         = 1048576                                   {product} {ergonomic}
    uintx GCDrainStackTargetSize                   = 64                                        {product} {ergonomic}
   size_t InitialHeapSize                          = 67108864                                  {product} {command line}
   size_t MarkStackSize                            = 4194304                                   {product} {ergonomic}
   size_t MaxHeapSize                              = 67108864                                  {product} {command line}
   size_t MaxNewSize                               = 39845888                                  {product} {ergonomic}
   size_t MinHeapDeltaBytes                        = 1048576                                   {product} {ergonomic}
   size_t MinHeapSize                              = 67108864                                  {product} {command line}
    uintx NonNMethodCodeHeapSize                   = 5839372                                {pd product} {ergonomic}
    uintx NonProfiledCodeHeapSize                  = 122909434                              {pd product} {ergonomic}
    uintx ProfiledCodeHeapSize                     = 122909434                              {pd product} {ergonomic}
    uintx ReservedCodeCacheSize                    = 251658240                              {pd product} {ergonomic}
     bool SegmentedCodeCache                       = true                                      {product} {ergonomic}
   size_t SoftMaxHeapSize                          = 67108864                               {manageable} {ergonomic}
     bool UseCompressedClassPointers               = true                           {product lp64_product} {ergonomic}
     bool UseCompressedOops                        = true                           {product lp64_product} {ergonomic}
     bool UseG1GC                                  = true                                      {product} {ergonomic}

Logging:
Log output configuration:
 #0: stdout all=warning uptime,level,tags foldmultilines=false
 #1: stderr all=off uptime,level,tags foldmultilines=false

Environment Variables:
JAVA_HOME=/usr/lib/jvm/java-19-openjdk-amd64
PATH=/home/kotb/.sdkman/candidates/gradle/current/bin:/home/kotb/.cargo/bin:/home/kotb/.local/bin:/usr/lib/jvm/java-19-openjdk-amd64/bin:/usr/local/sbin:/usr/local/bin:/usr/sbin:/usr/bin:/sbin:/bin:/usr/games:/usr/local/games:/snap/bin:/home/kotb/.local/share/coursier/bin:/home/kotb/.cargo/bin/neovide:~/.local/share/coursier/bin/
SHELL=/bin/bash
DISPLAY=:0
LANG=en_US.UTF-8
LC_NUMERIC=en_US.UTF-8
LC_TIME=en_US.UTF-8
TERM=xterm-256color

Active Locale:
LC_ALL=en_US.UTF-8
LC_COLLATE=en_US.UTF-8
LC_CTYPE=en_US.UTF-8
LC_MESSAGES=en_US.UTF-8
LC_MONETARY=en_US.UTF-8
LC_NUMERIC=en_US.UTF-8
LC_TIME=en_US.UTF-8

Signal Handlers:
   SIGSEGV: 0x00007ff8860ee900 in libjvm.so+14727424, mask=11100100010111111101111111111110, flags=SA_RESTART|SA_SIGINFO
    SIGBUS: 0x00007ff8860ee900 in libjvm.so+14727424, mask=11100100010111111101111111111110, flags=SA_RESTART|SA_SIGINFO
    SIGFPE: 0x00007ff8860ee900 in libjvm.so+14727424, mask=11100100010111111101111111111110, flags=SA_RESTART|SA_SIGINFO
   SIGPIPE: 0x00007ff885fd6f50 in libjvm.so+13582160, mask=11100100010111111101111111111110, flags=SA_RESTART|SA_SIGINFO
   SIGXFSZ: 0x00007ff885fd6f50 in libjvm.so+13582160, mask=11100100010111111101111111111110, flags=SA_RESTART|SA_SIGINFO
    SIGILL: 0x00007ff8860ee900 in libjvm.so+14727424, mask=11100100010111111101111111111110, flags=SA_RESTART|SA_SIGINFO
   SIGUSR2: 0x00007ff885fd07c0 in libjvm.so+13555648, mask=00000000000000000000000000000000, flags=SA_RESTART|SA_SIGINFO
    SIGHUP: 0x00007ff885fd06e0 in libjvm.so+13555424, mask=11100100010111111101111111111110, flags=SA_RESTART|SA_SIGINFO
    SIGINT: 0x00007ff885fd06e0 in libjvm.so+13555424, mask=11100100010111111101111111111110, flags=SA_RESTART|SA_SIGINFO
   SIGTERM: 0x00007ff885fd06e0 in libjvm.so+13555424, mask=11100100010111111101111111111110, flags=SA_RESTART|SA_SIGINFO
   SIGQUIT: 0x00007ff885fd06e0 in libjvm.so+13555424, mask=11100100010111111101111111111110, flags=SA_RESTART|SA_SIGINFO
   SIGTRAP: 0x00007ff8860ee900 in libjvm.so+14727424, mask=11100100010111111101111111111110, flags=SA_RESTART|SA_SIGINFO


---------------  S Y S T E M  ---------------

OS:
DISTRIB_ID=LinuxMint
DISTRIB_RELEASE=21.1
DISTRIB_CODENAME=vera
DISTRIB_DESCRIPTION="Linux Mint 21.1 Vera"
uname: Linux 5.15.0-71-generic #78-Ubuntu SMP Tue Apr 18 09:00:29 UTC 2023 x86_64
OS uptime: 0 days 10:01 hours
libc: glibc 2.35 NPTL 2.35 
rlimit (soft/hard): STACK 8192k/infinity , CORE 0k/infinity , NPROC 54773/54773 , NOFILE 1048576/1048576 , AS infinity/infinity , CPU infinity/infinity , DATA infinity/infinity , FSIZE infinity/infinity , MEMLOCK 1781512k/1781512k
load average: 2.74 1.88 1.05

/proc/meminfo:
MemTotal:       14252108 kB
MemFree:         3389536 kB
MemAvailable:    7921060 kB
Buffers:          320160 kB
Cached:          4509512 kB
SwapCached:            0 kB
Active:          1986600 kB
Inactive:        8024408 kB
Active(anon):       3080 kB
Inactive(anon):  5354404 kB
Active(file):    1983520 kB
Inactive(file):  2670004 kB
Unevictable:         144 kB
Mlocked:             144 kB
SwapTotal:       2097148 kB
SwapFree:        2097148 kB
Dirty:             10596 kB
Writeback:             0 kB
AnonPages:       5181568 kB
Mapped:          1168244 kB
Shmem:            183472 kB
KReclaimable:     207348 kB
Slab:             376004 kB
SReclaimable:     207348 kB
SUnreclaim:       168656 kB
KernelStack:       20432 kB
PageTables:        53824 kB
NFS_Unstable:          0 kB
Bounce:                0 kB
WritebackTmp:          0 kB
CommitLimit:     9223200 kB
Committed_AS:   14083044 kB
VmallocTotal:   34359738367 kB
VmallocUsed:      147704 kB
VmallocChunk:          0 kB
Percpu:            16512 kB
HardwareCorrupted:     0 kB
AnonHugePages:         0 kB
ShmemHugePages:        0 kB
ShmemPmdMapped:        0 kB
FileHugePages:         0 kB
FilePmdMapped:         0 kB
HugePages_Total:       0
HugePages_Free:        0
HugePages_Rsvd:        0
HugePages_Surp:        0
Hugepagesize:       2048 kB
Hugetlb:               0 kB
DirectMap4k:      642680 kB
DirectMap2M:     8730624 kB
DirectMap1G:     5242880 kB

/sys/kernel/mm/transparent_hugepage/enabled: always [madvise] never
/sys/kernel/mm/transparent_hugepage/defrag (defrag/compaction efforts parameter): always defer defer+madvise [madvise] never

Process Memory:
Virtual Size: 3536352K (peak: 3600856K)
Resident Set Size: 133044K (peak: 133164K) (anon: 103188K, file: 29856K, shmem: 0K)
Swapped out: 0K
C-Heap outstanding allocations: 34028K, retained: 19543K
glibc malloc tunables: (default)

/proc/sys/kernel/threads-max (system-wide limit on the number of threads): 109547
/proc/sys/vm/max_map_count (maximum number of memory map areas a process may have): 65530
/proc/sys/kernel/pid_max (system-wide limit on number of process identifiers): 4194304

container (cgroup) information:
container_type: cgroupv2
cpu_cpuset_cpus: not supported
cpu_memory_nodes: not supported
active_processor_count: 8
cpu_quota: not supported
cpu_period: not supported
cpu_shares: not supported
memory_limit_in_bytes: unlimited
memory_and_swap_limit_in_bytes: unlimited
memory_soft_limit_in_bytes: unlimited
memory_usage_in_bytes: 3760944 k
memory_max_usage_in_bytes: not supported
maximum number of tasks: 16432
current number of tasks: 321

Steal ticks since vm start: 0
Steal ticks percentage since vm start:  0.000

CPU: total 8 (initial active 8) (8 cores per cpu, 2 threads per core) family 23 model 24 stepping 1 microcode 0x8108102, cx8, cmov, fxsr, ht, mmx, 3dnowpref, sse, sse2, sse3, ssse3, sse4a, sse4.1, sse4.2, popcnt, lzcnt, tsc, tscinvbit, avx, avx2, aes, clmul, bmi1, bmi2, adx, sha, fma, vzeroupper, clflush, clflushopt, rdtscp
CPU Model and flags from /proc/cpuinfo:
model name	: AMD Ryzen 7 3750H with Radeon Vega Mobile Gfx
flags		: fpu vme de pse tsc msr pae mce cx8 apic sep mtrr pge mca cmov pat pse36 clflush mmx fxsr sse sse2 ht syscall nx mmxext fxsr_opt pdpe1gb rdtscp lm constant_tsc rep_good nopl nonstop_tsc cpuid extd_apicid aperfmperf rapl pni pclmulqdq monitor ssse3 fma cx16 sse4_1 sse4_2 movbe popcnt aes xsave avx f16c rdrand lahf_lm cmp_legacy svm extapic cr8_legacy abm sse4a misalignsse 3dnowprefetch osvw skinit wdt tce topoext perfctr_core perfctr_nb bpext perfctr_llc mwaitx cpb hw_pstate ssbd ibpb vmmcall fsgsbase bmi1 avx2 smep bmi2 rdseed adx smap clflushopt sha_ni xsaveopt xsavec xgetbv1 xsaves clzero irperf xsaveerptr arat npt lbrv svm_lock nrip_save tsc_scale vmcb_clean flushbyasid decodeassists pausefilter pfthreshold avic v_vmsave_vmload vgif overflow_recov succor smca sme sev sev_es

Online cpus: 0-7
Offline cpus: 8-15
BIOS frequency limitation: 2300000
Frequency switch latency (ns): 0
Available cpu frequencies: 2300000 1700000 1400000 
Current governor: ondemand
Core performance/turbo boost: 1

Memory: 4k page, physical 14252108k(3389536k free), swap 2097148k(2097148k free)
Page Sizes: 4k

vm_info: OpenJDK 64-Bit Server VM (19.0.2+7-Ubuntu-0ubuntu322.04) for linux-amd64 JRE (19.0.2+7-Ubuntu-0ubuntu322.04), built on 2023-02-19T21:39:48Z by "buildd" with gcc 11.3.0

END.
