#
# A fatal error has been detected by the Java Runtime Environment:
#
#  SIGSEGV (0xb) at pc=0x00007fe464249d2f, pid=50539, tid=50539
#
# JRE version: OpenJDK Runtime Environment (19.0.2+7) (build 19.0.2+7-Ubuntu-0ubuntu322.04)
# Java VM: OpenJDK 64-Bit Server VM (19.0.2+7-Ubuntu-0ubuntu322.04, mixed mode, sharing, tiered, compressed oops, compressed class ptrs, g1 gc, linux-amd64)
# Problematic frame:
# V  [libjvm.so+0xdbcd2f]
#
# Core dump will be written. Default location: Core dumps may be processed with "/lib/systemd/systemd-coredump %P %u %g %s %t 9223372036854775808 %h" (or dumping to /home/kotb/code/projects/Bitcask4j/core.50539)
#
# If you would like to submit a bug report, please visit:
#   Unknown
#

---------------  S U M M A R Y ------------

Command Line: -Xmx64m -Xms64m -Dorg.gradle.appname=gradlew org.gradle.wrapper.GradleWrapperMain run

Host: AMD Ryzen 7 3750H with Radeon Vega Mobile Gfx, 8 cores, 13G, Linux Mint 21.1 Vera
Time: Sun May 21 23:55:56 2023 EEST elapsed time: 7.709576 seconds (0d 0h 0m 7s)

---------------  T H R E A D  ---------------

Current thread is native thread

Stack: [0x00007ffcbd489000,0x00007ffcbdc87000],  sp=0x00007ffcbdc86cf8,  free space=8183k
Native frames: (J=compiled Java code, j=interpreted, Vv=VM code, C=native code)
V  [libjvm.so+0xdbcd2f]
V  [libjvm.so+0x802741]


siginfo: si_signo: 11 (SIGSEGV), si_code: 1 (SEGV_MAPERR), si_addr: 0x00000000000000c8

Registers:
RAX=0x0000000000000000, RBX=0x00000000000005ba, RCX=0x00007fe464aacc80, RDX=0x000000000000004c
RSP=0x00007ffcbdc86cf8, RBP=0x00007ffcbdc86da0, RSI=0x00007ffcbdc86d28, RDI=0x00007ffcbdc86d28
R8 =0x0000000000000000, R9 =0x000055c8e3479b80, R10=0x00007fe464aad0e0, R11=0x00007fe464aacce0
R12=0x0000000000000001, R13=0x0000000000000000, R14=0x00007fe464841960, R15=0x000055c8e3478eb0
RIP=0x00007fe464249d2f, EFLAGS=0x0000000000010202, CSGSFS=0x002b000000000033, ERR=0x0000000000000004
  TRAPNO=0x000000000000000e


Top of Stack: (sp=0x00007ffcbdc86cf8)
0x00007ffcbdc86cf8:   00007fe463cc477a 00007fe464aacce0
0x00007ffcbdc86d08:   00007ffcbdc86d28 0000000200000000
0x00007ffcbdc86d18:   0000000000000004 00007ffcbdc88056
0x00007ffcbdc86d28:   0000000000000000 0000000000000000 

Instructions: (pc=0x00007fe464249d2f)
0x00007fe464249c2f:   38 ff ff ff 48 8d 3d e6 2b 60 00 48 8d 85 50 ff
0x00007fe464249c3f:   ff ff c7 85 30 ff ff ff 08 00 00 00 c7 85 34 ff
0x00007fe464249c4f:   ff ff 30 00 00 00 48 89 85 40 ff ff ff e8 ff 5e
0x00007fe464249c5f:   2b 00 c9 c3 90 66 66 2e 0f 1f 84 00 00 00 00 00
0x00007fe464249c6f:   90 f3 0f 1e fa 48 85 f6 0f 84 93 00 00 00 48 8b
0x00007fe464249c7f:   96 c0 00 00 00 48 85 d2 0f 84 83 00 00 00 f6 c2
0x00007fe464249c8f:   01 75 7e 4c 8b 42 10 49 8b 08 48 85 c9 74 72 55
0x00007fe464249c9f:   b8 01 00 00 00 48 89 e5 41 54 48 83 ec 18 4c 8b
0x00007fe464249caf:   67 08 49 39 cc 74 1a 3b 42 04 73 0e 89 c1 83 c0
0x00007fe464249cbf:   01 49 8b 0c c8 48 85 c9 75 e8 4c 8b 65 f8 c9 c3
0x00007fe464249ccf:   90 48 83 3d 80 2b 60 00 00 48 89 75 e8 74 eb bf
0x00007fe464249cdf:   ba 00 00 00 31 c0 e8 b6 64 4b ff 48 8b 55 e8 4c
0x00007fe464249cef:   89 e1 4c 8b 65 f8 c9 4c 63 c0 48 8d 3d b0 6e 3a
0x00007fe464249cff:   00 31 c0 4c 89 c6 e9 b6 fe ff ff 66 0f 1f 44 00
0x00007fe464249d0f:   00 c3 90 66 66 2e 0f 1f 84 00 00 00 00 00 0f 1f
0x00007fe464249d1f:   00 f3 0f 1e fa 48 8b 47 08 c6 47 19 01 48 89 fe
0x00007fe464249d2f:   48 8b 90 c8 00 00 00 48 89 17 48 89 b8 c8 00 00
0x00007fe464249d3f:   00 48 8b 47 08 48 8b 80 c0 00 00 00 48 85 c0 48
0x00007fe464249d4f:   8b 07 0f 84 f9 00 00 00 55 48 89 e5 41 54 48 83
0x00007fe464249d5f:   ec 08 80 3d 9a 1a 5d 00 00 48 8b 50 10 74 0e 48
0x00007fe464249d6f:   8b 46 08 83 80 d0 00 00 00 01 48 8b 06 80 78 18
0x00007fe464249d7f:   00 75 15 48 83 c2 18 b8 01 00 00 00 f0 48 0f c1
0x00007fe464249d8f:   02 48 8b 06 c6 40 18 01 48 8b 46 08 31 d2 48 05
0x00007fe464249d9f:   c0 00 00 00 48 87 10 80 3d 55 1a 5d 00 00 74 21
0x00007fe464249daf:   48 8b 46 08 8b 80 d0 00 00 00 3b 05 ad 39 62 00
0x00007fe464249dbf:   76 0f 89 05 a5 39 62 00 66 0f 1f 84 00 00 00 00
0x00007fe464249dcf:   00 4c 8b 25 c9 9e 5a 00 48 8b 46 08 4c 89 e1 48
0x00007fe464249ddf:   83 c9 01 48 05 c0 00 00 00 48 89 ca 48 87 10 48
0x00007fe464249def:   8b 05 ab 9e 5a 00 49 39 c4 75 d6 48 8b 46 08 48
0x00007fe464249dff:   8d 90 c0 00 00 00 48 89 c8 f0 4c 0f b1 22 48 39
0x00007fe464249e0f:   c1 75 be 4c 89 66 10 48 83 3d 3a 2a 60 00 00 74
0x00007fe464249e1f:   28 bf ba 00 00 00 31 c0 e8 74 63 4b ff 4c 89 e2 



---------------  P R O C E S S  ---------------

VM state: at safepoint (normal execution)

VM Mutex/Monitor currently owned by a thread:  ([mutex/lock_event])
[0x00007fe45c013fc0] Threads_lock - owner thread: 0x00007fe45c0bc4d0
[0x00007fe45c014070] Heap_lock - owner thread: 0x00007fe45c0e12d0

OutOfMemory and StackOverflow Exception counts:
OutOfMemoryError java_heap_errors=22
LinkageErrors=20

Heap address: 0x00000000fc000000, size: 64 MB, Compressed Oops mode: 32-bit

CDS archive(s) mapped at: [0x0000000800000000-0x0000000800c51000-0x0000000800c51000), size 12914688, SharedBaseAddress: 0x0000000800000000, ArchiveRelocationMode: 0.
Compressed class space mapped at: 0x0000000801000000-0x0000000841000000, reserved size: 1073741824
Narrow klass base: 0x0000000800000000, Narrow klass shift: 0, Narrow klass range: 0x100000000

GC Precious Log:
<Skipped>

Heap:
 garbage-first heap   total 65536K, used 63643K [0x00000000fc000000, 0x0000000100000000)
  region size 1024K, 0 young (0K), 0 survivors (0K)
 Metaspace       used 8233K, committed 8640K, reserved 1114112K
  class space    used 1060K, committed 1280K, reserved 1048576K

Heap Regions: E=young(eden), S=young(survivor), O=old, HS=humongous(starts), HC=humongous(continues), CS=collection set, F=free, OA=open archive, CA=closed archive, TAMS=top-at-mark-start (previous, next)
|   0|0x00000000fc000000, 0x00000000fc100000, 0x00000000fc100000|100%|HS|  |TAMS 0x00000000fc100000, 0x00000000fc000000| Untracked 
|   1|0x00000000fc100000, 0x00000000fc200000, 0x00000000fc200000|100%|HC|  |TAMS 0x00000000fc200000, 0x00000000fc100000| Untracked 
|   2|0x00000000fc200000, 0x00000000fc300000, 0x00000000fc300000|100%|HC|  |TAMS 0x00000000fc300000, 0x00000000fc200000| Untracked 
|   3|0x00000000fc300000, 0x00000000fc400000, 0x00000000fc400000|100%|HC|  |TAMS 0x00000000fc400000, 0x00000000fc300000| Untracked 
|   4|0x00000000fc400000, 0x00000000fc4fe400, 0x00000000fc500000| 99%| O|  |TAMS 0x00000000fc400000, 0x00000000fc400000| Untracked 
|   5|0x00000000fc500000, 0x00000000fc5ffb88, 0x00000000fc600000| 99%| O|  |TAMS 0x00000000fc500000, 0x00000000fc500000| Untracked 
|   6|0x00000000fc600000, 0x00000000fc6ffff0, 0x00000000fc700000| 99%| O|  |TAMS 0x00000000fc600000, 0x00000000fc600000| Untracked 
|   7|0x00000000fc700000, 0x00000000fc7ffe18, 0x00000000fc800000| 99%| O|  |TAMS 0x00000000fc700000, 0x00000000fc700000| Untracked 
|   8|0x00000000fc800000, 0x00000000fc900000, 0x00000000fc900000|100%| O|  |TAMS 0x00000000fc800000, 0x00000000fc800000| Untracked 
|   9|0x00000000fc900000, 0x00000000fc9ffff8, 0x00000000fca00000| 99%| O|  |TAMS 0x00000000fc900000, 0x00000000fc900000| Untracked 
|  10|0x00000000fca00000, 0x00000000fcb00000, 0x00000000fcb00000|100%| O|  |TAMS 0x00000000fca00000, 0x00000000fca00000| Untracked 
|  11|0x00000000fcb00000, 0x00000000fcbffff8, 0x00000000fcc00000| 99%| O|  |TAMS 0x00000000fcb00000, 0x00000000fcb00000| Untracked 
|  12|0x00000000fcc00000, 0x00000000fcd00000, 0x00000000fcd00000|100%| O|  |TAMS 0x00000000fcc00000, 0x00000000fcc00000| Untracked 
|  13|0x00000000fcd00000, 0x00000000fcdfffe0, 0x00000000fce00000| 99%| O|  |TAMS 0x00000000fcd00000, 0x00000000fcd00000| Untracked 
|  14|0x00000000fce00000, 0x00000000fcf00000, 0x00000000fcf00000|100%| O|  |TAMS 0x00000000fce00000, 0x00000000fce00000| Untracked 
|  15|0x00000000fcf00000, 0x00000000fd000000, 0x00000000fd000000|100%| O|  |TAMS 0x00000000fcf00000, 0x00000000fcf00000| Untracked 
|  16|0x00000000fd000000, 0x00000000fd0ffff8, 0x00000000fd100000| 99%| O|  |TAMS 0x00000000fd000000, 0x00000000fd000000| Untracked 
|  17|0x00000000fd100000, 0x00000000fd1ffff8, 0x00000000fd200000| 99%| O|  |TAMS 0x00000000fd100000, 0x00000000fd100000| Untracked 
|  18|0x00000000fd200000, 0x00000000fd300000, 0x00000000fd300000|100%| O|  |TAMS 0x00000000fd200000, 0x00000000fd200000| Untracked 
|  19|0x00000000fd300000, 0x00000000fd3ffff0, 0x00000000fd400000| 99%| O|  |TAMS 0x00000000fd300000, 0x00000000fd300000| Untracked 
|  20|0x00000000fd400000, 0x00000000fd4ffff0, 0x00000000fd500000| 99%| O|  |TAMS 0x00000000fd400000, 0x00000000fd400000| Untracked 
|  21|0x00000000fd500000, 0x00000000fd600000, 0x00000000fd600000|100%| O|  |TAMS 0x00000000fd500000, 0x00000000fd500000| Untracked 
|  22|0x00000000fd600000, 0x00000000fd6ffff8, 0x00000000fd700000| 99%| O|  |TAMS 0x00000000fd600000, 0x00000000fd600000| Untracked 
|  23|0x00000000fd700000, 0x00000000fd7ffff0, 0x00000000fd800000| 99%| O|  |TAMS 0x00000000fd700000, 0x00000000fd700000| Untracked 
|  24|0x00000000fd800000, 0x00000000fd8ffff0, 0x00000000fd900000| 99%| O|  |TAMS 0x00000000fd800000, 0x00000000fd800000| Untracked 
|  25|0x00000000fd900000, 0x00000000fda00000, 0x00000000fda00000|100%| O|  |TAMS 0x00000000fd900000, 0x00000000fd900000| Untracked 
|  26|0x00000000fda00000, 0x00000000fdaffff0, 0x00000000fdb00000| 99%| O|  |TAMS 0x00000000fda00000, 0x00000000fda00000| Untracked 
|  27|0x00000000fdb00000, 0x00000000fdbffff0, 0x00000000fdc00000| 99%| O|  |TAMS 0x00000000fdb00000, 0x00000000fdb00000| Untracked 
|  28|0x00000000fdc00000, 0x00000000fdd00000, 0x00000000fdd00000|100%| O|  |TAMS 0x00000000fdc00000, 0x00000000fdc00000| Untracked 
|  29|0x00000000fdd00000, 0x00000000fde00000, 0x00000000fde00000|100%| O|  |TAMS 0x00000000fdd00000, 0x00000000fdd00000| Untracked 
|  30|0x00000000fde00000, 0x00000000fdeffff8, 0x00000000fdf00000| 99%| O|  |TAMS 0x00000000fde00000, 0x00000000fde00000| Untracked 
|  31|0x00000000fdf00000, 0x00000000fdfffff0, 0x00000000fe000000| 99%| O|  |TAMS 0x00000000fdf00000, 0x00000000fdf00000| Untracked 
|  32|0x00000000fe000000, 0x00000000fe0ffff8, 0x00000000fe100000| 99%| O|  |TAMS 0x00000000fe000000, 0x00000000fe000000| Untracked 
|  33|0x00000000fe100000, 0x00000000fe1ffff8, 0x00000000fe200000| 99%| O|  |TAMS 0x00000000fe100000, 0x00000000fe100000| Untracked 
|  34|0x00000000fe200000, 0x00000000fe300000, 0x00000000fe300000|100%| O|  |TAMS 0x00000000fe200000, 0x00000000fe200000| Untracked 
|  35|0x00000000fe300000, 0x00000000fe400000, 0x00000000fe400000|100%| O|  |TAMS 0x00000000fe300000, 0x00000000fe300000| Untracked 
|  36|0x00000000fe400000, 0x00000000fe500000, 0x00000000fe500000|100%| O|  |TAMS 0x00000000fe400000, 0x00000000fe400000| Untracked 
|  37|0x00000000fe500000, 0x00000000fe5ffff8, 0x00000000fe600000| 99%| O|  |TAMS 0x00000000fe500000, 0x00000000fe500000| Untracked 
|  38|0x00000000fe600000, 0x00000000fe6ffff0, 0x00000000fe700000| 99%| O|  |TAMS 0x00000000fe600000, 0x00000000fe600000| Untracked 
|  39|0x00000000fe700000, 0x00000000fe800000, 0x00000000fe800000|100%| O|  |TAMS 0x00000000fe700000, 0x00000000fe700000| Untracked 
|  40|0x00000000fe800000, 0x00000000fe8ffff8, 0x00000000fe900000| 99%| O|  |TAMS 0x00000000fe800000, 0x00000000fe800000| Untracked 
|  41|0x00000000fe900000, 0x00000000fea00000, 0x00000000fea00000|100%| O|  |TAMS 0x00000000fe900000, 0x00000000fe900000| Untracked 
|  42|0x00000000fea00000, 0x00000000feaffff8, 0x00000000feb00000| 99%| O|  |TAMS 0x00000000fea00000, 0x00000000fea00000| Untracked 
|  43|0x00000000feb00000, 0x00000000fec00000, 0x00000000fec00000|100%| O|  |TAMS 0x00000000feb00000, 0x00000000feb00000| Untracked 
|  44|0x00000000fec00000, 0x00000000fecffff8, 0x00000000fed00000| 99%| O|  |TAMS 0x00000000fec00000, 0x00000000fec00000| Untracked 
|  45|0x00000000fed00000, 0x00000000fedffff8, 0x00000000fee00000| 99%| O|  |TAMS 0x00000000fed00000, 0x00000000fed00000| Untracked 
|  46|0x00000000fee00000, 0x00000000feeffff0, 0x00000000fef00000| 99%| O|  |TAMS 0x00000000fee00000, 0x00000000fee00000| Untracked 
|  47|0x00000000fef00000, 0x00000000fefffff0, 0x00000000ff000000| 99%| O|  |TAMS 0x00000000fef00000, 0x00000000fef00000| Untracked 
|  48|0x00000000ff000000, 0x00000000ff0ffff0, 0x00000000ff100000| 99%| O|  |TAMS 0x00000000ff000000, 0x00000000ff000000| Untracked 
|  49|0x00000000ff100000, 0x00000000ff1ffff8, 0x00000000ff200000| 99%| O|  |TAMS 0x00000000ff100000, 0x00000000ff100000| Untracked 
|  50|0x00000000ff200000, 0x00000000ff2ffff8, 0x00000000ff300000| 99%| O|  |TAMS 0x00000000ff200000, 0x00000000ff200000| Untracked 
|  51|0x00000000ff300000, 0x00000000ff400000, 0x00000000ff400000|100%| O|  |TAMS 0x00000000ff300000, 0x00000000ff300000| Untracked 
|  52|0x00000000ff400000, 0x00000000ff500000, 0x00000000ff500000|100%|HS|  |TAMS 0x00000000ff500000, 0x00000000ff400000| Untracked 
|  53|0x00000000ff500000, 0x00000000ff5fd560, 0x00000000ff600000| 98%| O|  |TAMS 0x00000000ff500000, 0x00000000ff500000| Untracked 
|  54|0x00000000ff600000, 0x00000000ff6ffff8, 0x00000000ff700000| 99%| O|  |TAMS 0x00000000ff600000, 0x00000000ff600000| Untracked 
|  55|0x00000000ff700000, 0x00000000ff800000, 0x00000000ff800000|100%| O|  |TAMS 0x00000000ff700000, 0x00000000ff700000| Untracked 
|  56|0x00000000ff800000, 0x00000000ff8ffff0, 0x00000000ff900000| 99%| O|  |TAMS 0x00000000ff800000, 0x00000000ff800000| Untracked 
|  57|0x00000000ff900000, 0x00000000ff9ffff0, 0x00000000ffa00000| 99%| O|  |TAMS 0x00000000ff900000, 0x00000000ff900000| Untracked 
|  58|0x00000000ffa00000, 0x00000000ffaffff8, 0x00000000ffb00000| 99%| O|  |TAMS 0x00000000ffa00000, 0x00000000ffa00000| Untracked 
|  59|0x00000000ffb00000, 0x00000000ffbffff0, 0x00000000ffc00000| 99%| O|  |TAMS 0x00000000ffb00000, 0x00000000ffb00000| Untracked 
|  60|0x00000000ffc00000, 0x00000000ffc33e18, 0x00000000ffd00000| 20%| O|  |TAMS 0x00000000ffc00000, 0x00000000ffc00000| Untracked 
|  61|0x00000000ffd00000, 0x00000000ffdffff8, 0x00000000ffe00000| 99%| O|  |TAMS 0x00000000ffd00000, 0x00000000ffd00000| Untracked 
|  62|0x00000000ffe00000, 0x00000000ffe77000, 0x00000000fff00000| 46%|OA|  |TAMS 0x00000000ffe77000, 0x00000000ffe00000| Untracked 
|  63|0x00000000fff00000, 0x00000000fff81000, 0x0000000100000000| 50%|CA|  |TAMS 0x00000000fff00000, 0x00000000fff00000| Untracked 

Card table byte_map: [0x00007fe462609000,0x00007fe462629000] _byte_map_base: 0x00007fe461e29000

Marking Bits (Prev, Next): (CMBitMap*) 0x00007fe45c03cdc0, (CMBitMap*) 0x00007fe45c03ce00
 Prev Bits: [0x00007fe4624e9000, 0x00007fe4625e9000)
 Next Bits: [0x00007fe4623e9000, 0x00007fe4624e9000)

Polling page: 0x00007fe464ad0000

Metaspace:

Usage:
  Non-class:      7.01 MB used.
      Class:      1.04 MB used.
       Both:      8.04 MB used.

Virtual space:
  Non-class space:       64.00 MB reserved,       7.19 MB ( 11%) committed,  1 nodes.
      Class space:        1.00 GB reserved,       1.25 MB ( <1%) committed,  1 nodes.
             Both:        1.06 GB reserved,       8.44 MB ( <1%) committed. 

Chunk freelists:
   Non-Class:  178.00 KB
       Class:  2.68 MB
        Both:  2.85 MB

MaxMetaspaceSize: unlimited
CompressedClassSpaceSize: 1.00 GB
Initial GC threshold: 21.00 MB
Current GC threshold: 21.00 MB
CDS: on
MetaspaceReclaimPolicy: balanced
 - commit_granule_bytes: 65536.
 - commit_granule_words: 8192.
 - virtual_space_node_default_size: 8388608.
 - enlarge_chunks_in_place: 1.
 - new_chunks_are_fully_committed: 0.
 - uncommit_free_chunks: 1.
 - use_allocation_guard: 0.


Internal statistics:

num_allocs_failed_limit: 0.
num_arena_births: 198.
num_arena_deaths: 108.
num_vsnodes_births: 2.
num_vsnodes_deaths: 0.
num_space_committed: 135.
num_space_uncommitted: 0.
num_chunks_returned_to_freelist: 108.
num_chunks_taken_from_freelist: 446.
num_chunk_merges: 32.
num_chunk_splits: 284.
num_chunks_enlarged: 212.
num_inconsistent_stats: 0.

CodeHeap 'non-profiled nmethods': size=120028Kb used=757Kb max_used=757Kb free=119270Kb
 bounds [0x00007fe44c791000, 0x00007fe44ca01000, 0x00007fe453cc8000]
CodeHeap 'profiled nmethods': size=120028Kb used=2557Kb max_used=2557Kb free=117470Kb
 bounds [0x00007fe444cc8000, 0x00007fe444f48000, 0x00007fe44c1ff000]
CodeHeap 'non-nmethods': size=5704Kb used=1248Kb max_used=1280Kb free=4455Kb
 bounds [0x00007fe44c1ff000, 0x00007fe44c46f000, 0x00007fe44c791000]
 total_blobs=1864 nmethods=1395 adapters=381
 compilation: enabled
              stopped_count=0, restarted_count=0
 full_count=0

Compilation events (20 events):
Event: 2.006 Thread 0x00007fe4081b3af0 1387       4       java.nio.Buffer::session (20 bytes)
Event: 2.006 Thread 0x00007fe4081b3af0 nmethod 1387 0x00007fe44c849190 code [0x00007fe44c849320, 0x00007fe44c8493b8]
Event: 2.010 Thread 0x00007fe4081b3af0 1388 % !   4       org.gradle.launcher.daemon.client.DaemonClient::monitorBuild @ 43 (248 bytes)
Event: 2.034 Thread 0x00007fe45c0cafe0 1389   !   4       com.esotericsoftware.kryo.io.Input::fill (32 bytes)
Event: 2.036 Thread 0x00007fe45c0cafe0 nmethod 1389 0x00007fe44c849490 code [0x00007fe44c849620, 0x00007fe44c849748]
Event: 2.065 Thread 0x00007fe4081b3af0 nmethod 1388% 0x00007fe44c849890 code [0x00007fe44c849ba0, 0x00007fe44c84bda8]
Event: 2.066 Thread 0x00007fe4081b3af0 1390   !   4       jdk.internal.misc.ScopedMemoryAccess::copyMemory (27 bytes)
Event: 2.071 Thread 0x00007fe4081b3af0 nmethod 1390 0x00007fe44c84d190 code [0x00007fe44c84d320, 0x00007fe44c84d678]
Event: 2.144 Thread 0x00007fe45c0cc570 1391       1       java.util.Collections$SingletonList::size (2 bytes)
Event: 2.144 Thread 0x00007fe45c0cc570 nmethod 1391 0x00007fe44c84db10 code [0x00007fe44c84dca0, 0x00007fe44c84dd70]
Event: 2.207 Thread 0x00007fe4081b3af0 1392       4       com.esotericsoftware.kryo.io.Input::readInt_slow (201 bytes)
Event: 2.208 Thread 0x00007fe4081b3af0 nmethod 1392 0x00007fe44c84de10 code [0x00007fe44c84dfa0, 0x00007fe44c84e098]
Event: 2.226 Thread 0x00007fe45c0cc570 1393       3       com.esotericsoftware.kryo.io.Input::readUtf8_slow (255 bytes)
Event: 2.227 Thread 0x00007fe45c0cc570 nmethod 1393 0x00007fe444f46610 code [0x00007fe444f46800, 0x00007fe444f46ea0]
Event: 2.438 Thread 0x00007fe45c0cc570 1394       1       java.util.concurrent.atomic.AtomicInteger::get (5 bytes)
Event: 2.438 Thread 0x00007fe45c0cc570 nmethod 1394 0x00007fe44c84e190 code [0x00007fe44c84e320, 0x00007fe44c84e3d0]
Event: 2.634 Thread 0x00007fe45c0cc570 1395       3       java.lang.ref.Reference::enqueueFromPending (19 bytes)
Event: 2.635 Thread 0x00007fe45c0cc570 nmethod 1395 0x00007fe444f47190 code [0x00007fe444f47340, 0x00007fe444f47560]
Event: 2.878 Thread 0x00007fe45c0cc570 1396       1       org.gradle.internal.logging.console.ProgressOperation::getParent (5 bytes)
Event: 2.878 Thread 0x00007fe45c0cc570 nmethod 1396 0x00007fe44c84e490 code [0x00007fe44c84e620, 0x00007fe44c84e6d0]

GC Heap History (20 events):
Event: 7.276 GC heap before
{Heap before GC invocations=159 (full 86):
 garbage-first heap   total 65536K, used 63644K [0x00000000fc000000, 0x0000000100000000)
  region size 1024K, 0 young (0K), 0 survivors (0K)
 Metaspace       used 8233K, committed 8640K, reserved 1114112K
  class space    used 1060K, committed 1280K, reserved 1048576K
}
Event: 7.350 GC heap after
{Heap after GC invocations=160 (full 87):
 garbage-first heap   total 65536K, used 63643K [0x00000000fc000000, 0x0000000100000000)
  region size 1024K, 0 young (0K), 0 survivors (0K)
 Metaspace       used 8233K, committed 8640K, reserved 1114112K
  class space    used 1060K, committed 1280K, reserved 1048576K
}
Event: 7.350 GC heap before
{Heap before GC invocations=160 (full 87):
 garbage-first heap   total 65536K, used 63643K [0x00000000fc000000, 0x0000000100000000)
  region size 1024K, 0 young (0K), 0 survivors (0K)
 Metaspace       used 8233K, committed 8640K, reserved 1114112K
  class space    used 1060K, committed 1280K, reserved 1048576K
}
Event: 7.351 GC heap after
{Heap after GC invocations=161 (full 87):
 garbage-first heap   total 65536K, used 63643K [0x00000000fc000000, 0x0000000100000000)
  region size 1024K, 0 young (0K), 0 survivors (0K)
 Metaspace       used 8233K, committed 8640K, reserved 1114112K
  class space    used 1060K, committed 1280K, reserved 1048576K
}
Event: 7.351 GC heap before
{Heap before GC invocations=161 (full 87):
 garbage-first heap   total 65536K, used 63643K [0x00000000fc000000, 0x0000000100000000)
  region size 1024K, 0 young (0K), 0 survivors (0K)
 Metaspace       used 8233K, committed 8640K, reserved 1114112K
  class space    used 1060K, committed 1280K, reserved 1048576K
}
Event: 7.388 GC heap after
{Heap after GC invocations=162 (full 88):
 garbage-first heap   total 65536K, used 63643K [0x00000000fc000000, 0x0000000100000000)
  region size 1024K, 0 young (0K), 0 survivors (0K)
 Metaspace       used 8233K, committed 8640K, reserved 1114112K
  class space    used 1060K, committed 1280K, reserved 1048576K
}
Event: 7.388 GC heap before
{Heap before GC invocations=162 (full 88):
 garbage-first heap   total 65536K, used 63643K [0x00000000fc000000, 0x0000000100000000)
  region size 1024K, 0 young (0K), 0 survivors (0K)
 Metaspace       used 8233K, committed 8640K, reserved 1114112K
  class space    used 1060K, committed 1280K, reserved 1048576K
}
Event: 7.463 GC heap after
{Heap after GC invocations=163 (full 89):
 garbage-first heap   total 65536K, used 63643K [0x00000000fc000000, 0x0000000100000000)
  region size 1024K, 0 young (0K), 0 survivors (0K)
 Metaspace       used 8233K, committed 8640K, reserved 1114112K
  class space    used 1060K, committed 1280K, reserved 1048576K
}
Event: 7.464 GC heap before
{Heap before GC invocations=163 (full 89):
 garbage-first heap   total 65536K, used 63643K [0x00000000fc000000, 0x0000000100000000)
  region size 1024K, 0 young (0K), 0 survivors (0K)
 Metaspace       used 8233K, committed 8640K, reserved 1114112K
  class space    used 1060K, committed 1280K, reserved 1048576K
}
Event: 7.464 GC heap after
{Heap after GC invocations=164 (full 89):
 garbage-first heap   total 65536K, used 63643K [0x00000000fc000000, 0x0000000100000000)
  region size 1024K, 0 young (0K), 0 survivors (0K)
 Metaspace       used 8233K, committed 8640K, reserved 1114112K
  class space    used 1060K, committed 1280K, reserved 1048576K
}
Event: 7.464 GC heap before
{Heap before GC invocations=164 (full 89):
 garbage-first heap   total 65536K, used 63643K [0x00000000fc000000, 0x0000000100000000)
  region size 1024K, 0 young (0K), 0 survivors (0K)
 Metaspace       used 8233K, committed 8640K, reserved 1114112K
  class space    used 1060K, committed 1280K, reserved 1048576K
}
Event: 7.505 GC heap after
{Heap after GC invocations=165 (full 90):
 garbage-first heap   total 65536K, used 63643K [0x00000000fc000000, 0x0000000100000000)
  region size 1024K, 0 young (0K), 0 survivors (0K)
 Metaspace       used 8233K, committed 8640K, reserved 1114112K
  class space    used 1060K, committed 1280K, reserved 1048576K
}
Event: 7.505 GC heap before
{Heap before GC invocations=165 (full 90):
 garbage-first heap   total 65536K, used 63643K [0x00000000fc000000, 0x0000000100000000)
  region size 1024K, 0 young (0K), 0 survivors (0K)
 Metaspace       used 8233K, committed 8640K, reserved 1114112K
  class space    used 1060K, committed 1280K, reserved 1048576K
}
Event: 7.588 GC heap after
{Heap after GC invocations=166 (full 91):
 garbage-first heap   total 65536K, used 63643K [0x00000000fc000000, 0x0000000100000000)
  region size 1024K, 0 young (0K), 0 survivors (0K)
 Metaspace       used 8233K, committed 8640K, reserved 1114112K
  class space    used 1060K, committed 1280K, reserved 1048576K
}
Event: 7.588 GC heap before
{Heap before GC invocations=166 (full 91):
 garbage-first heap   total 65536K, used 63643K [0x00000000fc000000, 0x0000000100000000)
  region size 1024K, 0 young (0K), 0 survivors (0K)
 Metaspace       used 8233K, committed 8640K, reserved 1114112K
  class space    used 1060K, committed 1280K, reserved 1048576K
}
Event: 7.588 GC heap after
{Heap after GC invocations=167 (full 91):
 garbage-first heap   total 65536K, used 63643K [0x00000000fc000000, 0x0000000100000000)
  region size 1024K, 0 young (0K), 0 survivors (0K)
 Metaspace       used 8233K, committed 8640K, reserved 1114112K
  class space    used 1060K, committed 1280K, reserved 1048576K
}
Event: 7.589 GC heap before
{Heap before GC invocations=167 (full 91):
 garbage-first heap   total 65536K, used 63643K [0x00000000fc000000, 0x0000000100000000)
  region size 1024K, 0 young (0K), 0 survivors (0K)
 Metaspace       used 8233K, committed 8640K, reserved 1114112K
  class space    used 1060K, committed 1280K, reserved 1048576K
}
Event: 7.626 GC heap after
{Heap after GC invocations=168 (full 92):
 garbage-first heap   total 65536K, used 63643K [0x00000000fc000000, 0x0000000100000000)
  region size 1024K, 0 young (0K), 0 survivors (0K)
 Metaspace       used 8233K, committed 8640K, reserved 1114112K
  class space    used 1060K, committed 1280K, reserved 1048576K
}
Event: 7.626 GC heap before
{Heap before GC invocations=168 (full 92):
 garbage-first heap   total 65536K, used 63643K [0x00000000fc000000, 0x0000000100000000)
  region size 1024K, 0 young (0K), 0 survivors (0K)
 Metaspace       used 8233K, committed 8640K, reserved 1114112K
  class space    used 1060K, committed 1280K, reserved 1048576K
}
Event: 7.686 GC heap after
{Heap after GC invocations=169 (full 93):
 garbage-first heap   total 65536K, used 63643K [0x00000000fc000000, 0x0000000100000000)
  region size 1024K, 0 young (0K), 0 survivors (0K)
 Metaspace       used 8233K, committed 8640K, reserved 1114112K
  class space    used 1060K, committed 1280K, reserved 1048576K
}

Dll operation events (15 events):
Event: 0.002 Loaded shared library /usr/lib/jvm/java-19-openjdk-amd64/lib/libjava.so
Event: 0.002 Loaded shared library /usr/lib/jvm/java-19-openjdk-amd64/lib/libzip.so
Event: 0.010 Loaded shared library /usr/lib/jvm/java-19-openjdk-amd64/lib/libjsvml.so
Event: 0.026 Loaded shared library /usr/lib/jvm/java-19-openjdk-amd64/lib/libnio.so
Event: 0.030 Loaded shared library /usr/lib/jvm/java-19-openjdk-amd64/lib/libzip.so
Event: 0.079 Loaded shared library /usr/lib/jvm/java-19-openjdk-amd64/lib/libnet.so
Event: 0.186 Loaded shared library /usr/lib/jvm/java-19-openjdk-amd64/lib/libjimage.so
Event: 0.227 Loaded shared library /usr/lib/jvm/java-19-openjdk-amd64/lib/libverify.so
Event: 0.402 Loaded shared library /home/kotb/.gradle/native/68d5fa5c4cc2d200863cafc0d521ce42e7d3e7ee720ec0a83991735586a16f82/linux-amd64/libnative-platform.so
Event: 0.411 Loading shared library /home/kotb/.gradle/native/68d5fa5c4cc2d200863cafc0d521ce42e7d3e7ee720ec0a83991735586a16f82/linux-amd64-ncurses5/libnative-platform-curses.so failed, libtinfo.so.5: cannot open shared object file: No such file or directory
Event: 0.412 Loaded shared library /home/kotb/.gradle/native/68d5fa5c4cc2d200863cafc0d521ce42e7d3e7ee720ec0a83991735586a16f82/linux-amd64-ncurses6/libnative-platform-curses.so
Event: 0.422 Loaded shared library /home/kotb/.gradle/native/jansi/1.18/linux64/libjansi.so
Event: 0.526 Loaded shared library /usr/lib/jvm/java-19-openjdk-amd64/lib/libmanagement.so
Event: 0.527 Loaded shared library /usr/lib/jvm/java-19-openjdk-amd64/lib/libmanagement_ext.so
Event: 0.612 Loaded shared library /usr/lib/jvm/java-19-openjdk-amd64/lib/libextnet.so

Deoptimization events (20 events):
Event: 1.157 Thread 0x00007fe45c015420 DEOPT PACKING pc=0x00007fe44c7f7060 sp=0x00007fe463158d00
Event: 1.157 Thread 0x00007fe45c015420 DEOPT UNPACKING pc=0x00007fe44c265299 sp=0x00007fe463158ca8 mode 2
Event: 1.510 Thread 0x00007fe45c015420 Uncommon trap: trap_request=0xffffff45 fr.pc=0x00007fe44c817fd8 relative=0x00000000000004f8
Event: 1.510 Thread 0x00007fe45c015420 Uncommon trap: reason=unstable_if action=reinterpret pc=0x00007fe44c817fd8 method=org.gradle.internal.logging.console.ThrottlingOutputEventListener.onOutput(Lorg/gradle/internal/logging/events/OutputEvent;)V @ 30 c2
Event: 1.510 Thread 0x00007fe45c015420 DEOPT PACKING pc=0x00007fe44c817fd8 sp=0x00007fe463159240
Event: 1.510 Thread 0x00007fe45c015420 DEOPT UNPACKING pc=0x00007fe44c265299 sp=0x00007fe4631590e0 mode 2
Event: 1.525 Thread 0x00007fe45c015420 Uncommon trap: trap_request=0xffffff45 fr.pc=0x00007fe44c80382c relative=0x00000000000002cc
Event: 1.525 Thread 0x00007fe45c015420 Uncommon trap: reason=unstable_if action=reinterpret pc=0x00007fe44c80382c method=com.esotericsoftware.kryo.io.Input.readVarLong(Z)J @ 7 c2
Event: 1.525 Thread 0x00007fe45c015420 DEOPT PACKING pc=0x00007fe44c80382c sp=0x00007fe463159170
Event: 1.525 Thread 0x00007fe45c015420 DEOPT UNPACKING pc=0x00007fe44c265299 sp=0x00007fe463159118 mode 2
Event: 1.738 Thread 0x00007fe45c81bef0 DEOPT PACKING pc=0x00007fe444f161e5 sp=0x00007fe42ad1a1d0
Event: 1.738 Thread 0x00007fe45c81bef0 DEOPT UNPACKING pc=0x00007fe44c265a2f sp=0x00007fe42ad196b0 mode 0
Event: 2.145 Thread 0x00007fe45c015420 DEOPT PACKING pc=0x00007fe444f3fae3 sp=0x00007fe463159260
Event: 2.145 Thread 0x00007fe45c015420 DEOPT UNPACKING pc=0x00007fe44c265a2f sp=0x00007fe463158858 mode 0
Event: 3.093 Thread 0x00007fe45c015420 DEOPT PACKING pc=0x00007fe44c805aa4 sp=0x00007fe4631591b0
Event: 3.093 Thread 0x00007fe45c015420 DEOPT UNPACKING pc=0x00007fe44c265a2f sp=0x00007fe4631585b0 mode 1
Event: 3.195 Thread 0x00007fe45c015420 Uncommon trap: trap_request=0x00000034 fr.pc=0x00007fe44c84b554 relative=0x00000000000019b4
Event: 3.195 Thread 0x00007fe45c015420 Uncommon trap: reason=unloaded action=reinterpret pc=0x00007fe44c84b554 method=org.gradle.internal.remote.internal.inet.SocketConnection.receive()Ljava/lang/Object; @ 117 c2
Event: 3.304 Thread 0x00007fe45c015420 DEOPT PACKING pc=0x00007fe44c84b554 sp=0x00007fe463159350
Event: 3.304 Thread 0x00007fe45c015420 DEOPT UNPACKING pc=0x00007fe44c265299 sp=0x00007fe463159230 mode 2

Classes loaded (20 events):
Event: 1.136 Loading class com/google/common/base/ExtraObjectsMethodsForWeb
Event: 1.136 Loading class com/google/common/base/ExtraObjectsMethodsForWeb done
Event: 2.005 Loading class jdk/internal/foreign/MemorySessionImpl
Event: 2.006 Loading class java/lang/foreign/MemorySession
Event: 2.006 Loading class java/lang/foreign/SegmentAllocator
Event: 2.006 Loading class java/lang/foreign/SegmentAllocator done
Event: 2.006 Loading class java/lang/foreign/MemorySession done
Event: 2.006 Loading class jdk/internal/foreign/MemorySessionImpl done
Event: 5.622 Loading class java/lang/invoke/WrongMethodTypeException
Event: 5.864 Loading class java/lang/invoke/WrongMethodTypeException done
Event: 6.098 Loading class java/lang/Throwable$WrappedPrintStream
Event: 6.098 Loading class java/lang/Throwable$PrintStreamOrWriter
Event: 6.314 Loading class java/lang/Throwable$PrintStreamOrWriter done
Event: 6.314 Loading class java/lang/Throwable$WrappedPrintStream done
Event: 6.314 Loading class java/lang/invoke/WrongMethodTypeException
Event: 6.536 Loading class java/lang/invoke/WrongMethodTypeException done
Event: 6.536 Loading class java/lang/invoke/WrongMethodTypeException
Event: 6.788 Loading class java/lang/invoke/WrongMethodTypeException done
Event: 7.226 Loading class jdk/internal/misc/Signal$1
Event: 7.463 Loading class jdk/internal/misc/Signal$1 done

Classes unloaded (20 events):
Event: 2.613 Thread 0x00007fe45c0bc4d0 Unloading class 0x00000008010a9000 'java/lang/invoke/LambdaForm$MH+0x00000008010a9000'
Event: 2.613 Thread 0x00007fe45c0bc4d0 Unloading class 0x00000008010a8c00 'java/lang/invoke/LambdaForm$MH+0x00000008010a8c00'
Event: 2.613 Thread 0x00007fe45c0bc4d0 Unloading class 0x00000008010a8400 'java/lang/invoke/LambdaForm$MH+0x00000008010a8400'
Event: 2.613 Thread 0x00007fe45c0bc4d0 Unloading class 0x00000008010a8000 'java/lang/invoke/LambdaForm$MH+0x00000008010a8000'
Event: 2.613 Thread 0x00007fe45c0bc4d0 Unloading class 0x0000000801090c00 'java/lang/invoke/LambdaForm$MH+0x0000000801090c00'
Event: 2.613 Thread 0x00007fe45c0bc4d0 Unloading class 0x0000000801090400 'java/lang/invoke/LambdaForm$MH+0x0000000801090400'
Event: 2.613 Thread 0x00007fe45c0bc4d0 Unloading class 0x0000000801090000 'java/lang/invoke/LambdaForm$MH+0x0000000801090000'
Event: 2.613 Thread 0x00007fe45c0bc4d0 Unloading class 0x000000080108dc00 'java/lang/invoke/LambdaForm$MH+0x000000080108dc00'
Event: 2.613 Thread 0x00007fe45c0bc4d0 Unloading class 0x000000080108c400 'java/lang/invoke/LambdaForm$MH+0x000000080108c400'
Event: 2.613 Thread 0x00007fe45c0bc4d0 Unloading class 0x000000080102c400 'java/lang/invoke/LambdaForm$MH+0x000000080102c400'
Event: 2.613 Thread 0x00007fe45c0bc4d0 Unloading class 0x0000000801012400 'java/lang/invoke/LambdaForm$MH+0x0000000801012400'
Event: 2.613 Thread 0x00007fe45c0bc4d0 Unloading class 0x0000000801012000 'java/lang/invoke/LambdaForm$MH+0x0000000801012000'
Event: 2.613 Thread 0x00007fe45c0bc4d0 Unloading class 0x0000000801009800 'java/lang/invoke/LambdaForm$MH+0x0000000801009800'
Event: 2.613 Thread 0x00007fe45c0bc4d0 Unloading class 0x0000000801009400 'java/lang/invoke/LambdaForm$MH+0x0000000801009400'
Event: 2.613 Thread 0x00007fe45c0bc4d0 Unloading class 0x0000000801009000 'java/lang/invoke/LambdaForm$MH+0x0000000801009000'
Event: 2.613 Thread 0x00007fe45c0bc4d0 Unloading class 0x0000000801005c00 'java/lang/invoke/LambdaForm$MH+0x0000000801005c00'
Event: 2.613 Thread 0x00007fe45c0bc4d0 Unloading class 0x0000000801005400 'java/lang/invoke/LambdaForm$MH+0x0000000801005400'
Event: 5.890 Thread 0x00007fe45c0bc4d0 Unloading class 0x0000000801012800 'java/lang/invoke/LambdaForm$MH+0x0000000801012800'
Event: 6.565 Thread 0x00007fe45c0bc4d0 Unloading class 0x0000000801009c00 'java/lang/invoke/LambdaForm$MH+0x0000000801009c00'
Event: 6.814 Thread 0x00007fe45c0bc4d0 Unloading class 0x0000000801008000 'java/lang/invoke/LambdaForm$MH+0x0000000801008000'

Classes redefined (0 events):
No events

Internal exceptions (20 events):
Event: 3.517 Thread 0x00007fe45c015420 Exception <a 'java/lang/OutOfMemoryError'{0x00000000fc67d498}> (0x00000000fc67d498) 
thrown [./src/hotspot/share/gc/shared/memAllocator.cpp, line 136]
Event: 3.713 Thread 0x00007fe45c81bef0 Exception <a 'java/lang/OutOfMemoryError'{0x00000000fc67d1c0}> (0x00000000fc67d1c0) 
thrown [./src/hotspot/share/gc/shared/memAllocator.cpp, line 136]
Event: 3.915 Thread 0x00007fe45c015420 Exception <a 'java/lang/OutOfMemoryError'{0x00000000fc67ce70}> (0x00000000fc67ce70) 
thrown [./src/hotspot/share/gc/shared/memAllocator.cpp, line 136]
Event: 4.119 Thread 0x00007fe45c015420 Exception <a 'java/lang/OutOfMemoryError'{0x00000000fc67ce70}> (0x00000000fc67ce70) 
thrown [./src/hotspot/share/gc/shared/memAllocator.cpp, line 136]
Event: 4.318 Thread 0x00007fe45c81bef0 Exception <a 'java/lang/OutOfMemoryError'{0x00000000fc67ce70}> (0x00000000fc67ce70) 
thrown [./src/hotspot/share/gc/shared/memAllocator.cpp, line 136]
Event: 4.514 Thread 0x00007fe45c015420 Exception <a 'java/lang/OutOfMemoryError'{0x00000000fc67ce70}> (0x00000000fc67ce70) 
thrown [./src/hotspot/share/gc/shared/memAllocator.cpp, line 136]
Event: 4.718 Thread 0x00007fe45c81bef0 Exception <a 'java/lang/OutOfMemoryError'{0x00000000fc67ce70}> (0x00000000fc67ce70) 
thrown [./src/hotspot/share/gc/shared/memAllocator.cpp, line 136]
Event: 4.904 Thread 0x00007fe45c015420 Exception <a 'java/lang/OutOfMemoryError'{0x00000000fc67ce70}> (0x00000000fc67ce70) 
thrown [./src/hotspot/share/gc/shared/memAllocator.cpp, line 136]
Event: 5.141 Thread 0x00007fe45c015420 Exception <a 'java/lang/OutOfMemoryError'{0x00000000fc67ce70}> (0x00000000fc67ce70) 
thrown [./src/hotspot/share/gc/shared/memAllocator.cpp, line 136]
Event: 5.385 Thread 0x00007fe45c015420 Exception <a 'java/lang/OutOfMemoryError'{0x00000000fc67ce70}> (0x00000000fc67ce70) 
thrown [./src/hotspot/share/gc/shared/memAllocator.cpp, line 136]
Event: 5.622 Thread 0x00007fe45c015420 Exception <a 'java/lang/OutOfMemoryError'{0x00000000fc67ce70}> (0x00000000fc67ce70) 
thrown [./src/hotspot/share/gc/shared/memAllocator.cpp, line 136]
Event: 5.864 Thread 0x00007fe45c015420 Exception <a 'java/lang/OutOfMemoryError'{0x00000000fc67ce70}> (0x00000000fc67ce70) 
thrown [./src/hotspot/share/gc/shared/memAllocator.cpp, line 136]
Event: 6.098 Thread 0x00007fe45c015420 Exception <a 'java/lang/OutOfMemoryError'{0x00000000fc67ce58}> (0x00000000fc67ce58) 
thrown [./src/hotspot/share/gc/shared/memAllocator.cpp, line 136]
Event: 6.314 Thread 0x00007fe45c015420 Exception <a 'java/lang/OutOfMemoryError'{0x00000000fc67ce58}> (0x00000000fc67ce58) 
thrown [./src/hotspot/share/gc/shared/memAllocator.cpp, line 136]
Event: 6.536 Thread 0x00007fe45c015420 Exception <a 'java/lang/OutOfMemoryError'{0x00000000fc67ce58}> (0x00000000fc67ce58) 
thrown [./src/hotspot/share/gc/shared/memAllocator.cpp, line 136]
Event: 6.788 Thread 0x00007fe45c015420 Exception <a 'java/lang/OutOfMemoryError'{0x00000000fc67ce58}> (0x00000000fc67ce58) 
thrown [./src/hotspot/share/gc/shared/memAllocator.cpp, line 136]
Event: 7.009 Thread 0x00007fe45c015420 Exception <a 'java/lang/OutOfMemoryError'{0x00000000fc67ce58}> (0x00000000fc67ce58) 
thrown [./src/hotspot/share/gc/shared/memAllocator.cpp, line 136]
Event: 7.226 Thread 0x00007fe45c015420 Exception <a 'java/lang/OutOfMemoryError'{0x00000000fc67ce58}> (0x00000000fc67ce58) 
thrown [./src/hotspot/share/gc/shared/memAllocator.cpp, line 136]
Event: 7.463 Thread 0x00007fe45c0c6ce0 Exception <a 'java/lang/OutOfMemoryError'{0x00000000fc67ce58}> (0x00000000fc67ce58) 
thrown [./src/hotspot/share/gc/shared/memAllocator.cpp, line 136]
Event: 7.686 Thread 0x00007fe45c015420 Exception <a 'java/lang/OutOfMemoryError'{0x00000000fc67ce58}> (0x00000000fc67ce58) 
thrown [./src/hotspot/share/gc/shared/memAllocator.cpp, line 136]

VM Operations (20 events):
Event: 6.537 Executing VM operation: G1CollectForAllocation
Event: 6.662 Executing VM operation: G1CollectForAllocation done
Event: 6.662 Executing VM operation: G1CollectForAllocation
Event: 6.788 Executing VM operation: G1CollectForAllocation done
Event: 6.788 Executing VM operation: G1CollectForAllocation
Event: 6.897 Executing VM operation: G1CollectForAllocation done
Event: 6.897 Executing VM operation: G1CollectForAllocation
Event: 7.009 Executing VM operation: G1CollectForAllocation done
Event: 7.009 Executing VM operation: G1CollectForAllocation
Event: 7.120 Executing VM operation: G1CollectForAllocation done
Event: 7.120 Executing VM operation: G1CollectForAllocation
Event: 7.226 Executing VM operation: G1CollectForAllocation done
Event: 7.227 Executing VM operation: G1CollectForAllocation
Event: 7.350 Executing VM operation: G1CollectForAllocation done
Event: 7.350 Executing VM operation: G1CollectForAllocation
Event: 7.463 Executing VM operation: G1CollectForAllocation done
Event: 7.463 Executing VM operation: G1CollectForAllocation
Event: 7.588 Executing VM operation: G1CollectForAllocation done
Event: 7.588 Executing VM operation: G1CollectForAllocation
Event: 7.686 Executing VM operation: G1CollectForAllocation done

Events (20 events):
Event: 0.184 Protecting memory [0x00007fe42ad8a000,0x00007fe42ad8e000] with protection modes 0
Event: 0.436 Thread 0x00007fe45c81bef0 Thread added: 0x00007fe45c81bef0
Event: 0.436 Protecting memory [0x00007fe42ac1c000,0x00007fe42ac20000] with protection modes 0
Event: 0.645 Thread 0x00007fe45c933c30 Thread added: 0x00007fe45c933c30
Event: 0.645 Protecting memory [0x00007fe429ffe000,0x00007fe42a002000] with protection modes 0
Event: 0.648 Thread 0x00007fe45c934bb0 Thread added: 0x00007fe45c934bb0
Event: 0.648 Protecting memory [0x00007fe429efe000,0x00007fe429f02000] with protection modes 0
Event: 0.762 Thread 0x00007fe40c21acf0 Thread exited: 0x00007fe40c21acf0
Event: 0.762 Thread 0x00007fe40c216e90 Thread exited: 0x00007fe40c216e90
Event: 1.150 Thread 0x00007fe4081b3af0 Thread added: 0x00007fe4081b3af0
Event: 1.150 Protecting memory [0x00007fe42ae8a000,0x00007fe42ae8e000] with protection modes 0
Event: 1.184 Thread 0x00007fe40c351350 Thread added: 0x00007fe40c351350
Event: 1.184 Protecting memory [0x00007fe42ad8a000,0x00007fe42ad8e000] with protection modes 0
Event: 1.558 Thread 0x00007fe40c351350 Thread exited: 0x00007fe40c351350
Event: 2.441 Thread 0x00007fe4081b3af0 Thread exited: 0x00007fe4081b3af0
Event: 4.904 Thread 0x00007fe45c81bef0 Thread exited: 0x00007fe45c81bef0
Event: 7.226 Thread 0x00007fe45c015420 Thread exited: 0x00007fe45c015420
Event: 7.227 Protecting memory [0x00007fe46305c000,0x00007fe463060000] with protection modes 0
Event: 7.350 Thread 0x00007fe45c015420 Thread added: 0x00007fe45c015420
Event: 7.686 Thread 0x00007fe45c015420 Thread exited: 0x00007fe45c015420


Dynamic libraries:
fc000000-ffe00000 rw-p 00000000 00:00 0 
ffe00000-ffe77000 rw-p 00d0d000 103:06 5781804                           /usr/lib/jvm/java-19-openjdk-amd64/lib/server/classes.jsa
ffe77000-fff00000 rw-p 00000000 00:00 0 
fff00000-fff81000 rw-p 00c8c000 103:06 5781804                           /usr/lib/jvm/java-19-openjdk-amd64/lib/server/classes.jsa
fff81000-100000000 rw-p 00000000 00:00 0 
800000000-800472000 rw-p 00001000 103:06 5781804                         /usr/lib/jvm/java-19-openjdk-amd64/lib/server/classes.jsa
800472000-800c51000 r--p 00473000 103:06 5781804                         /usr/lib/jvm/java-19-openjdk-amd64/lib/server/classes.jsa
800c51000-801000000 ---p 00000000 00:00 0 
801000000-801040000 rw-p 00000000 00:00 0 
801040000-801080000 rw-p 00000000 00:00 0 
801080000-801130000 rw-p 00000000 00:00 0 
801130000-801140000 ---p 00000000 00:00 0 
801140000-801150000 rw-p 00000000 00:00 0 
801150000-841000000 ---p 00000000 00:00 0 
55c8e2900000-55c8e2901000 r--p 00000000 103:06 5259893                   /usr/lib/jvm/java-19-openjdk-amd64/bin/java
55c8e2901000-55c8e2902000 r-xp 00001000 103:06 5259893                   /usr/lib/jvm/java-19-openjdk-amd64/bin/java
55c8e2902000-55c8e2903000 r--p 00002000 103:06 5259893                   /usr/lib/jvm/java-19-openjdk-amd64/bin/java
55c8e2903000-55c8e2904000 r--p 00002000 103:06 5259893                   /usr/lib/jvm/java-19-openjdk-amd64/bin/java
55c8e2904000-55c8e2905000 rw-p 00003000 103:06 5259893                   /usr/lib/jvm/java-19-openjdk-amd64/bin/java
55c8e3450000-55c8e3497000 rw-p 00000000 00:00 0                          [heap]
7fe3d0000000-7fe3d0021000 rw-p 00000000 00:00 0 
7fe3d0021000-7fe3d4000000 ---p 00000000 00:00 0 
7fe3d4000000-7fe3d4021000 rw-p 00000000 00:00 0 
7fe3d4021000-7fe3d8000000 ---p 00000000 00:00 0 
7fe3d8000000-7fe3d8021000 rw-p 00000000 00:00 0 
7fe3d8021000-7fe3dc000000 ---p 00000000 00:00 0 
7fe3dc000000-7fe3dc021000 rw-p 00000000 00:00 0 
7fe3dc021000-7fe3e0000000 ---p 00000000 00:00 0 
7fe3e0000000-7fe3e0021000 rw-p 00000000 00:00 0 
7fe3e0021000-7fe3e4000000 ---p 00000000 00:00 0 
7fe3e4000000-7fe3e4021000 rw-p 00000000 00:00 0 
7fe3e4021000-7fe3e8000000 ---p 00000000 00:00 0 
7fe3e8000000-7fe3e8057000 rw-p 00000000 00:00 0 
7fe3e8057000-7fe3ec000000 ---p 00000000 00:00 0 
7fe3ec000000-7fe3ec021000 rw-p 00000000 00:00 0 
7fe3ec021000-7fe3f0000000 ---p 00000000 00:00 0 
7fe3f0000000-7fe3f02fc000 rw-p 00000000 00:00 0 
7fe3f02fc000-7fe3f4000000 ---p 00000000 00:00 0 
7fe3f4000000-7fe3f43c3000 rw-p 00000000 00:00 0 
7fe3f43c3000-7fe3f8000000 ---p 00000000 00:00 0 
7fe3f8000000-7fe3f8021000 rw-p 00000000 00:00 0 
7fe3f8021000-7fe3fc000000 ---p 00000000 00:00 0 
7fe3fc000000-7fe3fc021000 rw-p 00000000 00:00 0 
7fe3fc021000-7fe400000000 ---p 00000000 00:00 0 
7fe400000000-7fe400021000 rw-p 00000000 00:00 0 
7fe400021000-7fe404000000 ---p 00000000 00:00 0 
7fe404000000-7fe404021000 rw-p 00000000 00:00 0 
7fe404021000-7fe408000000 ---p 00000000 00:00 0 
7fe408000000-7fe40851e000 rw-p 00000000 00:00 0 
7fe40851e000-7fe40c000000 ---p 00000000 00:00 0 
7fe40c000000-7fe40c358000 rw-p 00000000 00:00 0 
7fe40c358000-7fe410000000 ---p 00000000 00:00 0 
7fe410000000-7fe410021000 rw-p 00000000 00:00 0 
7fe410021000-7fe414000000 ---p 00000000 00:00 0 
7fe414000000-7fe414021000 rw-p 00000000 00:00 0 
7fe414021000-7fe418000000 ---p 00000000 00:00 0 
7fe418000000-7fe418021000 rw-p 00000000 00:00 0 
7fe418021000-7fe41c000000 ---p 00000000 00:00 0 
7fe41c000000-7fe41c021000 rw-p 00000000 00:00 0 
7fe41c021000-7fe420000000 ---p 00000000 00:00 0 
7fe420000000-7fe420021000 rw-p 00000000 00:00 0 
7fe420021000-7fe424000000 ---p 00000000 00:00 0 
7fe424000000-7fe424c35000 rw-p 00000000 00:00 0 
7fe424c35000-7fe428000000 ---p 00000000 00:00 0 
7fe429bf8000-7fe429bf9000 ---p 00000000 00:00 0 
7fe429bf9000-7fe429cfa000 rw-p 00000000 00:00 0 
7fe429cfa000-7fe429cfb000 ---p 00000000 00:00 0 
7fe429cfb000-7fe429dfc000 rw-p 00000000 00:00 0 
7fe429dfc000-7fe429dfd000 ---p 00000000 00:00 0 
7fe429dfd000-7fe429efe000 rw-p 00000000 00:00 0 
7fe429efe000-7fe429f02000 ---p 00000000 00:00 0 
7fe429f02000-7fe429ffe000 rw-p 00000000 00:00 0 
7fe429ffe000-7fe42a002000 ---p 00000000 00:00 0 
7fe42a002000-7fe42a0fe000 rw-p 00000000 00:00 0 
7fe42a0fe000-7fe42a0ff000 ---p 00000000 00:00 0 
7fe42a0ff000-7fe42a200000 rw-p 00000000 00:00 0 
7fe42a200000-7fe42a203000 r-xp 00000000 103:06 8389386                   /home/kotb/.gradle/native/jansi/1.18/linux64/libjansi.so
7fe42a203000-7fe42a402000 ---p 00003000 103:06 8389386                   /home/kotb/.gradle/native/jansi/1.18/linux64/libjansi.so
7fe42a402000-7fe42a403000 rw-p 00002000 103:06 8389386                   /home/kotb/.gradle/native/jansi/1.18/linux64/libjansi.so
7fe42a4fe000-7fe42a4ff000 ---p 00000000 00:00 0 
7fe42a4ff000-7fe42a600000 rw-p 00000000 00:00 0 
7fe42a600000-7fe42a604000 r-xp 00000000 103:06 8404105                   /home/kotb/.gradle/native/68d5fa5c4cc2d200863cafc0d521ce42e7d3e7ee720ec0a83991735586a16f82/linux-amd64-ncurses6/libnative-platform-curses.so
7fe42a604000-7fe42a803000 ---p 00004000 103:06 8404105                   /home/kotb/.gradle/native/68d5fa5c4cc2d200863cafc0d521ce42e7d3e7ee720ec0a83991735586a16f82/linux-amd64-ncurses6/libnative-platform-curses.so
7fe42a803000-7fe42a804000 r--p 00003000 103:06 8404105                   /home/kotb/.gradle/native/68d5fa5c4cc2d200863cafc0d521ce42e7d3e7ee720ec0a83991735586a16f82/linux-amd64-ncurses6/libnative-platform-curses.so
7fe42a804000-7fe42a805000 rw-p 00004000 103:06 8404105                   /home/kotb/.gradle/native/68d5fa5c4cc2d200863cafc0d521ce42e7d3e7ee720ec0a83991735586a16f82/linux-amd64-ncurses6/libnative-platform-curses.so
7fe42a8fe000-7fe42a8ff000 ---p 00000000 00:00 0 
7fe42a8ff000-7fe42aa00000 rw-p 00000000 00:00 0 
7fe42aa00000-7fe42aa05000 r-xp 00000000 103:06 8404099                   /home/kotb/.gradle/native/68d5fa5c4cc2d200863cafc0d521ce42e7d3e7ee720ec0a83991735586a16f82/linux-amd64/libnative-platform.so
7fe42aa05000-7fe42ac05000 ---p 00005000 103:06 8404099                   /home/kotb/.gradle/native/68d5fa5c4cc2d200863cafc0d521ce42e7d3e7ee720ec0a83991735586a16f82/linux-amd64/libnative-platform.so
7fe42ac05000-7fe42ac06000 r--p 00005000 103:06 8404099                   /home/kotb/.gradle/native/68d5fa5c4cc2d200863cafc0d521ce42e7d3e7ee720ec0a83991735586a16f82/linux-amd64/libnative-platform.so
7fe42ac06000-7fe42ac07000 rw-p 00006000 103:06 8404099                   /home/kotb/.gradle/native/68d5fa5c4cc2d200863cafc0d521ce42e7d3e7ee720ec0a83991735586a16f82/linux-amd64/libnative-platform.so
7fe42ac1c000-7fe42ac20000 ---p 00000000 00:00 0 
7fe42ac20000-7fe42ad1c000 rw-p 00000000 00:00 0 
7fe42ad1c000-7fe42ad2a000 r--p 00000000 103:06 4989332                   /usr/lib/x86_64-linux-gnu/libtinfo.so.6.3
7fe42ad2a000-7fe42ad3b000 r-xp 0000e000 103:06 4989332                   /usr/lib/x86_64-linux-gnu/libtinfo.so.6.3
7fe42ad3b000-7fe42ad49000 r--p 0001f000 103:06 4989332                   /usr/lib/x86_64-linux-gnu/libtinfo.so.6.3
7fe42ad49000-7fe42ad4d000 r--p 0002c000 103:06 4989332                   /usr/lib/x86_64-linux-gnu/libtinfo.so.6.3
7fe42ad4d000-7fe42ad4e000 rw-p 00030000 103:06 4989332                   /usr/lib/x86_64-linux-gnu/libtinfo.so.6.3
7fe42ad4e000-7fe42ad56000 r--p 00000000 103:06 4988899                   /usr/lib/x86_64-linux-gnu/libncursesw.so.6.3
7fe42ad56000-7fe42ad7f000 r-xp 00008000 103:06 4988899                   /usr/lib/x86_64-linux-gnu/libncursesw.so.6.3
7fe42ad7f000-7fe42ad87000 r--p 00031000 103:06 4988899                   /usr/lib/x86_64-linux-gnu/libncursesw.so.6.3
7fe42ad87000-7fe42ad88000 ---p 00039000 103:06 4988899                   /usr/lib/x86_64-linux-gnu/libncursesw.so.6.3
7fe42ad88000-7fe42ad89000 r--p 00039000 103:06 4988899                   /usr/lib/x86_64-linux-gnu/libncursesw.so.6.3
7fe42ad89000-7fe42ad8a000 rw-p 0003a000 103:06 4988899                   /usr/lib/x86_64-linux-gnu/libncursesw.so.6.3
7fe42ad8a000-7fe42ad8e000 ---p 00000000 00:00 0 
7fe42ad8e000-7fe42ae8a000 rw-p 00000000 00:00 0 
7fe42ae8a000-7fe42ae8e000 ---p 00000000 00:00 0 
7fe42ae8e000-7fe42af8a000 rw-p 00000000 00:00 0 
7fe42af8a000-7fe42af8e000 ---p 00000000 00:00 0 
7fe42af8e000-7fe42b08a000 rw-p 00000000 00:00 0 
7fe42b08a000-7fe42b08b000 ---p 00000000 00:00 0 
7fe42b08b000-7fe42b18c000 rw-p 00000000 00:00 0 
7fe42b18c000-7fe42b190000 ---p 00000000 00:00 0 
7fe42b190000-7fe42b28c000 rw-p 00000000 00:00 0 
7fe42b28c000-7fe42b290000 ---p 00000000 00:00 0 
7fe42b290000-7fe42b38c000 rw-p 00000000 00:00 0 
7fe42b38c000-7fe42b390000 ---p 00000000 00:00 0 
7fe42b390000-7fe42b48c000 rw-p 00000000 00:00 0 
7fe42b48c000-7fe42b490000 ---p 00000000 00:00 0 
7fe42b490000-7fe42b58c000 rw-p 00000000 00:00 0 
7fe42b58c000-7fe42b590000 ---p 00000000 00:00 0 
7fe42b590000-7fe42b68c000 rw-p 00000000 00:00 0 
7fe42b68c000-7fe42b690000 ---p 00000000 00:00 0 
7fe42b690000-7fe42b78c000 rw-p 00000000 00:00 0 
7fe42b78c000-7fe42b790000 ---p 00000000 00:00 0 
7fe42b790000-7fe42b88c000 rw-p 00000000 00:00 0 
7fe42b88c000-7fe42b890000 ---p 00000000 00:00 0 
7fe42b890000-7fe42b98c000 rw-p 00000000 00:00 0 
7fe42b98c000-7fe42b990000 ---p 00000000 00:00 0 
7fe42b990000-7fe42ba8c000 rw-p 00000000 00:00 0 
7fe42ba8c000-7fe42c000000 r--p 00000000 103:06 4987288                   /usr/lib/locale/locale-archive
7fe42c000000-7fe42c340000 rw-p 00000000 00:00 0 
7fe42c340000-7fe42c400000 ---p 00000000 00:00 0 
7fe42c400000-7fe42c7f0000 rw-p 00000000 00:00 0 
7fe42c7f0000-7fe430000000 ---p 00000000 00:00 0 
7fe430000000-7fe430021000 rw-p 00000000 00:00 0 
7fe430021000-7fe434000000 ---p 00000000 00:00 0 
7fe434000000-7fe434021000 rw-p 00000000 00:00 0 
7fe434021000-7fe438000000 ---p 00000000 00:00 0 
7fe438000000-7fe438021000 rw-p 00000000 00:00 0 
7fe438021000-7fe43c000000 ---p 00000000 00:00 0 
7fe43c000000-7fe43c021000 rw-p 00000000 00:00 0 
7fe43c021000-7fe440000000 ---p 00000000 00:00 0 
7fe440000000-7fe440021000 rw-p 00000000 00:00 0 
7fe440021000-7fe444000000 ---p 00000000 00:00 0 
7fe444014000-7fe444015000 r--p 00000000 103:06 4989404                   /usr/lib/x86_64-linux-gnu/libutil.so.1
7fe444015000-7fe444016000 r-xp 00001000 103:06 4989404                   /usr/lib/x86_64-linux-gnu/libutil.so.1
7fe444016000-7fe444017000 r--p 00002000 103:06 4989404                   /usr/lib/x86_64-linux-gnu/libutil.so.1
7fe444017000-7fe444018000 r--p 00002000 103:06 4989404                   /usr/lib/x86_64-linux-gnu/libutil.so.1
7fe444018000-7fe444019000 rw-p 00003000 103:06 4989404                   /usr/lib/x86_64-linux-gnu/libutil.so.1
7fe444023000-7fe444024000 r--p 00000000 103:06 5379195                   /usr/lib/jvm/java-19-openjdk-amd64/lib/libextnet.so
7fe444024000-7fe444025000 r-xp 00001000 103:06 5379195                   /usr/lib/jvm/java-19-openjdk-amd64/lib/libextnet.so
7fe444025000-7fe444026000 r--p 00002000 103:06 5379195                   /usr/lib/jvm/java-19-openjdk-amd64/lib/libextnet.so
7fe444026000-7fe444027000 r--p 00002000 103:06 5379195                   /usr/lib/jvm/java-19-openjdk-amd64/lib/libextnet.so
7fe444027000-7fe444028000 rw-p 00003000 103:06 5379195                   /usr/lib/jvm/java-19-openjdk-amd64/lib/libextnet.so
7fe444028000-7fe44402a000 r--p 00000000 103:06 5379213                   /usr/lib/jvm/java-19-openjdk-amd64/lib/libmanagement_ext.so
7fe44402a000-7fe44402d000 r-xp 00002000 103:06 5379213                   /usr/lib/jvm/java-19-openjdk-amd64/lib/libmanagement_ext.so
7fe44402d000-7fe44402e000 r--p 00005000 103:06 5379213                   /usr/lib/jvm/java-19-openjdk-amd64/lib/libmanagement_ext.so
7fe44402e000-7fe44402f000 ---p 00006000 103:06 5379213                   /usr/lib/jvm/java-19-openjdk-amd64/lib/libmanagement_ext.so
7fe44402f000-7fe444030000 r--p 00006000 103:06 5379213                   /usr/lib/jvm/java-19-openjdk-amd64/lib/libmanagement_ext.so
7fe444030000-7fe444031000 rw-p 00007000 103:06 5379213                   /usr/lib/jvm/java-19-openjdk-amd64/lib/libmanagement_ext.so
7fe444031000-7fe444033000 r--p 00000000 103:06 5379211                   /usr/lib/jvm/java-19-openjdk-amd64/lib/libmanagement.so
7fe444033000-7fe444034000 r-xp 00002000 103:06 5379211                   /usr/lib/jvm/java-19-openjdk-amd64/lib/libmanagement.so
7fe444034000-7fe444035000 r--p 00003000 103:06 5379211                   /usr/lib/jvm/java-19-openjdk-amd64/lib/libmanagement.so
7fe444035000-7fe444036000 r--p 00003000 103:06 5379211                   /usr/lib/jvm/java-19-openjdk-amd64/lib/libmanagement.so
7fe444036000-7fe444037000 rw-p 00004000 103:06 5379211                   /usr/lib/jvm/java-19-openjdk-amd64/lib/libmanagement.so
7fe444037000-7fe444068000 rw-p 00000000 00:00 0 
7fe444068000-7fe444069000 ---p 00000000 00:00 0 
7fe444069000-7fe44416a000 rw-p 00000000 00:00 0 
7fe44416a000-7fe44416f000 r--p 00000000 103:06 5379209                   /usr/lib/jvm/java-19-openjdk-amd64/lib/libjsvml.so
7fe44416f000-7fe4441b0000 r-xp 00005000 103:06 5379209                   /usr/lib/jvm/java-19-openjdk-amd64/lib/libjsvml.so
7fe4441b0000-7fe444239000 r--p 00046000 103:06 5379209                   /usr/lib/jvm/java-19-openjdk-amd64/lib/libjsvml.so
7fe444239000-7fe44423a000 r--p 000ce000 103:06 5379209                   /usr/lib/jvm/java-19-openjdk-amd64/lib/libjsvml.so
7fe44423a000-7fe44423b000 rw-p 000cf000 103:06 5379209                   /usr/lib/jvm/java-19-openjdk-amd64/lib/libjsvml.so
7fe44423b000-7fe4442bc000 rw-p 00000000 00:00 0 
7fe4442bc000-7fe4442bd000 ---p 00000000 00:00 0 
7fe4442bd000-7fe4443be000 rw-p 00000000 00:00 0 
7fe4443be000-7fe4443bf000 ---p 00000000 00:00 0 
7fe4443bf000-7fe444cc8000 rw-p 00000000 00:00 0 
7fe444cc8000-7fe444f48000 rwxp 00000000 00:00 0 
7fe444f48000-7fe44c1ff000 ---p 00000000 00:00 0 
7fe44c1ff000-7fe44c46f000 rwxp 00000000 00:00 0 
7fe44c46f000-7fe44c791000 ---p 00000000 00:00 0 
7fe44c791000-7fe44ca01000 rwxp 00000000 00:00 0 
7fe44ca01000-7fe453cc8000 ---p 00000000 00:00 0 
7fe453cc8000-7fe45c000000 r--s 00000000 103:06 5379224                   /usr/lib/jvm/java-19-openjdk-amd64/lib/modules
7fe45c000000-7fe45c96d000 rw-p 00000000 00:00 0 
7fe45c96d000-7fe460000000 ---p 00000000 00:00 0 
7fe460004000-7fe46000b000 r--s 00000000 103:06 5767902                   /usr/lib/x86_64-linux-gnu/gconv/gconv-modules.cache
7fe46000b000-7fe46000f000 r--p 00000000 103:06 5379222                   /usr/lib/jvm/java-19-openjdk-amd64/lib/libverify.so
7fe46000f000-7fe460016000 r-xp 00004000 103:06 5379222                   /usr/lib/jvm/java-19-openjdk-amd64/lib/libverify.so
7fe460016000-7fe460018000 r--p 0000b000 103:06 5379222                   /usr/lib/jvm/java-19-openjdk-amd64/lib/libverify.so
7fe460018000-7fe46001a000 r--p 0000c000 103:06 5379222                   /usr/lib/jvm/java-19-openjdk-amd64/lib/libverify.so
7fe46001a000-7fe46001b000 rw-p 0000e000 103:06 5379222                   /usr/lib/jvm/java-19-openjdk-amd64/lib/libverify.so
7fe46001b000-7fe46001e000 r--p 00000000 103:06 5379215                   /usr/lib/jvm/java-19-openjdk-amd64/lib/libnet.so
7fe46001e000-7fe460026000 r-xp 00003000 103:06 5379215                   /usr/lib/jvm/java-19-openjdk-amd64/lib/libnet.so
7fe460026000-7fe460028000 r--p 0000b000 103:06 5379215                   /usr/lib/jvm/java-19-openjdk-amd64/lib/libnet.so
7fe460028000-7fe460029000 ---p 0000d000 103:06 5379215                   /usr/lib/jvm/java-19-openjdk-amd64/lib/libnet.so
7fe460029000-7fe46002a000 r--p 0000d000 103:06 5379215                   /usr/lib/jvm/java-19-openjdk-amd64/lib/libnet.so
7fe46002a000-7fe46002b000 rw-p 0000e000 103:06 5379215                   /usr/lib/jvm/java-19-openjdk-amd64/lib/libnet.so
7fe46002b000-7fe460032000 r--p 00000000 103:06 5379216                   /usr/lib/jvm/java-19-openjdk-amd64/lib/libnio.so
7fe460032000-7fe46003b000 r-xp 00007000 103:06 5379216                   /usr/lib/jvm/java-19-openjdk-amd64/lib/libnio.so
7fe46003b000-7fe460040000 r--p 00010000 103:06 5379216                   /usr/lib/jvm/java-19-openjdk-amd64/lib/libnio.so
7fe460040000-7fe460041000 r--p 00014000 103:06 5379216                   /usr/lib/jvm/java-19-openjdk-amd64/lib/libnio.so
7fe460041000-7fe460042000 rw-p 00015000 103:06 5379216                   /usr/lib/jvm/java-19-openjdk-amd64/lib/libnio.so
7fe460042000-7fe4620de000 rw-p 00000000 00:00 0 
7fe4620de000-7fe4620df000 ---p 00000000 00:00 0 
7fe4620df000-7fe4621e0000 rw-p 00000000 00:00 0 
7fe4621e0000-7fe4621e1000 ---p 00000000 00:00 0 
7fe4621e1000-7fe4622e2000 rw-p 00000000 00:00 0 
7fe4622e2000-7fe4622e3000 ---p 00000000 00:00 0 
7fe4622e3000-7fe462609000 rw-p 00000000 00:00 0 
7fe462609000-7fe462e56000 rw-p 00000000 00:00 0 
7fe462e56000-7fe462f3c000 ---p 00000000 00:00 0 
7fe462f3c000-7fe462f41000 rw-p 00000000 00:00 0 
7fe462f41000-7fe463027000 ---p 00000000 00:00 0 
7fe463027000-7fe46302c000 rw-p 00000000 00:00 0 
7fe46302c000-7fe463033000 ---p 00000000 00:00 0 
7fe463033000-7fe463040000 r--p 00000000 103:06 5379202                   /usr/lib/jvm/java-19-openjdk-amd64/lib/libjava.so
7fe463040000-7fe463053000 r-xp 0000d000 103:06 5379202                   /usr/lib/jvm/java-19-openjdk-amd64/lib/libjava.so
7fe463053000-7fe463059000 r--p 00020000 103:06 5379202                   /usr/lib/jvm/java-19-openjdk-amd64/lib/libjava.so
7fe463059000-7fe46305a000 r--p 00025000 103:06 5379202                   /usr/lib/jvm/java-19-openjdk-amd64/lib/libjava.so
7fe46305a000-7fe46305b000 rw-p 00026000 103:06 5379202                   /usr/lib/jvm/java-19-openjdk-amd64/lib/libjava.so
7fe46305b000-7fe46305c000 rw-p 00000000 00:00 0 
7fe46305c000-7fe463060000 ---p 00000000 00:00 0 
7fe463060000-7fe46315c000 rw-p 00000000 00:00 0 
7fe46315c000-7fe46315f000 r--p 00000000 103:06 4988466                   /usr/lib/x86_64-linux-gnu/libgcc_s.so.1
7fe46315f000-7fe463176000 r-xp 00003000 103:06 4988466                   /usr/lib/x86_64-linux-gnu/libgcc_s.so.1
7fe463176000-7fe46317a000 r--p 0001a000 103:06 4988466                   /usr/lib/x86_64-linux-gnu/libgcc_s.so.1
7fe46317a000-7fe46317b000 r--p 0001d000 103:06 4988466                   /usr/lib/x86_64-linux-gnu/libgcc_s.so.1
7fe46317b000-7fe46317c000 rw-p 0001e000 103:06 4988466                   /usr/lib/x86_64-linux-gnu/libgcc_s.so.1
7fe46317c000-7fe46318a000 r--p 00000000 103:06 4988809                   /usr/lib/x86_64-linux-gnu/libm.so.6
7fe46318a000-7fe463206000 r-xp 0000e000 103:06 4988809                   /usr/lib/x86_64-linux-gnu/libm.so.6
7fe463206000-7fe463261000 r--p 0008a000 103:06 4988809                   /usr/lib/x86_64-linux-gnu/libm.so.6
7fe463261000-7fe463262000 r--p 000e4000 103:06 4988809                   /usr/lib/x86_64-linux-gnu/libm.so.6
7fe463262000-7fe463263000 rw-p 000e5000 103:06 4988809                   /usr/lib/x86_64-linux-gnu/libm.so.6
7fe463263000-7fe4632fd000 r--p 00000000 103:06 4989289                   /usr/lib/x86_64-linux-gnu/libstdc++.so.6.0.30
7fe4632fd000-7fe46340d000 r-xp 0009a000 103:06 4989289                   /usr/lib/x86_64-linux-gnu/libstdc++.so.6.0.30
7fe46340d000-7fe46347c000 r--p 001aa000 103:06 4989289                   /usr/lib/x86_64-linux-gnu/libstdc++.so.6.0.30
7fe46347c000-7fe463487000 r--p 00218000 103:06 4989289                   /usr/lib/x86_64-linux-gnu/libstdc++.so.6.0.30
7fe463487000-7fe46348a000 rw-p 00223000 103:06 4989289                   /usr/lib/x86_64-linux-gnu/libstdc++.so.6.0.30
7fe46348a000-7fe46348d000 rw-p 00000000 00:00 0 
7fe46348d000-7fe463700000 r--p 00000000 103:06 5781807                   /usr/lib/jvm/java-19-openjdk-amd64/lib/server/libjvm.so
7fe463700000-7fe464555000 r-xp 00273000 103:06 5781807                   /usr/lib/jvm/java-19-openjdk-amd64/lib/server/libjvm.so
7fe464555000-7fe464720000 r--p 010c8000 103:06 5781807                   /usr/lib/jvm/java-19-openjdk-amd64/lib/server/libjvm.so
7fe464720000-7fe4647eb000 r--p 01292000 103:06 5781807                   /usr/lib/jvm/java-19-openjdk-amd64/lib/server/libjvm.so
7fe4647eb000-7fe464818000 rw-p 0135d000 103:06 5781807                   /usr/lib/jvm/java-19-openjdk-amd64/lib/server/libjvm.so
7fe464818000-7fe464877000 rw-p 00000000 00:00 0 
7fe464877000-7fe464879000 r--p 00000000 103:06 4989583                   /usr/lib/x86_64-linux-gnu/libz.so.1.2.11
7fe464879000-7fe46488a000 r-xp 00002000 103:06 4989583                   /usr/lib/x86_64-linux-gnu/libz.so.1.2.11
7fe46488a000-7fe464890000 r--p 00013000 103:06 4989583                   /usr/lib/x86_64-linux-gnu/libz.so.1.2.11
7fe464890000-7fe464891000 ---p 00019000 103:06 4989583                   /usr/lib/x86_64-linux-gnu/libz.so.1.2.11
7fe464891000-7fe464892000 r--p 00019000 103:06 4989583                   /usr/lib/x86_64-linux-gnu/libz.so.1.2.11
7fe464892000-7fe464893000 rw-p 0001a000 103:06 4989583                   /usr/lib/x86_64-linux-gnu/libz.so.1.2.11
7fe464893000-7fe4648bb000 r--p 00000000 103:06 4988112                   /usr/lib/x86_64-linux-gnu/libc.so.6
7fe4648bb000-7fe464a50000 r-xp 00028000 103:06 4988112                   /usr/lib/x86_64-linux-gnu/libc.so.6
7fe464a50000-7fe464aa8000 r--p 001bd000 103:06 4988112                   /usr/lib/x86_64-linux-gnu/libc.so.6
7fe464aa8000-7fe464aac000 r--p 00214000 103:06 4988112                   /usr/lib/x86_64-linux-gnu/libc.so.6
7fe464aac000-7fe464aae000 rw-p 00218000 103:06 4988112                   /usr/lib/x86_64-linux-gnu/libc.so.6
7fe464aae000-7fe464abb000 rw-p 00000000 00:00 0 
7fe464abc000-7fe464abe000 r--s 0000c000 103:06 5905629                   /usr/share/java/java-atk-wrapper.jar
7fe464abe000-7fe464ac0000 r--p 00000000 103:06 5379223                   /usr/lib/jvm/java-19-openjdk-amd64/lib/libzip.so
7fe464ac0000-7fe464ac4000 r-xp 00002000 103:06 5379223                   /usr/lib/jvm/java-19-openjdk-amd64/lib/libzip.so
7fe464ac4000-7fe464ac6000 r--p 00006000 103:06 5379223                   /usr/lib/jvm/java-19-openjdk-amd64/lib/libzip.so
7fe464ac6000-7fe464ac7000 r--p 00007000 103:06 5379223                   /usr/lib/jvm/java-19-openjdk-amd64/lib/libzip.so
7fe464ac7000-7fe464ac8000 rw-p 00008000 103:06 5379223                   /usr/lib/jvm/java-19-openjdk-amd64/lib/libzip.so
7fe464ac8000-7fe464ad0000 rw-s 00000000 103:06 1056629                   /tmp/hsperfdata_kotb/50539
7fe464ad0000-7fe464ad1000 ---p 00000000 00:00 0 
7fe464ad1000-7fe464ad2000 r--p 00000000 00:00 0 
7fe464ad2000-7fe464ad4000 r--p 00000000 103:06 5379205                   /usr/lib/jvm/java-19-openjdk-amd64/lib/libjimage.so
7fe464ad4000-7fe464ad6000 r-xp 00002000 103:06 5379205                   /usr/lib/jvm/java-19-openjdk-amd64/lib/libjimage.so
7fe464ad6000-7fe464ad7000 r--p 00004000 103:06 5379205                   /usr/lib/jvm/java-19-openjdk-amd64/lib/libjimage.so
7fe464ad7000-7fe464ad8000 r--p 00004000 103:06 5379205                   /usr/lib/jvm/java-19-openjdk-amd64/lib/libjimage.so
7fe464ad8000-7fe464ad9000 rw-p 00005000 103:06 5379205                   /usr/lib/jvm/java-19-openjdk-amd64/lib/libjimage.so
7fe464ad9000-7fe464adb000 r--p 00000000 103:06 5379206                   /usr/lib/jvm/java-19-openjdk-amd64/lib/libjli.so
7fe464adb000-7fe464ae5000 r-xp 00002000 103:06 5379206                   /usr/lib/jvm/java-19-openjdk-amd64/lib/libjli.so
7fe464ae5000-7fe464ae8000 r--p 0000c000 103:06 5379206                   /usr/lib/jvm/java-19-openjdk-amd64/lib/libjli.so
7fe464ae8000-7fe464ae9000 r--p 0000e000 103:06 5379206                   /usr/lib/jvm/java-19-openjdk-amd64/lib/libjli.so
7fe464ae9000-7fe464aea000 rw-p 0000f000 103:06 5379206                   /usr/lib/jvm/java-19-openjdk-amd64/lib/libjli.so
7fe464aea000-7fe464aec000 rw-p 00000000 00:00 0 
7fe464aec000-7fe464aee000 r--p 00000000 103:06 4987721                   /usr/lib/x86_64-linux-gnu/ld-linux-x86-64.so.2
7fe464aee000-7fe464b18000 r-xp 00002000 103:06 4987721                   /usr/lib/x86_64-linux-gnu/ld-linux-x86-64.so.2
7fe464b18000-7fe464b23000 r--p 0002c000 103:06 4987721                   /usr/lib/x86_64-linux-gnu/ld-linux-x86-64.so.2
7fe464b23000-7fe464b24000 ---p 00000000 00:00 0 
7fe464b24000-7fe464b26000 r--p 00037000 103:06 4987721                   /usr/lib/x86_64-linux-gnu/ld-linux-x86-64.so.2
7fe464b26000-7fe464b28000 rw-p 00039000 103:06 4987721                   /usr/lib/x86_64-linux-gnu/ld-linux-x86-64.so.2
7ffcbdc67000-7ffcbdc89000 rw-p 00000000 00:00 0                          [stack]
7ffcbdcd4000-7ffcbdcd8000 r--p 00000000 00:00 0                          [vvar]
7ffcbdcd8000-7ffcbdcda000 r-xp 00000000 00:00 0                          [vdso]
ffffffffff600000-ffffffffff601000 --xp 00000000 00:00 0                  [vsyscall]


VM Arguments:
jvm_args: -Xmx64m -Xms64m -Dorg.gradle.appname=gradlew 
java_command: org.gradle.wrapper.GradleWrapperMain run
java_class_path (initial): /home/kotb/code/projects/Bitcask4j/gradle/wrapper/gradle-wrapper.jar
Launcher Type: SUN_STANDARD

[Global flags]
     intx CICompilerCount                          = 4                                         {product} {ergonomic}
     uint ConcGCThreads                            = 2                                         {product} {ergonomic}
     uint G1ConcRefinementThreads                  = 8                                         {product} {ergonomic}
   size_t G1HeapRegionSize                         = 1048576                                   {product} {ergonomic}
    uintx GCDrainStackTargetSize                   = 64                                        {product} {ergonomic}
   size_t InitialHeapSize                          = 67108864                                  {product} {command line}
   size_t MarkStackSize                            = 4194304                                   {product} {ergonomic}
   size_t MaxHeapSize                              = 67108864                                  {product} {command line}
   size_t MaxNewSize                               = 39845888                                  {product} {ergonomic}
   size_t MinHeapDeltaBytes                        = 1048576                                   {product} {ergonomic}
   size_t MinHeapSize                              = 67108864                                  {product} {command line}
    uintx NonNMethodCodeHeapSize                   = 5839372                                {pd product} {ergonomic}
    uintx NonProfiledCodeHeapSize                  = 122909434                              {pd product} {ergonomic}
    uintx ProfiledCodeHeapSize                     = 122909434                              {pd product} {ergonomic}
    uintx ReservedCodeCacheSize                    = 251658240                              {pd product} {ergonomic}
     bool SegmentedCodeCache                       = true                                      {product} {ergonomic}
   size_t SoftMaxHeapSize                          = 67108864                               {manageable} {ergonomic}
     bool UseCompressedClassPointers               = true                           {product lp64_product} {ergonomic}
     bool UseCompressedOops                        = true                           {product lp64_product} {ergonomic}
     bool UseG1GC                                  = true                                      {product} {ergonomic}

Logging:
Log output configuration:
 #0: stdout all=warning uptime,level,tags foldmultilines=false
 #1: stderr all=off uptime,level,tags foldmultilines=false

Environment Variables:
JAVA_HOME=/usr/lib/jvm/java-19-openjdk-amd64
PATH=/home/kotb/.sdkman/candidates/gradle/current/bin:/home/kotb/.cargo/bin:/home/kotb/.local/bin:/usr/lib/jvm/java-19-openjdk-amd64/bin:/usr/local/sbin:/usr/local/bin:/usr/sbin:/usr/bin:/sbin:/bin:/usr/games:/usr/local/games:/snap/bin:/home/kotb/.local/share/coursier/bin:/home/kotb/.cargo/bin/neovide:~/.local/share/coursier/bin/
SHELL=/bin/bash
DISPLAY=:0
LANG=en_US.UTF-8
LC_NUMERIC=en_US.UTF-8
LC_TIME=en_US.UTF-8
TERM=xterm-256color

Active Locale:
LC_ALL=en_US.UTF-8
LC_COLLATE=en_US.UTF-8
LC_CTYPE=en_US.UTF-8
LC_MESSAGES=en_US.UTF-8
LC_MONETARY=en_US.UTF-8
LC_NUMERIC=en_US.UTF-8
LC_TIME=en_US.UTF-8

Signal Handlers:
   SIGSEGV: 0x00007fe464298900 in libjvm.so+14727424, mask=11100100010111111101111111111110, flags=SA_RESTART|SA_SIGINFO
    SIGBUS: 0x00007fe464298900 in libjvm.so+14727424, mask=11100100010111111101111111111110, flags=SA_RESTART|SA_SIGINFO
    SIGFPE: 0x00007fe464298900 in libjvm.so+14727424, mask=11100100010111111101111111111110, flags=SA_RESTART|SA_SIGINFO
   SIGPIPE: 0x00007fe464180f50 in libjvm.so+13582160, mask=11100100010111111101111111111110, flags=SA_RESTART|SA_SIGINFO
   SIGXFSZ: 0x00007fe464180f50 in libjvm.so+13582160, mask=11100100010111111101111111111110, flags=SA_RESTART|SA_SIGINFO
    SIGILL: 0x00007fe464298900 in libjvm.so+14727424, mask=11100100010111111101111111111110, flags=SA_RESTART|SA_SIGINFO
   SIGUSR2: 0x00007fe46417a7c0 in libjvm.so+13555648, mask=00000000000000000000000000000000, flags=SA_RESTART|SA_SIGINFO
    SIGHUP: 0x00007fe46417a6e0 in libjvm.so+13555424, mask=11100100010111111101111111111110, flags=SA_RESTART|SA_SIGINFO
    SIGINT: 0x00007fe46417a6e0 in libjvm.so+13555424, mask=11100100010111111101111111111110, flags=SA_RESTART|SA_SIGINFO
   SIGTERM: 0x00007fe46417a6e0 in libjvm.so+13555424, mask=11100100010111111101111111111110, flags=SA_RESTART|SA_SIGINFO
   SIGQUIT: 0x00007fe46417a6e0 in libjvm.so+13555424, mask=11100100010111111101111111111110, flags=SA_RESTART|SA_SIGINFO
   SIGTRAP: 0x00007fe464298900 in libjvm.so+14727424, mask=11100100010111111101111111111110, flags=SA_RESTART|SA_SIGINFO


---------------  S Y S T E M  ---------------

OS:
DISTRIB_ID=LinuxMint
DISTRIB_RELEASE=21.1
DISTRIB_CODENAME=vera
DISTRIB_DESCRIPTION="Linux Mint 21.1 Vera"
uname: Linux 5.15.0-71-generic #78-Ubuntu SMP Tue Apr 18 09:00:29 UTC 2023 x86_64
OS uptime: 0 days 10:00 hours
libc: glibc 2.35 NPTL 2.35 
rlimit (soft/hard): STACK 8192k/infinity , CORE 0k/infinity , NPROC 54773/54773 , NOFILE 1048576/1048576 , AS infinity/infinity , CPU infinity/infinity , DATA infinity/infinity , FSIZE infinity/infinity , MEMLOCK 1781512k/1781512k
load average: 2.91 1.83 1.00

/proc/meminfo:
MemTotal:       14252108 kB
MemFree:         3477512 kB
MemAvailable:    7920096 kB
Buffers:          319856 kB
Cached:          4411756 kB
SwapCached:            0 kB
Active:          1865664 kB
Inactive:        8066292 kB
Active(anon):       3080 kB
Inactive(anon):  5361888 kB
Active(file):    1862584 kB
Inactive(file):  2704404 kB
Unevictable:         144 kB
Mlocked:             144 kB
SwapTotal:       2097148 kB
SwapFree:        2097148 kB
Dirty:             16416 kB
Writeback:             0 kB
AnonPages:       5200464 kB
Mapped:          1167476 kB
Shmem:            171944 kB
KReclaimable:     204944 kB
Slab:             372836 kB
SReclaimable:     204944 kB
SUnreclaim:       167892 kB
KernelStack:       20496 kB
PageTables:        53796 kB
NFS_Unstable:          0 kB
Bounce:                0 kB
WritebackTmp:          0 kB
CommitLimit:     9223200 kB
Committed_AS:   14084956 kB
VmallocTotal:   34359738367 kB
VmallocUsed:      147784 kB
VmallocChunk:          0 kB
Percpu:            16320 kB
HardwareCorrupted:     0 kB
AnonHugePages:         0 kB
ShmemHugePages:        0 kB
ShmemPmdMapped:        0 kB
FileHugePages:         0 kB
FilePmdMapped:         0 kB
HugePages_Total:       0
HugePages_Free:        0
HugePages_Rsvd:        0
HugePages_Surp:        0
Hugepagesize:       2048 kB
Hugetlb:               0 kB
DirectMap4k:      642680 kB
DirectMap2M:     8730624 kB
DirectMap1G:     5242880 kB

/sys/kernel/mm/transparent_hugepage/enabled: always [madvise] never
/sys/kernel/mm/transparent_hugepage/defrag (defrag/compaction efforts parameter): always defer defer+madvise [madvise] never

Process Memory:
Virtual Size: 3536352K (peak: 3548672K)
Resident Set Size: 136024K (peak: 137420K) (anon: 105696K, file: 30328K, shmem: 0K)
Swapped out: 0K
C-Heap outstanding allocations: 34187K, retained: 17212K
glibc malloc tunables: (default)

/proc/sys/kernel/threads-max (system-wide limit on the number of threads): 109547
/proc/sys/vm/max_map_count (maximum number of memory map areas a process may have): 65530
/proc/sys/kernel/pid_max (system-wide limit on number of process identifiers): 4194304

container (cgroup) information:
container_type: cgroupv2
cpu_cpuset_cpus: not supported
cpu_memory_nodes: not supported
active_processor_count: 8
cpu_quota: not supported
cpu_period: not supported
cpu_shares: not supported
memory_limit_in_bytes: unlimited
memory_and_swap_limit_in_bytes: unlimited
memory_soft_limit_in_bytes: unlimited
memory_usage_in_bytes: 3744800 k
memory_max_usage_in_bytes: not supported
maximum number of tasks: 16432
current number of tasks: 328

Steal ticks since vm start: 0
Steal ticks percentage since vm start:  0.000

CPU: total 8 (initial active 8) (8 cores per cpu, 2 threads per core) family 23 model 24 stepping 1 microcode 0x8108102, cx8, cmov, fxsr, ht, mmx, 3dnowpref, sse, sse2, sse3, ssse3, sse4a, sse4.1, sse4.2, popcnt, lzcnt, tsc, tscinvbit, avx, avx2, aes, clmul, bmi1, bmi2, adx, sha, fma, vzeroupper, clflush, clflushopt, rdtscp
CPU Model and flags from /proc/cpuinfo:
model name	: AMD Ryzen 7 3750H with Radeon Vega Mobile Gfx
flags		: fpu vme de pse tsc msr pae mce cx8 apic sep mtrr pge mca cmov pat pse36 clflush mmx fxsr sse sse2 ht syscall nx mmxext fxsr_opt pdpe1gb rdtscp lm constant_tsc rep_good nopl nonstop_tsc cpuid extd_apicid aperfmperf rapl pni pclmulqdq monitor ssse3 fma cx16 sse4_1 sse4_2 movbe popcnt aes xsave avx f16c rdrand lahf_lm cmp_legacy svm extapic cr8_legacy abm sse4a misalignsse 3dnowprefetch osvw skinit wdt tce topoext perfctr_core perfctr_nb bpext perfctr_llc mwaitx cpb hw_pstate ssbd ibpb vmmcall fsgsbase bmi1 avx2 smep bmi2 rdseed adx smap clflushopt sha_ni xsaveopt xsavec xgetbv1 xsaves clzero irperf xsaveerptr arat npt lbrv svm_lock nrip_save tsc_scale vmcb_clean flushbyasid decodeassists pausefilter pfthreshold avic v_vmsave_vmload vgif overflow_recov succor smca sme sev sev_es

Online cpus: 0-7
Offline cpus: 8-15
BIOS frequency limitation: 2300000
Frequency switch latency (ns): 0
Available cpu frequencies: 2300000 1700000 1400000 
Current governor: ondemand
Core performance/turbo boost: 1

Memory: 4k page, physical 14252108k(3477512k free), swap 2097148k(2097148k free)
Page Sizes: 4k

vm_info: OpenJDK 64-Bit Server VM (19.0.2+7-Ubuntu-0ubuntu322.04) for linux-amd64 JRE (19.0.2+7-Ubuntu-0ubuntu322.04), built on 2023-02-19T21:39:48Z by "buildd" with gcc 11.3.0

END.
