#
# A fatal error has been detected by the Java Runtime Environment:
#
#  SIGSEGV (0xb) at pc=0x00007fbcc7645d2f, pid=47365, tid=47365
#
# JRE version: OpenJDK Runtime Environment (19.0.2+7) (build 19.0.2+7-Ubuntu-0ubuntu322.04)
# Java VM: OpenJDK 64-Bit Server VM (19.0.2+7-Ubuntu-0ubuntu322.04, mixed mode, sharing, tiered, compressed oops, compressed class ptrs, g1 gc, linux-amd64)
# Problematic frame:
# V  [libjvm.so+0xdbcd2f]
#
# Core dump will be written. Default location: Core dumps may be processed with "/lib/systemd/systemd-coredump %P %u %g %s %t 9223372036854775808 %h" (or dumping to /home/kotb/code/projects/Bitcask4j/core.47365)
#
# If you would like to submit a bug report, please visit:
#   Unknown
#

---------------  S U M M A R Y ------------

Command Line: -Xmx64m -Xms64m -Dorg.gradle.appname=gradlew org.gradle.wrapper.GradleWrapperMain run

Host: AMD Ryzen 7 3750H with Radeon Vega Mobile Gfx, 8 cores, 13G, Linux Mint 21.1 Vera
Time: Sun May 21 23:53:02 2023 EEST elapsed time: 7.288189 seconds (0d 0h 0m 7s)

---------------  T H R E A D  ---------------

Current thread is native thread

Stack: [0x00007fffdc02a000,0x00007fffdc829000],  sp=0x00007fffdc828518,  free space=8185k
Native frames: (J=compiled Java code, j=interpreted, Vv=VM code, C=native code)
V  [libjvm.so+0xdbcd2f]
V  [libjvm.so+0x802741]


siginfo: si_signo: 11 (SIGSEGV), si_code: 1 (SEGV_MAPERR), si_addr: 0x00000000000000c8

Registers:
RAX=0x0000000000000000, RBX=0x0000000000000624, RCX=0x00007fbcc7ea8c80, RDX=0x000000000000004c
RSP=0x00007fffdc828518, RBP=0x00007fffdc8285c0, RSI=0x00007fffdc828548, RDI=0x00007fffdc828548
R8 =0x0000000000000000, R9 =0x000055ca1320db80, R10=0x00007fbcc7ea90e0, R11=0x00007fbcc7ea8ce0
R12=0x0000000000000001, R13=0x0000000000000000, R14=0x00007fbcc7c3d960, R15=0x000055ca1320ceb0
RIP=0x00007fbcc7645d2f, EFLAGS=0x0000000000010206, CSGSFS=0x002b000000000033, ERR=0x0000000000000004
  TRAPNO=0x000000000000000e


Top of Stack: (sp=0x00007fffdc828518)
0x00007fffdc828518:   00007fbcc70c077a 00007fbcc7ea8ce0
0x00007fffdc828528:   00007fffdc828548 0000000200000000
0x00007fffdc828538:   0000000000000004 00007fffdc829056
0x00007fffdc828548:   0000000000000000 0000000000000000 

Instructions: (pc=0x00007fbcc7645d2f)
0x00007fbcc7645c2f:   38 ff ff ff 48 8d 3d e6 2b 60 00 48 8d 85 50 ff
0x00007fbcc7645c3f:   ff ff c7 85 30 ff ff ff 08 00 00 00 c7 85 34 ff
0x00007fbcc7645c4f:   ff ff 30 00 00 00 48 89 85 40 ff ff ff e8 ff 5e
0x00007fbcc7645c5f:   2b 00 c9 c3 90 66 66 2e 0f 1f 84 00 00 00 00 00
0x00007fbcc7645c6f:   90 f3 0f 1e fa 48 85 f6 0f 84 93 00 00 00 48 8b
0x00007fbcc7645c7f:   96 c0 00 00 00 48 85 d2 0f 84 83 00 00 00 f6 c2
0x00007fbcc7645c8f:   01 75 7e 4c 8b 42 10 49 8b 08 48 85 c9 74 72 55
0x00007fbcc7645c9f:   b8 01 00 00 00 48 89 e5 41 54 48 83 ec 18 4c 8b
0x00007fbcc7645caf:   67 08 49 39 cc 74 1a 3b 42 04 73 0e 89 c1 83 c0
0x00007fbcc7645cbf:   01 49 8b 0c c8 48 85 c9 75 e8 4c 8b 65 f8 c9 c3
0x00007fbcc7645ccf:   90 48 83 3d 80 2b 60 00 00 48 89 75 e8 74 eb bf
0x00007fbcc7645cdf:   ba 00 00 00 31 c0 e8 b6 64 4b ff 48 8b 55 e8 4c
0x00007fbcc7645cef:   89 e1 4c 8b 65 f8 c9 4c 63 c0 48 8d 3d b0 6e 3a
0x00007fbcc7645cff:   00 31 c0 4c 89 c6 e9 b6 fe ff ff 66 0f 1f 44 00
0x00007fbcc7645d0f:   00 c3 90 66 66 2e 0f 1f 84 00 00 00 00 00 0f 1f
0x00007fbcc7645d1f:   00 f3 0f 1e fa 48 8b 47 08 c6 47 19 01 48 89 fe
0x00007fbcc7645d2f:   48 8b 90 c8 00 00 00 48 89 17 48 89 b8 c8 00 00
0x00007fbcc7645d3f:   00 48 8b 47 08 48 8b 80 c0 00 00 00 48 85 c0 48
0x00007fbcc7645d4f:   8b 07 0f 84 f9 00 00 00 55 48 89 e5 41 54 48 83
0x00007fbcc7645d5f:   ec 08 80 3d 9a 1a 5d 00 00 48 8b 50 10 74 0e 48
0x00007fbcc7645d6f:   8b 46 08 83 80 d0 00 00 00 01 48 8b 06 80 78 18
0x00007fbcc7645d7f:   00 75 15 48 83 c2 18 b8 01 00 00 00 f0 48 0f c1
0x00007fbcc7645d8f:   02 48 8b 06 c6 40 18 01 48 8b 46 08 31 d2 48 05
0x00007fbcc7645d9f:   c0 00 00 00 48 87 10 80 3d 55 1a 5d 00 00 74 21
0x00007fbcc7645daf:   48 8b 46 08 8b 80 d0 00 00 00 3b 05 ad 39 62 00
0x00007fbcc7645dbf:   76 0f 89 05 a5 39 62 00 66 0f 1f 84 00 00 00 00
0x00007fbcc7645dcf:   00 4c 8b 25 c9 9e 5a 00 48 8b 46 08 4c 89 e1 48
0x00007fbcc7645ddf:   83 c9 01 48 05 c0 00 00 00 48 89 ca 48 87 10 48
0x00007fbcc7645def:   8b 05 ab 9e 5a 00 49 39 c4 75 d6 48 8b 46 08 48
0x00007fbcc7645dff:   8d 90 c0 00 00 00 48 89 c8 f0 4c 0f b1 22 48 39
0x00007fbcc7645e0f:   c1 75 be 4c 89 66 10 48 83 3d 3a 2a 60 00 00 74
0x00007fbcc7645e1f:   28 bf ba 00 00 00 31 c0 e8 74 63 4b ff 4c 89 e2 



---------------  P R O C E S S  ---------------

VM state: at safepoint (normal execution)

VM Mutex/Monitor currently owned by a thread:  ([mutex/lock_event])
[0x00007fbcc0013fc0] Threads_lock - owner thread: 0x00007fbcc00bc4d0
[0x00007fbcc0014070] Heap_lock - owner thread: 0x00007fbcc00e11b0

OutOfMemory and StackOverflow Exception counts:
OutOfMemoryError java_heap_errors=21
LinkageErrors=20

Heap address: 0x00000000fc000000, size: 64 MB, Compressed Oops mode: 32-bit

CDS archive(s) mapped at: [0x0000000800000000-0x0000000800c51000-0x0000000800c51000), size 12914688, SharedBaseAddress: 0x0000000800000000, ArchiveRelocationMode: 0.
Compressed class space mapped at: 0x0000000801000000-0x0000000841000000, reserved size: 1073741824
Narrow klass base: 0x0000000800000000, Narrow klass shift: 0, Narrow klass range: 0x100000000

GC Precious Log:
<Skipped>

Heap:
 garbage-first heap   total 65536K, used 63421K [0x00000000fc000000, 0x0000000100000000)
  region size 1024K, 0 young (0K), 0 survivors (0K)
 Metaspace       used 8238K, committed 8640K, reserved 1114112K
  class space    used 1060K, committed 1280K, reserved 1048576K

Heap Regions: E=young(eden), S=young(survivor), O=old, HS=humongous(starts), HC=humongous(continues), CS=collection set, F=free, OA=open archive, CA=closed archive, TAMS=top-at-mark-start (previous, next)
|   0|0x00000000fc000000, 0x00000000fc100000, 0x00000000fc100000|100%|HS|  |TAMS 0x00000000fc100000, 0x00000000fc000000| Untracked 
|   1|0x00000000fc100000, 0x00000000fc200000, 0x00000000fc200000|100%|HC|  |TAMS 0x00000000fc200000, 0x00000000fc100000| Untracked 
|   2|0x00000000fc200000, 0x00000000fc300000, 0x00000000fc300000|100%|HC|  |TAMS 0x00000000fc300000, 0x00000000fc200000| Untracked 
|   3|0x00000000fc300000, 0x00000000fc400000, 0x00000000fc400000|100%|HC|  |TAMS 0x00000000fc400000, 0x00000000fc300000| Untracked 
|   4|0x00000000fc400000, 0x00000000fc4f64a8, 0x00000000fc500000| 96%| O|  |TAMS 0x00000000fc400000, 0x00000000fc400000| Untracked 
|   5|0x00000000fc500000, 0x00000000fc600000, 0x00000000fc600000|100%| O|  |TAMS 0x00000000fc500000, 0x00000000fc500000| Untracked 
|   6|0x00000000fc600000, 0x00000000fc6ff088, 0x00000000fc700000| 99%| O|  |TAMS 0x00000000fc600000, 0x00000000fc600000| Untracked 
|   7|0x00000000fc700000, 0x00000000fc7ffe18, 0x00000000fc800000| 99%| O|  |TAMS 0x00000000fc700000, 0x00000000fc700000| Untracked 
|   8|0x00000000fc800000, 0x00000000fc8ffff0, 0x00000000fc900000| 99%| O|  |TAMS 0x00000000fc800000, 0x00000000fc800000| Untracked 
|   9|0x00000000fc900000, 0x00000000fc9ffff0, 0x00000000fca00000| 99%| O|  |TAMS 0x00000000fc900000, 0x00000000fc900000| Untracked 
|  10|0x00000000fca00000, 0x00000000fcaffff8, 0x00000000fcb00000| 99%| O|  |TAMS 0x00000000fca00000, 0x00000000fca00000| Untracked 
|  11|0x00000000fcb00000, 0x00000000fcbffff0, 0x00000000fcc00000| 99%| O|  |TAMS 0x00000000fcb00000, 0x00000000fcb00000| Untracked 
|  12|0x00000000fcc00000, 0x00000000fccfffe0, 0x00000000fcd00000| 99%| O|  |TAMS 0x00000000fcc00000, 0x00000000fcc00000| Untracked 
|  13|0x00000000fcd00000, 0x00000000fcdffff0, 0x00000000fce00000| 99%| O|  |TAMS 0x00000000fcd00000, 0x00000000fcd00000| Untracked 
|  14|0x00000000fce00000, 0x00000000fceffff0, 0x00000000fcf00000| 99%| O|  |TAMS 0x00000000fce00000, 0x00000000fce00000| Untracked 
|  15|0x00000000fcf00000, 0x00000000fd000000, 0x00000000fd000000|100%| O|  |TAMS 0x00000000fcf00000, 0x00000000fcf00000| Untracked 
|  16|0x00000000fd000000, 0x00000000fd0ffff0, 0x00000000fd100000| 99%| O|  |TAMS 0x00000000fd000000, 0x00000000fd000000| Untracked 
|  17|0x00000000fd100000, 0x00000000fd200000, 0x00000000fd200000|100%| O|  |TAMS 0x00000000fd100000, 0x00000000fd100000| Untracked 
|  18|0x00000000fd200000, 0x00000000fd300000, 0x00000000fd300000|100%| O|  |TAMS 0x00000000fd200000, 0x00000000fd200000| Untracked 
|  19|0x00000000fd300000, 0x00000000fd3ffff0, 0x00000000fd400000| 99%| O|  |TAMS 0x00000000fd300000, 0x00000000fd300000| Untracked 
|  20|0x00000000fd400000, 0x00000000fd4fffe8, 0x00000000fd500000| 99%| O|  |TAMS 0x00000000fd400000, 0x00000000fd400000| Untracked 
|  21|0x00000000fd500000, 0x00000000fd5ffff0, 0x00000000fd600000| 99%| O|  |TAMS 0x00000000fd500000, 0x00000000fd500000| Untracked 
|  22|0x00000000fd600000, 0x00000000fd700000, 0x00000000fd700000|100%| O|  |TAMS 0x00000000fd600000, 0x00000000fd600000| Untracked 
|  23|0x00000000fd700000, 0x00000000fd7ffff0, 0x00000000fd800000| 99%| O|  |TAMS 0x00000000fd700000, 0x00000000fd700000| Untracked 
|  24|0x00000000fd800000, 0x00000000fd900000, 0x00000000fd900000|100%| O|  |TAMS 0x00000000fd800000, 0x00000000fd800000| Untracked 
|  25|0x00000000fd900000, 0x00000000fda00000, 0x00000000fda00000|100%| O|  |TAMS 0x00000000fd900000, 0x00000000fd900000| Untracked 
|  26|0x00000000fda00000, 0x00000000fdb00000, 0x00000000fdb00000|100%| O|  |TAMS 0x00000000fda00000, 0x00000000fda00000| Untracked 
|  27|0x00000000fdb00000, 0x00000000fdc00000, 0x00000000fdc00000|100%| O|  |TAMS 0x00000000fdb00000, 0x00000000fdb00000| Untracked 
|  28|0x00000000fdc00000, 0x00000000fdcffff0, 0x00000000fdd00000| 99%| O|  |TAMS 0x00000000fdc00000, 0x00000000fdc00000| Untracked 
|  29|0x00000000fdd00000, 0x00000000fde00000, 0x00000000fde00000|100%| O|  |TAMS 0x00000000fdd00000, 0x00000000fdd00000| Untracked 
|  30|0x00000000fde00000, 0x00000000fdefffe0, 0x00000000fdf00000| 99%| O|  |TAMS 0x00000000fde00000, 0x00000000fde00000| Untracked 
|  31|0x00000000fdf00000, 0x00000000fdfffff0, 0x00000000fe000000| 99%| O|  |TAMS 0x00000000fdf00000, 0x00000000fdf00000| Untracked 
|  32|0x00000000fe000000, 0x00000000fe100000, 0x00000000fe100000|100%| O|  |TAMS 0x00000000fe000000, 0x00000000fe000000| Untracked 
|  33|0x00000000fe100000, 0x00000000fe1fffe8, 0x00000000fe200000| 99%| O|  |TAMS 0x00000000fe100000, 0x00000000fe100000| Untracked 
|  34|0x00000000fe200000, 0x00000000fe300000, 0x00000000fe300000|100%| O|  |TAMS 0x00000000fe200000, 0x00000000fe200000| Untracked 
|  35|0x00000000fe300000, 0x00000000fe400000, 0x00000000fe400000|100%| O|  |TAMS 0x00000000fe300000, 0x00000000fe300000| Untracked 
|  36|0x00000000fe400000, 0x00000000fe500000, 0x00000000fe500000|100%| O|  |TAMS 0x00000000fe400000, 0x00000000fe400000| Untracked 
|  37|0x00000000fe500000, 0x00000000fe5ffff8, 0x00000000fe600000| 99%| O|  |TAMS 0x00000000fe500000, 0x00000000fe500000| Untracked 
|  38|0x00000000fe600000, 0x00000000fe6ffff8, 0x00000000fe700000| 99%| O|  |TAMS 0x00000000fe600000, 0x00000000fe600000| Untracked 
|  39|0x00000000fe700000, 0x00000000fe7ffff0, 0x00000000fe800000| 99%| O|  |TAMS 0x00000000fe700000, 0x00000000fe700000| Untracked 
|  40|0x00000000fe800000, 0x00000000fe8ffff0, 0x00000000fe900000| 99%| O|  |TAMS 0x00000000fe800000, 0x00000000fe800000| Untracked 
|  41|0x00000000fe900000, 0x00000000fea00000, 0x00000000fea00000|100%| O|  |TAMS 0x00000000fe900000, 0x00000000fe900000| Untracked 
|  42|0x00000000fea00000, 0x00000000feaffff0, 0x00000000feb00000| 99%| O|  |TAMS 0x00000000fea00000, 0x00000000fea00000| Untracked 
|  43|0x00000000feb00000, 0x00000000febffff0, 0x00000000fec00000| 99%| O|  |TAMS 0x00000000feb00000, 0x00000000feb00000| Untracked 
|  44|0x00000000fec00000, 0x00000000fecffff0, 0x00000000fed00000| 99%| O|  |TAMS 0x00000000fec00000, 0x00000000fec00000| Untracked 
|  45|0x00000000fed00000, 0x00000000fedffff0, 0x00000000fee00000| 99%| O|  |TAMS 0x00000000fed00000, 0x00000000fed00000| Untracked 
|  46|0x00000000fee00000, 0x00000000fef00000, 0x00000000fef00000|100%| O|  |TAMS 0x00000000fee00000, 0x00000000fee00000| Untracked 
|  47|0x00000000fef00000, 0x00000000ff000000, 0x00000000ff000000|100%| O|  |TAMS 0x00000000fef00000, 0x00000000fef00000| Untracked 
|  48|0x00000000ff000000, 0x00000000ff0ffff8, 0x00000000ff100000| 99%| O|  |TAMS 0x00000000ff000000, 0x00000000ff000000| Untracked 
|  49|0x00000000ff100000, 0x00000000ff1ffff8, 0x00000000ff200000| 99%| O|  |TAMS 0x00000000ff100000, 0x00000000ff100000| Untracked 
|  50|0x00000000ff200000, 0x00000000ff300000, 0x00000000ff300000|100%| O|  |TAMS 0x00000000ff200000, 0x00000000ff200000| Untracked 
|  51|0x00000000ff300000, 0x00000000ff400000, 0x00000000ff400000|100%|HS|  |TAMS 0x00000000ff400000, 0x00000000ff300000| Untracked 
|  52|0x00000000ff400000, 0x00000000ff4ffff0, 0x00000000ff500000| 99%| O|  |TAMS 0x00000000ff400000, 0x00000000ff400000| Untracked 
|  53|0x00000000ff500000, 0x00000000ff5ffff8, 0x00000000ff600000| 99%| O|  |TAMS 0x00000000ff500000, 0x00000000ff500000| Untracked 
|  54|0x00000000ff600000, 0x00000000ff6ffff0, 0x00000000ff700000| 99%| O|  |TAMS 0x00000000ff600000, 0x00000000ff600000| Untracked 
|  55|0x00000000ff700000, 0x00000000ff7ffff0, 0x00000000ff800000| 99%| O|  |TAMS 0x00000000ff700000, 0x00000000ff700000| Untracked 
|  56|0x00000000ff800000, 0x00000000ff8ffff0, 0x00000000ff900000| 99%| O|  |TAMS 0x00000000ff800000, 0x00000000ff800000| Untracked 
|  57|0x00000000ff900000, 0x00000000ffa00000, 0x00000000ffa00000|100%| O|  |TAMS 0x00000000ff900000, 0x00000000ff900000| Untracked 
|  58|0x00000000ffa00000, 0x00000000ffaffff0, 0x00000000ffb00000| 99%| O|  |TAMS 0x00000000ffa00000, 0x00000000ffa00000| Untracked 
|  59|0x00000000ffb00000, 0x00000000ffbffff0, 0x00000000ffc00000| 99%| O|  |TAMS 0x00000000ffb00000, 0x00000000ffb00000| Untracked 
|  60|0x00000000ffc00000, 0x00000000ffc023b0, 0x00000000ffd00000|  0%| O|  |TAMS 0x00000000ffc00000, 0x00000000ffc00000| Untracked 
|  61|0x00000000ffd00000, 0x00000000ffdffff0, 0x00000000ffe00000| 99%| O|  |TAMS 0x00000000ffd00000, 0x00000000ffd00000| Untracked 
|  62|0x00000000ffe00000, 0x00000000ffe77000, 0x00000000fff00000| 46%|OA|  |TAMS 0x00000000ffe77000, 0x00000000ffe00000| Untracked 
|  63|0x00000000fff00000, 0x00000000fff81000, 0x0000000100000000| 50%|CA|  |TAMS 0x00000000fff00000, 0x00000000fff00000| Untracked 

Card table byte_map: [0x00007fbcc5a05000,0x00007fbcc5a25000] _byte_map_base: 0x00007fbcc5225000

Marking Bits (Prev, Next): (CMBitMap*) 0x00007fbcc003cdc0, (CMBitMap*) 0x00007fbcc003ce00
 Prev Bits: [0x00007fbcc58e5000, 0x00007fbcc59e5000)
 Next Bits: [0x00007fbcc57e5000, 0x00007fbcc58e5000)

Polling page: 0x00007fbcc7ecc000

Metaspace:

Usage:
  Non-class:      7.01 MB used.
      Class:      1.04 MB used.
       Both:      8.05 MB used.

Virtual space:
  Non-class space:       64.00 MB reserved,       7.19 MB ( 11%) committed,  1 nodes.
      Class space:        1.00 GB reserved,       1.25 MB ( <1%) committed,  1 nodes.
             Both:        1.06 GB reserved,       8.44 MB ( <1%) committed. 

Chunk freelists:
   Non-Class:  174.00 KB
       Class:  2.68 MB
        Both:  2.85 MB

MaxMetaspaceSize: unlimited
CompressedClassSpaceSize: 1.00 GB
Initial GC threshold: 21.00 MB
Current GC threshold: 21.00 MB
CDS: on
MetaspaceReclaimPolicy: balanced
 - commit_granule_bytes: 65536.
 - commit_granule_words: 8192.
 - virtual_space_node_default_size: 8388608.
 - enlarge_chunks_in_place: 1.
 - new_chunks_are_fully_committed: 0.
 - uncommit_free_chunks: 1.
 - use_allocation_guard: 0.


Internal statistics:

num_allocs_failed_limit: 0.
num_arena_births: 200.
num_arena_deaths: 110.
num_vsnodes_births: 2.
num_vsnodes_deaths: 0.
num_space_committed: 135.
num_space_uncommitted: 0.
num_chunks_returned_to_freelist: 110.
num_chunks_taken_from_freelist: 449.
num_chunk_merges: 32.
num_chunk_splits: 288.
num_chunks_enlarged: 213.
num_inconsistent_stats: 0.

CodeHeap 'non-profiled nmethods': size=120028Kb used=828Kb max_used=828Kb free=119199Kb
 bounds [0x00007fbcb0791000, 0x00007fbcb0a01000, 0x00007fbcb7cc8000]
CodeHeap 'profiled nmethods': size=120028Kb used=2564Kb max_used=2564Kb free=117463Kb
 bounds [0x00007fbca8cc8000, 0x00007fbca8f58000, 0x00007fbcb01ff000]
CodeHeap 'non-nmethods': size=5704Kb used=1249Kb max_used=1282Kb free=4454Kb
 bounds [0x00007fbcb01ff000, 0x00007fbcb046f000, 0x00007fbcb0791000]
 total_blobs=1868 nmethods=1399 adapters=381
 compilation: enabled
              stopped_count=0, restarted_count=0
 full_count=0

Compilation events (20 events):
Event: 2.028 Thread 0x00007fbc7409a6c0 1391       4       jdk.internal.misc.Unsafe::copyMemory (33 bytes)
Event: 2.031 Thread 0x00007fbc7409a6c0 nmethod 1391 0x00007fbcb084e510 code [0x00007fbcb084e6a0, 0x00007fbcb084e9f8]
Event: 2.093 Thread 0x00007fbcc00caec0 nmethod 1387 0x00007fbcb084ed90 code [0x00007fbcb084f140, 0x00007fbcb08525c8]
Event: 2.096 Thread 0x00007fbcc00cc450 1392       1       org.gradle.internal.logging.console.ProgressOperation::getParent (5 bytes)
Event: 2.096 Thread 0x00007fbcc00cc450 nmethod 1392 0x00007fbcb0855210 code [0x00007fbcb08553a0, 0x00007fbcb0855450]
Event: 2.097 Thread 0x00007fbc7409a6c0 1393 % !   4       org.gradle.launcher.daemon.client.DaemonClient::monitorBuild @ 43 (248 bytes)
Event: 2.114 Thread 0x00007fbc6822e7a0 nmethod 1385 0x00007fbcb0855510 code [0x00007fbcb08558c0, 0x00007fbcb0859088]
Event: 2.132 Thread 0x00007fbc6822e7a0 1394       4       com.esotericsoftware.kryo.io.Input::readUtf8Length_slow (163 bytes)
Event: 2.133 Thread 0x00007fbc6822e7a0 nmethod 1394 0x00007fbcb085bc10 code [0x00007fbcb085bda0, 0x00007fbcb085be38]
Event: 2.158 Thread 0x00007fbc7409a6c0 nmethod 1393% 0x00007fbcb085bf10 code [0x00007fbcb085c220, 0x00007fbcb085e428]
Event: 2.233 Thread 0x00007fbcc00cc450 1395       3       com.esotericsoftware.kryo.io.Input::readUtf8_slow (255 bytes)
Event: 2.234 Thread 0x00007fbcc00cc450 nmethod 1395 0x00007fbca8f48190 code [0x00007fbca8f48380, 0x00007fbca8f48a20]
Event: 2.248 Thread 0x00007fbcc00caec0 1396       4       com.esotericsoftware.kryo.io.Input::readInt_slow (201 bytes)
Event: 2.249 Thread 0x00007fbcc00caec0 nmethod 1396 0x00007fbcb085f810 code [0x00007fbcb085f9a0, 0x00007fbcb085fa98]
Event: 2.290 Thread 0x00007fbcc00cc450 1397       1       java.util.Collections$SingletonList::size (2 bytes)
Event: 2.295 Thread 0x00007fbcc00cc450 nmethod 1397 0x00007fbcb085fb90 code [0x00007fbcb085fd20, 0x00007fbcb085fdf0]
Event: 2.376 Thread 0x00007fbcc00cc450 1398       1       java.util.concurrent.atomic.AtomicInteger::get (5 bytes)
Event: 2.376 Thread 0x00007fbcc00cc450 nmethod 1398 0x00007fbcb085fe90 code [0x00007fbcb0860020, 0x00007fbcb08600d0]
Event: 2.684 Thread 0x00007fbcc00cc450 1399       3       java.lang.ref.Reference::enqueueFromPending (19 bytes)
Event: 2.685 Thread 0x00007fbcc00cc450 nmethod 1399 0x00007fbca8f48d10 code [0x00007fbca8f48ec0, 0x00007fbca8f490e0]

GC Heap History (20 events):
Event: 6.875 GC heap before
{Heap before GC invocations=153 (full 81):
 garbage-first heap   total 65536K, used 63422K [0x00000000fc000000, 0x0000000100000000)
  region size 1024K, 0 young (0K), 0 survivors (0K)
 Metaspace       used 8238K, committed 8640K, reserved 1114112K
  class space    used 1060K, committed 1280K, reserved 1048576K
}
Event: 6.938 GC heap after
{Heap after GC invocations=154 (full 82):
 garbage-first heap   total 65536K, used 63422K [0x00000000fc000000, 0x0000000100000000)
  region size 1024K, 0 young (0K), 0 survivors (0K)
 Metaspace       used 8238K, committed 8640K, reserved 1114112K
  class space    used 1060K, committed 1280K, reserved 1048576K
}
Event: 6.938 GC heap before
{Heap before GC invocations=154 (full 82):
 garbage-first heap   total 65536K, used 63422K [0x00000000fc000000, 0x0000000100000000)
  region size 1024K, 0 young (0K), 0 survivors (0K)
 Metaspace       used 8238K, committed 8640K, reserved 1114112K
  class space    used 1060K, committed 1280K, reserved 1048576K
}
Event: 6.938 GC heap after
{Heap after GC invocations=155 (full 82):
 garbage-first heap   total 65536K, used 63422K [0x00000000fc000000, 0x0000000100000000)
  region size 1024K, 0 young (0K), 0 survivors (0K)
 Metaspace       used 8238K, committed 8640K, reserved 1114112K
  class space    used 1060K, committed 1280K, reserved 1048576K
}
Event: 6.938 GC heap before
{Heap before GC invocations=155 (full 82):
 garbage-first heap   total 65536K, used 63422K [0x00000000fc000000, 0x0000000100000000)
  region size 1024K, 0 young (0K), 0 survivors (0K)
 Metaspace       used 8238K, committed 8640K, reserved 1114112K
  class space    used 1060K, committed 1280K, reserved 1048576K
}
Event: 6.972 GC heap after
{Heap after GC invocations=156 (full 83):
 garbage-first heap   total 65536K, used 63422K [0x00000000fc000000, 0x0000000100000000)
  region size 1024K, 0 young (0K), 0 survivors (0K)
 Metaspace       used 8238K, committed 8640K, reserved 1114112K
  class space    used 1060K, committed 1280K, reserved 1048576K
}
Event: 6.972 GC heap before
{Heap before GC invocations=156 (full 83):
 garbage-first heap   total 65536K, used 63422K [0x00000000fc000000, 0x0000000100000000)
  region size 1024K, 0 young (0K), 0 survivors (0K)
 Metaspace       used 8238K, committed 8640K, reserved 1114112K
  class space    used 1060K, committed 1280K, reserved 1048576K
}
Event: 7.044 GC heap after
{Heap after GC invocations=157 (full 84):
 garbage-first heap   total 65536K, used 63422K [0x00000000fc000000, 0x0000000100000000)
  region size 1024K, 0 young (0K), 0 survivors (0K)
 Metaspace       used 8238K, committed 8640K, reserved 1114112K
  class space    used 1060K, committed 1280K, reserved 1048576K
}
Event: 7.044 GC heap before
{Heap before GC invocations=157 (full 84):
 garbage-first heap   total 65536K, used 63422K [0x00000000fc000000, 0x0000000100000000)
  region size 1024K, 0 young (0K), 0 survivors (0K)
 Metaspace       used 8238K, committed 8640K, reserved 1114112K
  class space    used 1060K, committed 1280K, reserved 1048576K
}
Event: 7.045 GC heap after
{Heap after GC invocations=158 (full 84):
 garbage-first heap   total 65536K, used 63422K [0x00000000fc000000, 0x0000000100000000)
  region size 1024K, 0 young (0K), 0 survivors (0K)
 Metaspace       used 8238K, committed 8640K, reserved 1114112K
  class space    used 1060K, committed 1280K, reserved 1048576K
}
Event: 7.045 GC heap before
{Heap before GC invocations=158 (full 84):
 garbage-first heap   total 65536K, used 63422K [0x00000000fc000000, 0x0000000100000000)
  region size 1024K, 0 young (0K), 0 survivors (0K)
 Metaspace       used 8238K, committed 8640K, reserved 1114112K
  class space    used 1060K, committed 1280K, reserved 1048576K
}
Event: 7.079 GC heap after
{Heap after GC invocations=159 (full 85):
 garbage-first heap   total 65536K, used 63422K [0x00000000fc000000, 0x0000000100000000)
  region size 1024K, 0 young (0K), 0 survivors (0K)
 Metaspace       used 8238K, committed 8640K, reserved 1114112K
  class space    used 1060K, committed 1280K, reserved 1048576K
}
Event: 7.079 GC heap before
{Heap before GC invocations=159 (full 85):
 garbage-first heap   total 65536K, used 63422K [0x00000000fc000000, 0x0000000100000000)
  region size 1024K, 0 young (0K), 0 survivors (0K)
 Metaspace       used 8238K, committed 8640K, reserved 1114112K
  class space    used 1060K, committed 1280K, reserved 1048576K
}
Event: 7.152 GC heap after
{Heap after GC invocations=160 (full 86):
 garbage-first heap   total 65536K, used 63421K [0x00000000fc000000, 0x0000000100000000)
  region size 1024K, 0 young (0K), 0 survivors (0K)
 Metaspace       used 8238K, committed 8640K, reserved 1114112K
  class space    used 1060K, committed 1280K, reserved 1048576K
}
Event: 7.152 GC heap before
{Heap before GC invocations=160 (full 86):
 garbage-first heap   total 65536K, used 63421K [0x00000000fc000000, 0x0000000100000000)
  region size 1024K, 0 young (0K), 0 survivors (0K)
 Metaspace       used 8238K, committed 8640K, reserved 1114112K
  class space    used 1060K, committed 1280K, reserved 1048576K
}
Event: 7.153 GC heap after
{Heap after GC invocations=161 (full 86):
 garbage-first heap   total 65536K, used 63421K [0x00000000fc000000, 0x0000000100000000)
  region size 1024K, 0 young (0K), 0 survivors (0K)
 Metaspace       used 8238K, committed 8640K, reserved 1114112K
  class space    used 1060K, committed 1280K, reserved 1048576K
}
Event: 7.153 GC heap before
{Heap before GC invocations=161 (full 86):
 garbage-first heap   total 65536K, used 63421K [0x00000000fc000000, 0x0000000100000000)
  region size 1024K, 0 young (0K), 0 survivors (0K)
 Metaspace       used 8238K, committed 8640K, reserved 1114112K
  class space    used 1060K, committed 1280K, reserved 1048576K
}
Event: 7.193 GC heap after
{Heap after GC invocations=162 (full 87):
 garbage-first heap   total 65536K, used 63421K [0x00000000fc000000, 0x0000000100000000)
  region size 1024K, 0 young (0K), 0 survivors (0K)
 Metaspace       used 8238K, committed 8640K, reserved 1114112K
  class space    used 1060K, committed 1280K, reserved 1048576K
}
Event: 7.193 GC heap before
{Heap before GC invocations=162 (full 87):
 garbage-first heap   total 65536K, used 63421K [0x00000000fc000000, 0x0000000100000000)
  region size 1024K, 0 young (0K), 0 survivors (0K)
 Metaspace       used 8238K, committed 8640K, reserved 1114112K
  class space    used 1060K, committed 1280K, reserved 1048576K
}
Event: 7.268 GC heap after
{Heap after GC invocations=163 (full 88):
 garbage-first heap   total 65536K, used 63421K [0x00000000fc000000, 0x0000000100000000)
  region size 1024K, 0 young (0K), 0 survivors (0K)
 Metaspace       used 8238K, committed 8640K, reserved 1114112K
  class space    used 1060K, committed 1280K, reserved 1048576K
}

Dll operation events (15 events):
Event: 0.002 Loaded shared library /usr/lib/jvm/java-19-openjdk-amd64/lib/libjava.so
Event: 0.002 Loaded shared library /usr/lib/jvm/java-19-openjdk-amd64/lib/libzip.so
Event: 0.009 Loaded shared library /usr/lib/jvm/java-19-openjdk-amd64/lib/libjsvml.so
Event: 0.019 Loaded shared library /usr/lib/jvm/java-19-openjdk-amd64/lib/libnio.so
Event: 0.020 Loaded shared library /usr/lib/jvm/java-19-openjdk-amd64/lib/libzip.so
Event: 0.066 Loaded shared library /usr/lib/jvm/java-19-openjdk-amd64/lib/libnet.so
Event: 0.157 Loaded shared library /usr/lib/jvm/java-19-openjdk-amd64/lib/libjimage.so
Event: 0.199 Loaded shared library /usr/lib/jvm/java-19-openjdk-amd64/lib/libverify.so
Event: 0.347 Loaded shared library /home/kotb/.gradle/native/68d5fa5c4cc2d200863cafc0d521ce42e7d3e7ee720ec0a83991735586a16f82/linux-amd64/libnative-platform.so
Event: 0.355 Loading shared library /home/kotb/.gradle/native/68d5fa5c4cc2d200863cafc0d521ce42e7d3e7ee720ec0a83991735586a16f82/linux-amd64-ncurses5/libnative-platform-curses.so failed, libtinfo.so.5: cannot open shared object file: No such file or directory
Event: 0.355 Loaded shared library /home/kotb/.gradle/native/68d5fa5c4cc2d200863cafc0d521ce42e7d3e7ee720ec0a83991735586a16f82/linux-amd64-ncurses6/libnative-platform-curses.so
Event: 0.365 Loaded shared library /home/kotb/.gradle/native/jansi/1.18/linux64/libjansi.so
Event: 0.460 Loaded shared library /usr/lib/jvm/java-19-openjdk-amd64/lib/libmanagement.so
Event: 0.461 Loaded shared library /usr/lib/jvm/java-19-openjdk-amd64/lib/libmanagement_ext.so
Event: 0.545 Loaded shared library /usr/lib/jvm/java-19-openjdk-amd64/lib/libextnet.so

Deoptimization events (20 events):
Event: 0.547 Thread 0x00007fbcc0015420 DEOPT PACKING pc=0x00007fbcb07e5358 sp=0x00007fbcc65539f0
Event: 0.547 Thread 0x00007fbcc0015420 DEOPT UNPACKING pc=0x00007fbcb0265299 sp=0x00007fbcc6553990 mode 2
Event: 1.190 Thread 0x00007fbcc0015420 Uncommon trap: trap_request=0xffffff45 fr.pc=0x00007fbcb07f65c4 relative=0x00000000000001a4
Event: 1.190 Thread 0x00007fbcc0015420 Uncommon trap: reason=unstable_if action=reinterpret pc=0x00007fbcb07f65c4 method=com.esotericsoftware.kryo.io.Input.require(I)I @ 65 c2
Event: 1.190 Thread 0x00007fbcc0015420 DEOPT PACKING pc=0x00007fbcb07f65c4 sp=0x00007fbcc6554b30
Event: 1.190 Thread 0x00007fbcc0015420 DEOPT UNPACKING pc=0x00007fbcb0265299 sp=0x00007fbcc6554af0 mode 2
Event: 1.217 Thread 0x00007fbcc0015420 Uncommon trap: trap_request=0xffffff45 fr.pc=0x00007fbcb07f8bf8 relative=0x00000000000001b8
Event: 1.217 Thread 0x00007fbcc0015420 Uncommon trap: reason=unstable_if action=reinterpret pc=0x00007fbcb07f8bf8 method=com.esotericsoftware.kryo.io.Input.require(I)I @ 207 c2
Event: 1.217 Thread 0x00007fbcc0015420 DEOPT PACKING pc=0x00007fbcb07f8bf8 sp=0x00007fbcc6554b80
Event: 1.217 Thread 0x00007fbcc0015420 DEOPT UNPACKING pc=0x00007fbcb0265299 sp=0x00007fbcc6554b28 mode 2
Event: 1.779 Thread 0x00007fbcc0775dc0 DEOPT PACKING pc=0x00007fbca8f20365 sp=0x00007fbca81381c0
Event: 1.779 Thread 0x00007fbcc0775dc0 DEOPT UNPACKING pc=0x00007fbcb0265a2f sp=0x00007fbca81376a0 mode 0
Event: 2.169 Thread 0x00007fbcc0015420 DEOPT PACKING pc=0x00007fbca8f428e3 sp=0x00007fbcc6555260
Event: 2.169 Thread 0x00007fbcc0015420 DEOPT UNPACKING pc=0x00007fbcb0265a2f sp=0x00007fbcc6554858 mode 0
Event: 3.125 Thread 0x00007fbcc0015420 DEOPT PACKING pc=0x00007fbcb08281e8 sp=0x00007fbcc6555210
Event: 3.125 Thread 0x00007fbcc0015420 DEOPT UNPACKING pc=0x00007fbcb0265a2f sp=0x00007fbcc65546c0 mode 1
Event: 3.238 Thread 0x00007fbcc0015420 Uncommon trap: trap_request=0x00000034 fr.pc=0x00007fbcb085dbc4 relative=0x00000000000019a4
Event: 3.238 Thread 0x00007fbcc0015420 Uncommon trap: reason=unloaded action=reinterpret pc=0x00007fbcb085dbc4 method=org.gradle.internal.remote.internal.inet.SocketConnection.receive()Ljava/lang/Object; @ 117 c2
Event: 3.238 Thread 0x00007fbcc0015420 DEOPT PACKING pc=0x00007fbcb085dbc4 sp=0x00007fbcc6555350
Event: 3.238 Thread 0x00007fbcc0015420 DEOPT UNPACKING pc=0x00007fbcb0265299 sp=0x00007fbcc6555230 mode 2

Classes loaded (20 events):
Event: 1.079 Loading class com/google/common/collect/Lists$RandomAccessReverseList
Event: 1.079 Loading class com/google/common/collect/Lists$RandomAccessReverseList done
Event: 1.080 Loading class java/util/ArrayList$ListItr
Event: 1.080 Loading class java/util/ArrayList$ListItr done
Event: 1.080 Loading class com/google/common/collect/Lists$ReverseList$1
Event: 1.080 Loading class com/google/common/collect/Lists$ReverseList$1 done
Event: 1.176 Loading class com/google/common/base/Objects
Event: 1.176 Loading class com/google/common/base/Objects done
Event: 1.176 Loading class com/google/common/base/ExtraObjectsMethodsForWeb
Event: 1.176 Loading class com/google/common/base/ExtraObjectsMethodsForWeb done
Event: 5.511 Loading class java/lang/invoke/WrongMethodTypeException
Event: 5.731 Loading class java/lang/invoke/WrongMethodTypeException done
Event: 5.967 Loading class java/lang/Throwable$WrappedPrintStream
Event: 5.967 Loading class java/lang/Throwable$PrintStreamOrWriter
Event: 6.188 Loading class java/lang/Throwable$PrintStreamOrWriter done
Event: 6.188 Loading class java/lang/Throwable$WrappedPrintStream done
Event: 6.188 Loading class java/lang/invoke/WrongMethodTypeException
Event: 6.401 Loading class java/lang/invoke/WrongMethodTypeException done
Event: 6.402 Loading class java/lang/invoke/WrongMethodTypeException
Event: 6.610 Loading class java/lang/invoke/WrongMethodTypeException done

Classes unloaded (20 events):
Event: 2.664 Thread 0x00007fbcc00bc4d0 Unloading class 0x00000008010ad000 'java/lang/invoke/LambdaForm$MH+0x00000008010ad000'
Event: 2.664 Thread 0x00007fbcc00bc4d0 Unloading class 0x00000008010acc00 'java/lang/invoke/LambdaForm$MH+0x00000008010acc00'
Event: 2.664 Thread 0x00007fbcc00bc4d0 Unloading class 0x00000008010ac400 'java/lang/invoke/LambdaForm$MH+0x00000008010ac400'
Event: 2.664 Thread 0x00007fbcc00bc4d0 Unloading class 0x00000008010ac000 'java/lang/invoke/LambdaForm$MH+0x00000008010ac000'
Event: 2.664 Thread 0x00007fbcc00bc4d0 Unloading class 0x0000000801090c00 'java/lang/invoke/LambdaForm$MH+0x0000000801090c00'
Event: 2.664 Thread 0x00007fbcc00bc4d0 Unloading class 0x0000000801090400 'java/lang/invoke/LambdaForm$MH+0x0000000801090400'
Event: 2.664 Thread 0x00007fbcc00bc4d0 Unloading class 0x0000000801090000 'java/lang/invoke/LambdaForm$MH+0x0000000801090000'
Event: 2.664 Thread 0x00007fbcc00bc4d0 Unloading class 0x000000080108dc00 'java/lang/invoke/LambdaForm$MH+0x000000080108dc00'
Event: 2.664 Thread 0x00007fbcc00bc4d0 Unloading class 0x000000080108c400 'java/lang/invoke/LambdaForm$MH+0x000000080108c400'
Event: 2.664 Thread 0x00007fbcc00bc4d0 Unloading class 0x000000080102c400 'java/lang/invoke/LambdaForm$MH+0x000000080102c400'
Event: 2.664 Thread 0x00007fbcc00bc4d0 Unloading class 0x0000000801012400 'java/lang/invoke/LambdaForm$MH+0x0000000801012400'
Event: 2.664 Thread 0x00007fbcc00bc4d0 Unloading class 0x0000000801012000 'java/lang/invoke/LambdaForm$MH+0x0000000801012000'
Event: 2.664 Thread 0x00007fbcc00bc4d0 Unloading class 0x0000000801009800 'java/lang/invoke/LambdaForm$MH+0x0000000801009800'
Event: 2.664 Thread 0x00007fbcc00bc4d0 Unloading class 0x0000000801009400 'java/lang/invoke/LambdaForm$MH+0x0000000801009400'
Event: 2.664 Thread 0x00007fbcc00bc4d0 Unloading class 0x0000000801009000 'java/lang/invoke/LambdaForm$MH+0x0000000801009000'
Event: 2.664 Thread 0x00007fbcc00bc4d0 Unloading class 0x0000000801005c00 'java/lang/invoke/LambdaForm$MH+0x0000000801005c00'
Event: 2.664 Thread 0x00007fbcc00bc4d0 Unloading class 0x0000000801005400 'java/lang/invoke/LambdaForm$MH+0x0000000801005400'
Event: 5.761 Thread 0x00007fbcc00bc4d0 Unloading class 0x0000000801012800 'java/lang/invoke/LambdaForm$MH+0x0000000801012800'
Event: 6.429 Thread 0x00007fbcc00bc4d0 Unloading class 0x0000000801009c00 'java/lang/invoke/LambdaForm$MH+0x0000000801009c00'
Event: 6.637 Thread 0x00007fbcc00bc4d0 Unloading class 0x0000000801008000 'java/lang/invoke/LambdaForm$MH+0x0000000801008000'

Classes redefined (0 events):
No events

Internal exceptions (20 events):
Event: 3.238 Thread 0x00007fbcc0775dc0 Exception <a 'java/lang/OutOfMemoryError'{0x00000000fc6cd4f0}> (0x00000000fc6cd4f0) 
thrown [./src/hotspot/share/gc/shared/memAllocator.cpp, line 136]
Event: 3.438 Thread 0x00007fbcc0775dc0 Exception <a 'java/lang/OutOfMemoryError'{0x00000000fc6a20a0}> (0x00000000fc6a20a0) 
thrown [./src/hotspot/share/gc/shared/memAllocator.cpp, line 136]
Event: 3.640 Thread 0x00007fbcc0015420 Exception <a 'java/lang/OutOfMemoryError'{0x00000000fc6a1d38}> (0x00000000fc6a1d38) 
thrown [./src/hotspot/share/gc/shared/memAllocator.cpp, line 136]
Event: 3.823 Thread 0x00007fbcc0775dc0 Exception <a 'java/lang/OutOfMemoryError'{0x00000000fc6a19e8}> (0x00000000fc6a19e8) 
thrown [./src/hotspot/share/gc/shared/memAllocator.cpp, line 136]
Event: 4.014 Thread 0x00007fbcc0015420 Exception <a 'java/lang/OutOfMemoryError'{0x00000000fc6a19e8}> (0x00000000fc6a19e8) 
thrown [./src/hotspot/share/gc/shared/memAllocator.cpp, line 136]
Event: 4.203 Thread 0x00007fbcc0775dc0 Exception <a 'java/lang/OutOfMemoryError'{0x00000000fc6a19e8}> (0x00000000fc6a19e8) 
thrown [./src/hotspot/share/gc/shared/memAllocator.cpp, line 136]
Event: 4.388 Thread 0x00007fbcc0015420 Exception <a 'java/lang/OutOfMemoryError'{0x00000000fc6a19e8}> (0x00000000fc6a19e8) 
thrown [./src/hotspot/share/gc/shared/memAllocator.cpp, line 136]
Event: 4.607 Thread 0x00007fbcc0015420 Exception <a 'java/lang/OutOfMemoryError'{0x00000000fc6a1998}> (0x00000000fc6a1998) 
thrown [./src/hotspot/share/gc/shared/memAllocator.cpp, line 136]
Event: 4.844 Thread 0x00007fbcc0015420 Exception <a 'java/lang/OutOfMemoryError'{0x00000000fc6a1928}> (0x00000000fc6a1928) 
thrown [./src/hotspot/share/gc/shared/memAllocator.cpp, line 136]
Event: 5.068 Thread 0x00007fbcc0015420 Exception <a 'java/lang/OutOfMemoryError'{0x00000000fc6a1928}> (0x00000000fc6a1928) 
thrown [./src/hotspot/share/gc/shared/memAllocator.cpp, line 136]
Event: 5.299 Thread 0x00007fbcc0015420 Exception <a 'java/lang/OutOfMemoryError'{0x00000000fc6a1928}> (0x00000000fc6a1928) 
thrown [./src/hotspot/share/gc/shared/memAllocator.cpp, line 136]
Event: 5.511 Thread 0x00007fbcc0015420 Exception <a 'java/lang/OutOfMemoryError'{0x00000000fc6a1928}> (0x00000000fc6a1928) 
thrown [./src/hotspot/share/gc/shared/memAllocator.cpp, line 136]
Event: 5.731 Thread 0x00007fbcc0015420 Exception <a 'java/lang/OutOfMemoryError'{0x00000000fc6a1928}> (0x00000000fc6a1928) 
thrown [./src/hotspot/share/gc/shared/memAllocator.cpp, line 136]
Event: 5.967 Thread 0x00007fbcc0015420 Exception <a 'java/lang/OutOfMemoryError'{0x00000000fc6a1910}> (0x00000000fc6a1910) 
thrown [./src/hotspot/share/gc/shared/memAllocator.cpp, line 136]
Event: 6.188 Thread 0x00007fbcc0015420 Exception <a 'java/lang/OutOfMemoryError'{0x00000000fc6a1910}> (0x00000000fc6a1910) 
thrown [./src/hotspot/share/gc/shared/memAllocator.cpp, line 136]
Event: 6.401 Thread 0x00007fbcc0015420 Exception <a 'java/lang/OutOfMemoryError'{0x00000000fc6a1910}> (0x00000000fc6a1910) 
thrown [./src/hotspot/share/gc/shared/memAllocator.cpp, line 136]
Event: 6.610 Thread 0x00007fbcc0015420 Exception <a 'java/lang/OutOfMemoryError'{0x00000000fc6a1910}> (0x00000000fc6a1910) 
thrown [./src/hotspot/share/gc/shared/memAllocator.cpp, line 136]
Event: 6.832 Thread 0x00007fbcc0015420 Exception <a 'java/lang/OutOfMemoryError'{0x00000000fc6a1910}> (0x00000000fc6a1910) 
thrown [./src/hotspot/share/gc/shared/memAllocator.cpp, line 136]
Event: 7.044 Thread 0x00007fbcc0015420 Exception <a 'java/lang/OutOfMemoryError'{0x00000000fc6a1910}> (0x00000000fc6a1910) 
thrown [./src/hotspot/share/gc/shared/memAllocator.cpp, line 136]
Event: 7.268 Thread 0x00007fbcc0015420 Exception <a 'java/lang/OutOfMemoryError'{0x00000000fc6a1770}> (0x00000000fc6a1770) 
thrown [./src/hotspot/share/gc/shared/memAllocator.cpp, line 136]

VM Operations (20 events):
Event: 6.188 Executing VM operation: G1CollectForAllocation
Event: 6.298 Executing VM operation: G1CollectForAllocation done
Event: 6.298 Executing VM operation: G1CollectForAllocation
Event: 6.401 Executing VM operation: G1CollectForAllocation done
Event: 6.402 Executing VM operation: G1CollectForAllocation
Event: 6.509 Executing VM operation: G1CollectForAllocation done
Event: 6.509 Executing VM operation: G1CollectForAllocation
Event: 6.610 Executing VM operation: G1CollectForAllocation done
Event: 6.610 Executing VM operation: G1CollectForAllocation
Event: 6.725 Executing VM operation: G1CollectForAllocation done
Event: 6.725 Executing VM operation: G1CollectForAllocation
Event: 6.832 Executing VM operation: G1CollectForAllocation done
Event: 6.832 Executing VM operation: G1CollectForAllocation
Event: 6.938 Executing VM operation: G1CollectForAllocation done
Event: 6.938 Executing VM operation: G1CollectForAllocation
Event: 7.044 Executing VM operation: G1CollectForAllocation done
Event: 7.044 Executing VM operation: G1CollectForAllocation
Event: 7.152 Executing VM operation: G1CollectForAllocation done
Event: 7.152 Executing VM operation: G1CollectForAllocation
Event: 7.268 Executing VM operation: G1CollectForAllocation done

Events (20 events):
Event: 0.168 Protecting memory [0x00007fbca81c6000,0x00007fbca81ca000] with protection modes 0
Event: 0.376 Thread 0x00007fbcc0775dc0 Thread added: 0x00007fbcc0775dc0
Event: 0.376 Protecting memory [0x00007fbca803a000,0x00007fbca803e000] with protection modes 0
Event: 0.578 Thread 0x00007fbcc0884480 Thread added: 0x00007fbcc0884480
Event: 0.578 Protecting memory [0x00007fbc99300000,0x00007fbc99304000] with protection modes 0
Event: 0.580 Thread 0x00007fbcc0885400 Thread added: 0x00007fbcc0885400
Event: 0.580 Protecting memory [0x00007fbc99200000,0x00007fbc99204000] with protection modes 0
Event: 0.628 Thread 0x00007fbc681b4310 Thread exited: 0x00007fbc681b4310
Event: 0.692 Thread 0x00007fbc680c1660 Thread exited: 0x00007fbc680c1660
Event: 1.215 Thread 0x00007fbc7409a6c0 Thread added: 0x00007fbc7409a6c0
Event: 1.215 Protecting memory [0x00007fbca82c6000,0x00007fbca82ca000] with protection modes 0
Event: 1.218 Thread 0x00007fbc6822e7a0 Thread added: 0x00007fbc6822e7a0
Event: 1.219 Protecting memory [0x00007fbca81c6000,0x00007fbca81ca000] with protection modes 0
Event: 2.233 Thread 0x00007fbc6822e7a0 Thread exited: 0x00007fbc6822e7a0
Event: 2.289 Thread 0x00007fbc7409a6c0 Thread exited: 0x00007fbc7409a6c0
Event: 4.483 Thread 0x00007fbcc0775dc0 Thread exited: 0x00007fbcc0775dc0
Event: 7.044 Thread 0x00007fbcc0015420 Thread exited: 0x00007fbcc0015420
Event: 7.044 Protecting memory [0x00007fbcc6458000,0x00007fbcc645c000] with protection modes 0
Event: 7.044 Thread 0x00007fbcc0015420 Thread added: 0x00007fbcc0015420
Event: 7.268 Thread 0x00007fbcc0015420 Thread exited: 0x00007fbcc0015420


Dynamic libraries:
fc000000-ffe00000 rw-p 00000000 00:00 0 
ffe00000-ffe77000 rw-p 00d0d000 103:06 5781804                           /usr/lib/jvm/java-19-openjdk-amd64/lib/server/classes.jsa
ffe77000-fff00000 rw-p 00000000 00:00 0 
fff00000-fff81000 rw-p 00c8c000 103:06 5781804                           /usr/lib/jvm/java-19-openjdk-amd64/lib/server/classes.jsa
fff81000-100000000 rw-p 00000000 00:00 0 
800000000-800472000 rw-p 00001000 103:06 5781804                         /usr/lib/jvm/java-19-openjdk-amd64/lib/server/classes.jsa
800472000-800c51000 r--p 00473000 103:06 5781804                         /usr/lib/jvm/java-19-openjdk-amd64/lib/server/classes.jsa
800c51000-801000000 ---p 00000000 00:00 0 
801000000-801040000 rw-p 00000000 00:00 0 
801040000-801080000 rw-p 00000000 00:00 0 
801080000-801130000 rw-p 00000000 00:00 0 
801130000-801140000 ---p 00000000 00:00 0 
801140000-801150000 rw-p 00000000 00:00 0 
801150000-841000000 ---p 00000000 00:00 0 
55ca11e0e000-55ca11e0f000 r--p 00000000 103:06 5259893                   /usr/lib/jvm/java-19-openjdk-amd64/bin/java
55ca11e0f000-55ca11e10000 r-xp 00001000 103:06 5259893                   /usr/lib/jvm/java-19-openjdk-amd64/bin/java
55ca11e10000-55ca11e11000 r--p 00002000 103:06 5259893                   /usr/lib/jvm/java-19-openjdk-amd64/bin/java
55ca11e11000-55ca11e12000 r--p 00002000 103:06 5259893                   /usr/lib/jvm/java-19-openjdk-amd64/bin/java
55ca11e12000-55ca11e13000 rw-p 00003000 103:06 5259893                   /usr/lib/jvm/java-19-openjdk-amd64/bin/java
55ca131e4000-55ca1322b000 rw-p 00000000 00:00 0                          [heap]
7fbc30000000-7fbc30021000 rw-p 00000000 00:00 0 
7fbc30021000-7fbc34000000 ---p 00000000 00:00 0 
7fbc34000000-7fbc34021000 rw-p 00000000 00:00 0 
7fbc34021000-7fbc38000000 ---p 00000000 00:00 0 
7fbc38000000-7fbc38021000 rw-p 00000000 00:00 0 
7fbc38021000-7fbc3c000000 ---p 00000000 00:00 0 
7fbc3c000000-7fbc3c021000 rw-p 00000000 00:00 0 
7fbc3c021000-7fbc40000000 ---p 00000000 00:00 0 
7fbc40000000-7fbc40021000 rw-p 00000000 00:00 0 
7fbc40021000-7fbc44000000 ---p 00000000 00:00 0 
7fbc44000000-7fbc44021000 rw-p 00000000 00:00 0 
7fbc44021000-7fbc48000000 ---p 00000000 00:00 0 
7fbc48000000-7fbc48021000 rw-p 00000000 00:00 0 
7fbc48021000-7fbc4c000000 ---p 00000000 00:00 0 
7fbc4c000000-7fbc4c021000 rw-p 00000000 00:00 0 
7fbc4c021000-7fbc50000000 ---p 00000000 00:00 0 
7fbc50000000-7fbc504d4000 rw-p 00000000 00:00 0 
7fbc504d4000-7fbc54000000 ---p 00000000 00:00 0 
7fbc54000000-7fbc5402f000 rw-p 00000000 00:00 0 
7fbc5402f000-7fbc58000000 ---p 00000000 00:00 0 
7fbc58000000-7fbc58021000 rw-p 00000000 00:00 0 
7fbc58021000-7fbc5c000000 ---p 00000000 00:00 0 
7fbc5c000000-7fbc5c53d000 rw-p 00000000 00:00 0 
7fbc5c53d000-7fbc60000000 ---p 00000000 00:00 0 
7fbc60000000-7fbc60021000 rw-p 00000000 00:00 0 
7fbc60021000-7fbc64000000 ---p 00000000 00:00 0 
7fbc64000000-7fbc64021000 rw-p 00000000 00:00 0 
7fbc64021000-7fbc68000000 ---p 00000000 00:00 0 
7fbc68000000-7fbc6827a000 rw-p 00000000 00:00 0 
7fbc6827a000-7fbc6c000000 ---p 00000000 00:00 0 
7fbc6c000000-7fbc6c021000 rw-p 00000000 00:00 0 
7fbc6c021000-7fbc70000000 ---p 00000000 00:00 0 
7fbc70000000-7fbc70021000 rw-p 00000000 00:00 0 
7fbc70021000-7fbc74000000 ---p 00000000 00:00 0 
7fbc74000000-7fbc746f5000 rw-p 00000000 00:00 0 
7fbc746f5000-7fbc78000000 ---p 00000000 00:00 0 
7fbc78000000-7fbc78021000 rw-p 00000000 00:00 0 
7fbc78021000-7fbc7c000000 ---p 00000000 00:00 0 
7fbc7c000000-7fbc7c021000 rw-p 00000000 00:00 0 
7fbc7c021000-7fbc80000000 ---p 00000000 00:00 0 
7fbc80000000-7fbc80021000 rw-p 00000000 00:00 0 
7fbc80021000-7fbc84000000 ---p 00000000 00:00 0 
7fbc84000000-7fbc84021000 rw-p 00000000 00:00 0 
7fbc84021000-7fbc88000000 ---p 00000000 00:00 0 
7fbc88000000-7fbc88c38000 rw-p 00000000 00:00 0 
7fbc88c38000-7fbc8c000000 ---p 00000000 00:00 0 
7fbc8c000000-7fbc8c021000 rw-p 00000000 00:00 0 
7fbc8c021000-7fbc90000000 ---p 00000000 00:00 0 
7fbc90000000-7fbc90340000 rw-p 00000000 00:00 0 
7fbc90340000-7fbc90400000 ---p 00000000 00:00 0 
7fbc90400000-7fbc907f0000 rw-p 00000000 00:00 0 
7fbc907f0000-7fbc94000000 ---p 00000000 00:00 0 
7fbc94000000-7fbc94021000 rw-p 00000000 00:00 0 
7fbc94021000-7fbc98000000 ---p 00000000 00:00 0 
7fbc98efa000-7fbc98efb000 ---p 00000000 00:00 0 
7fbc98efb000-7fbc98ffc000 rw-p 00000000 00:00 0 
7fbc98ffc000-7fbc98ffd000 ---p 00000000 00:00 0 
7fbc98ffd000-7fbc990fe000 rw-p 00000000 00:00 0 
7fbc990fe000-7fbc990ff000 ---p 00000000 00:00 0 
7fbc990ff000-7fbc99200000 rw-p 00000000 00:00 0 
7fbc99200000-7fbc99204000 ---p 00000000 00:00 0 
7fbc99204000-7fbc99300000 rw-p 00000000 00:00 0 
7fbc99300000-7fbc99304000 ---p 00000000 00:00 0 
7fbc99304000-7fbc99400000 rw-p 00000000 00:00 0 
7fbc99400000-7fbc99403000 r-xp 00000000 103:06 8389386                   /home/kotb/.gradle/native/jansi/1.18/linux64/libjansi.so
7fbc99403000-7fbc99602000 ---p 00003000 103:06 8389386                   /home/kotb/.gradle/native/jansi/1.18/linux64/libjansi.so
7fbc99602000-7fbc99603000 rw-p 00002000 103:06 8389386                   /home/kotb/.gradle/native/jansi/1.18/linux64/libjansi.so
7fbc996fe000-7fbc996ff000 ---p 00000000 00:00 0 
7fbc996ff000-7fbc99800000 rw-p 00000000 00:00 0 
7fbc99800000-7fbc99804000 r-xp 00000000 103:06 8404105                   /home/kotb/.gradle/native/68d5fa5c4cc2d200863cafc0d521ce42e7d3e7ee720ec0a83991735586a16f82/linux-amd64-ncurses6/libnative-platform-curses.so
7fbc99804000-7fbc99a03000 ---p 00004000 103:06 8404105                   /home/kotb/.gradle/native/68d5fa5c4cc2d200863cafc0d521ce42e7d3e7ee720ec0a83991735586a16f82/linux-amd64-ncurses6/libnative-platform-curses.so
7fbc99a03000-7fbc99a04000 r--p 00003000 103:06 8404105                   /home/kotb/.gradle/native/68d5fa5c4cc2d200863cafc0d521ce42e7d3e7ee720ec0a83991735586a16f82/linux-amd64-ncurses6/libnative-platform-curses.so
7fbc99a04000-7fbc99a05000 rw-p 00004000 103:06 8404105                   /home/kotb/.gradle/native/68d5fa5c4cc2d200863cafc0d521ce42e7d3e7ee720ec0a83991735586a16f82/linux-amd64-ncurses6/libnative-platform-curses.so
7fbc99afe000-7fbc99aff000 ---p 00000000 00:00 0 
7fbc99aff000-7fbc99c00000 rw-p 00000000 00:00 0 
7fbc99c00000-7fbc99c05000 r-xp 00000000 103:06 8404099                   /home/kotb/.gradle/native/68d5fa5c4cc2d200863cafc0d521ce42e7d3e7ee720ec0a83991735586a16f82/linux-amd64/libnative-platform.so
7fbc99c05000-7fbc99e05000 ---p 00005000 103:06 8404099                   /home/kotb/.gradle/native/68d5fa5c4cc2d200863cafc0d521ce42e7d3e7ee720ec0a83991735586a16f82/linux-amd64/libnative-platform.so
7fbc99e05000-7fbc99e06000 r--p 00005000 103:06 8404099                   /home/kotb/.gradle/native/68d5fa5c4cc2d200863cafc0d521ce42e7d3e7ee720ec0a83991735586a16f82/linux-amd64/libnative-platform.so
7fbc99e06000-7fbc99e07000 rw-p 00006000 103:06 8404099                   /home/kotb/.gradle/native/68d5fa5c4cc2d200863cafc0d521ce42e7d3e7ee720ec0a83991735586a16f82/linux-amd64/libnative-platform.so
7fbc99efe000-7fbc99eff000 ---p 00000000 00:00 0 
7fbc99eff000-7fbc9c000000 rw-p 00000000 00:00 0 
7fbc9c000000-7fbc9c021000 rw-p 00000000 00:00 0 
7fbc9c021000-7fbca0000000 ---p 00000000 00:00 0 
7fbca0000000-7fbca0021000 rw-p 00000000 00:00 0 
7fbca0021000-7fbca4000000 ---p 00000000 00:00 0 
7fbca4000000-7fbca4021000 rw-p 00000000 00:00 0 
7fbca4021000-7fbca8000000 ---p 00000000 00:00 0 
7fbca8035000-7fbca8036000 r--p 00000000 103:06 5379195                   /usr/lib/jvm/java-19-openjdk-amd64/lib/libextnet.so
7fbca8036000-7fbca8037000 r-xp 00001000 103:06 5379195                   /usr/lib/jvm/java-19-openjdk-amd64/lib/libextnet.so
7fbca8037000-7fbca8038000 r--p 00002000 103:06 5379195                   /usr/lib/jvm/java-19-openjdk-amd64/lib/libextnet.so
7fbca8038000-7fbca8039000 r--p 00002000 103:06 5379195                   /usr/lib/jvm/java-19-openjdk-amd64/lib/libextnet.so
7fbca8039000-7fbca803a000 rw-p 00003000 103:06 5379195                   /usr/lib/jvm/java-19-openjdk-amd64/lib/libextnet.so
7fbca803a000-7fbca803e000 ---p 00000000 00:00 0 
7fbca803e000-7fbca813a000 rw-p 00000000 00:00 0 
7fbca813a000-7fbca8148000 r--p 00000000 103:06 4989332                   /usr/lib/x86_64-linux-gnu/libtinfo.so.6.3
7fbca8148000-7fbca8159000 r-xp 0000e000 103:06 4989332                   /usr/lib/x86_64-linux-gnu/libtinfo.so.6.3
7fbca8159000-7fbca8167000 r--p 0001f000 103:06 4989332                   /usr/lib/x86_64-linux-gnu/libtinfo.so.6.3
7fbca8167000-7fbca816b000 r--p 0002c000 103:06 4989332                   /usr/lib/x86_64-linux-gnu/libtinfo.so.6.3
7fbca816b000-7fbca816c000 rw-p 00030000 103:06 4989332                   /usr/lib/x86_64-linux-gnu/libtinfo.so.6.3
7fbca816c000-7fbca8174000 r--p 00000000 103:06 4988899                   /usr/lib/x86_64-linux-gnu/libncursesw.so.6.3
7fbca8174000-7fbca819d000 r-xp 00008000 103:06 4988899                   /usr/lib/x86_64-linux-gnu/libncursesw.so.6.3
7fbca819d000-7fbca81a5000 r--p 00031000 103:06 4988899                   /usr/lib/x86_64-linux-gnu/libncursesw.so.6.3
7fbca81a5000-7fbca81a6000 ---p 00039000 103:06 4988899                   /usr/lib/x86_64-linux-gnu/libncursesw.so.6.3
7fbca81a6000-7fbca81a7000 r--p 00039000 103:06 4988899                   /usr/lib/x86_64-linux-gnu/libncursesw.so.6.3
7fbca81a7000-7fbca81a8000 rw-p 0003a000 103:06 4988899                   /usr/lib/x86_64-linux-gnu/libncursesw.so.6.3
7fbca81ab000-7fbca81ad000 r--p 00000000 103:06 5379213                   /usr/lib/jvm/java-19-openjdk-amd64/lib/libmanagement_ext.so
7fbca81ad000-7fbca81b0000 r-xp 00002000 103:06 5379213                   /usr/lib/jvm/java-19-openjdk-amd64/lib/libmanagement_ext.so
7fbca81b0000-7fbca81b1000 r--p 00005000 103:06 5379213                   /usr/lib/jvm/java-19-openjdk-amd64/lib/libmanagement_ext.so
7fbca81b1000-7fbca81b2000 ---p 00006000 103:06 5379213                   /usr/lib/jvm/java-19-openjdk-amd64/lib/libmanagement_ext.so
7fbca81b2000-7fbca81b3000 r--p 00006000 103:06 5379213                   /usr/lib/jvm/java-19-openjdk-amd64/lib/libmanagement_ext.so
7fbca81b3000-7fbca81b4000 rw-p 00007000 103:06 5379213                   /usr/lib/jvm/java-19-openjdk-amd64/lib/libmanagement_ext.so
7fbca81b4000-7fbca81b6000 r--p 00000000 103:06 5379211                   /usr/lib/jvm/java-19-openjdk-amd64/lib/libmanagement.so
7fbca81b6000-7fbca81b7000 r-xp 00002000 103:06 5379211                   /usr/lib/jvm/java-19-openjdk-amd64/lib/libmanagement.so
7fbca81b7000-7fbca81b8000 r--p 00003000 103:06 5379211                   /usr/lib/jvm/java-19-openjdk-amd64/lib/libmanagement.so
7fbca81b8000-7fbca81b9000 r--p 00003000 103:06 5379211                   /usr/lib/jvm/java-19-openjdk-amd64/lib/libmanagement.so
7fbca81b9000-7fbca81ba000 rw-p 00004000 103:06 5379211                   /usr/lib/jvm/java-19-openjdk-amd64/lib/libmanagement.so
7fbca81ba000-7fbca81bb000 r--p 00000000 103:06 4989404                   /usr/lib/x86_64-linux-gnu/libutil.so.1
7fbca81bb000-7fbca81bc000 r-xp 00001000 103:06 4989404                   /usr/lib/x86_64-linux-gnu/libutil.so.1
7fbca81bc000-7fbca81bd000 r--p 00002000 103:06 4989404                   /usr/lib/x86_64-linux-gnu/libutil.so.1
7fbca81bd000-7fbca81be000 r--p 00002000 103:06 4989404                   /usr/lib/x86_64-linux-gnu/libutil.so.1
7fbca81be000-7fbca81bf000 rw-p 00003000 103:06 4989404                   /usr/lib/x86_64-linux-gnu/libutil.so.1
7fbca81bf000-7fbca81c6000 r--s 00000000 103:06 5767902                   /usr/lib/x86_64-linux-gnu/gconv/gconv-modules.cache
7fbca81c6000-7fbca81ca000 ---p 00000000 00:00 0 
7fbca81ca000-7fbca82c6000 rw-p 00000000 00:00 0 
7fbca82c6000-7fbca82ca000 ---p 00000000 00:00 0 
7fbca82ca000-7fbca83c6000 rw-p 00000000 00:00 0 
7fbca83c6000-7fbca83ca000 ---p 00000000 00:00 0 
7fbca83ca000-7fbca84c6000 rw-p 00000000 00:00 0 
7fbca84c6000-7fbca84c7000 ---p 00000000 00:00 0 
7fbca84c7000-7fbca85c8000 rw-p 00000000 00:00 0 
7fbca85c8000-7fbca85cc000 ---p 00000000 00:00 0 
7fbca85cc000-7fbca86c8000 rw-p 00000000 00:00 0 
7fbca86c8000-7fbca86cc000 ---p 00000000 00:00 0 
7fbca86cc000-7fbca87c8000 rw-p 00000000 00:00 0 
7fbca87c8000-7fbca87cc000 ---p 00000000 00:00 0 
7fbca87cc000-7fbca88c8000 rw-p 00000000 00:00 0 
7fbca88c8000-7fbca88cc000 ---p 00000000 00:00 0 
7fbca88cc000-7fbca89c8000 rw-p 00000000 00:00 0 
7fbca89c8000-7fbca89cc000 ---p 00000000 00:00 0 
7fbca89cc000-7fbca8ac8000 rw-p 00000000 00:00 0 
7fbca8ac8000-7fbca8acc000 ---p 00000000 00:00 0 
7fbca8acc000-7fbca8bc8000 rw-p 00000000 00:00 0 
7fbca8bc8000-7fbca8bcc000 ---p 00000000 00:00 0 
7fbca8bcc000-7fbca8cc8000 rw-p 00000000 00:00 0 
7fbca8cc8000-7fbca8f58000 rwxp 00000000 00:00 0 
7fbca8f58000-7fbcb01ff000 ---p 00000000 00:00 0 
7fbcb01ff000-7fbcb046f000 rwxp 00000000 00:00 0 
7fbcb046f000-7fbcb0791000 ---p 00000000 00:00 0 
7fbcb0791000-7fbcb0a01000 rwxp 00000000 00:00 0 
7fbcb0a01000-7fbcb7cc8000 ---p 00000000 00:00 0 
7fbcb7cc8000-7fbcc0000000 r--s 00000000 103:06 5379224                   /usr/lib/jvm/java-19-openjdk-amd64/lib/modules
7fbcc0000000-7fbcc08be000 rw-p 00000000 00:00 0 
7fbcc08be000-7fbcc4000000 ---p 00000000 00:00 0 
7fbcc4002000-7fbcc4006000 r--p 00000000 103:06 5379222                   /usr/lib/jvm/java-19-openjdk-amd64/lib/libverify.so
7fbcc4006000-7fbcc400d000 r-xp 00004000 103:06 5379222                   /usr/lib/jvm/java-19-openjdk-amd64/lib/libverify.so
7fbcc400d000-7fbcc400f000 r--p 0000b000 103:06 5379222                   /usr/lib/jvm/java-19-openjdk-amd64/lib/libverify.so
7fbcc400f000-7fbcc4011000 r--p 0000c000 103:06 5379222                   /usr/lib/jvm/java-19-openjdk-amd64/lib/libverify.so
7fbcc4011000-7fbcc4012000 rw-p 0000e000 103:06 5379222                   /usr/lib/jvm/java-19-openjdk-amd64/lib/libverify.so
7fbcc4012000-7fbcc4043000 rw-p 00000000 00:00 0 
7fbcc4043000-7fbcc4046000 r--p 00000000 103:06 5379215                   /usr/lib/jvm/java-19-openjdk-amd64/lib/libnet.so
7fbcc4046000-7fbcc404e000 r-xp 00003000 103:06 5379215                   /usr/lib/jvm/java-19-openjdk-amd64/lib/libnet.so
7fbcc404e000-7fbcc4050000 r--p 0000b000 103:06 5379215                   /usr/lib/jvm/java-19-openjdk-amd64/lib/libnet.so
7fbcc4050000-7fbcc4051000 ---p 0000d000 103:06 5379215                   /usr/lib/jvm/java-19-openjdk-amd64/lib/libnet.so
7fbcc4051000-7fbcc4052000 r--p 0000d000 103:06 5379215                   /usr/lib/jvm/java-19-openjdk-amd64/lib/libnet.so
7fbcc4052000-7fbcc4053000 rw-p 0000e000 103:06 5379215                   /usr/lib/jvm/java-19-openjdk-amd64/lib/libnet.so
7fbcc4053000-7fbcc405a000 r--p 00000000 103:06 5379216                   /usr/lib/jvm/java-19-openjdk-amd64/lib/libnio.so
7fbcc405a000-7fbcc4063000 r-xp 00007000 103:06 5379216                   /usr/lib/jvm/java-19-openjdk-amd64/lib/libnio.so
7fbcc4063000-7fbcc4068000 r--p 00010000 103:06 5379216                   /usr/lib/jvm/java-19-openjdk-amd64/lib/libnio.so
7fbcc4068000-7fbcc4069000 r--p 00014000 103:06 5379216                   /usr/lib/jvm/java-19-openjdk-amd64/lib/libnio.so
7fbcc4069000-7fbcc406a000 rw-p 00015000 103:06 5379216                   /usr/lib/jvm/java-19-openjdk-amd64/lib/libnio.so
7fbcc406a000-7fbcc406e000 ---p 00000000 00:00 0 
7fbcc406e000-7fbcc416a000 rw-p 00000000 00:00 0 
7fbcc416a000-7fbcc416e000 ---p 00000000 00:00 0 
7fbcc416e000-7fbcc426a000 rw-p 00000000 00:00 0 
7fbcc426a000-7fbcc47de000 r--p 00000000 103:06 4987288                   /usr/lib/locale/locale-archive
7fbcc47de000-7fbcc47df000 ---p 00000000 00:00 0 
7fbcc47df000-7fbcc48e0000 rw-p 00000000 00:00 0 
7fbcc48e0000-7fbcc48e5000 r--p 00000000 103:06 5379209                   /usr/lib/jvm/java-19-openjdk-amd64/lib/libjsvml.so
7fbcc48e5000-7fbcc4926000 r-xp 00005000 103:06 5379209                   /usr/lib/jvm/java-19-openjdk-amd64/lib/libjsvml.so
7fbcc4926000-7fbcc49af000 r--p 00046000 103:06 5379209                   /usr/lib/jvm/java-19-openjdk-amd64/lib/libjsvml.so
7fbcc49af000-7fbcc49b0000 r--p 000ce000 103:06 5379209                   /usr/lib/jvm/java-19-openjdk-amd64/lib/libjsvml.so
7fbcc49b0000-7fbcc49b1000 rw-p 000cf000 103:06 5379209                   /usr/lib/jvm/java-19-openjdk-amd64/lib/libjsvml.so
7fbcc49b1000-7fbcc4ace000 rw-p 00000000 00:00 0 
7fbcc4ace000-7fbcc4acf000 ---p 00000000 00:00 0 
7fbcc4acf000-7fbcc4bd0000 rw-p 00000000 00:00 0 
7fbcc4bd0000-7fbcc4bd1000 ---p 00000000 00:00 0 
7fbcc4bd1000-7fbcc54da000 rw-p 00000000 00:00 0 
7fbcc54da000-7fbcc54db000 ---p 00000000 00:00 0 
7fbcc54db000-7fbcc55dc000 rw-p 00000000 00:00 0 
7fbcc55dc000-7fbcc55dd000 ---p 00000000 00:00 0 
7fbcc55dd000-7fbcc56de000 rw-p 00000000 00:00 0 
7fbcc56de000-7fbcc56df000 ---p 00000000 00:00 0 
7fbcc56df000-7fbcc5a05000 rw-p 00000000 00:00 0 
7fbcc5a05000-7fbcc6252000 rw-p 00000000 00:00 0 
7fbcc6252000-7fbcc6338000 ---p 00000000 00:00 0 
7fbcc6338000-7fbcc633e000 rw-p 00000000 00:00 0 
7fbcc633e000-7fbcc6423000 ---p 00000000 00:00 0 
7fbcc6423000-7fbcc6428000 rw-p 00000000 00:00 0 
7fbcc6428000-7fbcc642f000 ---p 00000000 00:00 0 
7fbcc642f000-7fbcc643c000 r--p 00000000 103:06 5379202                   /usr/lib/jvm/java-19-openjdk-amd64/lib/libjava.so
7fbcc643c000-7fbcc644f000 r-xp 0000d000 103:06 5379202                   /usr/lib/jvm/java-19-openjdk-amd64/lib/libjava.so
7fbcc644f000-7fbcc6455000 r--p 00020000 103:06 5379202                   /usr/lib/jvm/java-19-openjdk-amd64/lib/libjava.so
7fbcc6455000-7fbcc6456000 r--p 00025000 103:06 5379202                   /usr/lib/jvm/java-19-openjdk-amd64/lib/libjava.so
7fbcc6456000-7fbcc6457000 rw-p 00026000 103:06 5379202                   /usr/lib/jvm/java-19-openjdk-amd64/lib/libjava.so
7fbcc6457000-7fbcc6458000 rw-p 00000000 00:00 0 
7fbcc6458000-7fbcc645c000 ---p 00000000 00:00 0 
7fbcc645c000-7fbcc6558000 rw-p 00000000 00:00 0 
7fbcc6558000-7fbcc655b000 r--p 00000000 103:06 4988466                   /usr/lib/x86_64-linux-gnu/libgcc_s.so.1
7fbcc655b000-7fbcc6572000 r-xp 00003000 103:06 4988466                   /usr/lib/x86_64-linux-gnu/libgcc_s.so.1
7fbcc6572000-7fbcc6576000 r--p 0001a000 103:06 4988466                   /usr/lib/x86_64-linux-gnu/libgcc_s.so.1
7fbcc6576000-7fbcc6577000 r--p 0001d000 103:06 4988466                   /usr/lib/x86_64-linux-gnu/libgcc_s.so.1
7fbcc6577000-7fbcc6578000 rw-p 0001e000 103:06 4988466                   /usr/lib/x86_64-linux-gnu/libgcc_s.so.1
7fbcc6578000-7fbcc6586000 r--p 00000000 103:06 4988809                   /usr/lib/x86_64-linux-gnu/libm.so.6
7fbcc6586000-7fbcc6602000 r-xp 0000e000 103:06 4988809                   /usr/lib/x86_64-linux-gnu/libm.so.6
7fbcc6602000-7fbcc665d000 r--p 0008a000 103:06 4988809                   /usr/lib/x86_64-linux-gnu/libm.so.6
7fbcc665d000-7fbcc665e000 r--p 000e4000 103:06 4988809                   /usr/lib/x86_64-linux-gnu/libm.so.6
7fbcc665e000-7fbcc665f000 rw-p 000e5000 103:06 4988809                   /usr/lib/x86_64-linux-gnu/libm.so.6
7fbcc665f000-7fbcc66f9000 r--p 00000000 103:06 4989289                   /usr/lib/x86_64-linux-gnu/libstdc++.so.6.0.30
7fbcc66f9000-7fbcc6809000 r-xp 0009a000 103:06 4989289                   /usr/lib/x86_64-linux-gnu/libstdc++.so.6.0.30
7fbcc6809000-7fbcc6878000 r--p 001aa000 103:06 4989289                   /usr/lib/x86_64-linux-gnu/libstdc++.so.6.0.30
7fbcc6878000-7fbcc6883000 r--p 00218000 103:06 4989289                   /usr/lib/x86_64-linux-gnu/libstdc++.so.6.0.30
7fbcc6883000-7fbcc6886000 rw-p 00223000 103:06 4989289                   /usr/lib/x86_64-linux-gnu/libstdc++.so.6.0.30
7fbcc6886000-7fbcc6889000 rw-p 00000000 00:00 0 
7fbcc6889000-7fbcc6afc000 r--p 00000000 103:06 5781807                   /usr/lib/jvm/java-19-openjdk-amd64/lib/server/libjvm.so
7fbcc6afc000-7fbcc7951000 r-xp 00273000 103:06 5781807                   /usr/lib/jvm/java-19-openjdk-amd64/lib/server/libjvm.so
7fbcc7951000-7fbcc7b1c000 r--p 010c8000 103:06 5781807                   /usr/lib/jvm/java-19-openjdk-amd64/lib/server/libjvm.so
7fbcc7b1c000-7fbcc7be7000 r--p 01292000 103:06 5781807                   /usr/lib/jvm/java-19-openjdk-amd64/lib/server/libjvm.so
7fbcc7be7000-7fbcc7c14000 rw-p 0135d000 103:06 5781807                   /usr/lib/jvm/java-19-openjdk-amd64/lib/server/libjvm.so
7fbcc7c14000-7fbcc7c73000 rw-p 00000000 00:00 0 
7fbcc7c73000-7fbcc7c75000 r--p 00000000 103:06 4989583                   /usr/lib/x86_64-linux-gnu/libz.so.1.2.11
7fbcc7c75000-7fbcc7c86000 r-xp 00002000 103:06 4989583                   /usr/lib/x86_64-linux-gnu/libz.so.1.2.11
7fbcc7c86000-7fbcc7c8c000 r--p 00013000 103:06 4989583                   /usr/lib/x86_64-linux-gnu/libz.so.1.2.11
7fbcc7c8c000-7fbcc7c8d000 ---p 00019000 103:06 4989583                   /usr/lib/x86_64-linux-gnu/libz.so.1.2.11
7fbcc7c8d000-7fbcc7c8e000 r--p 00019000 103:06 4989583                   /usr/lib/x86_64-linux-gnu/libz.so.1.2.11
7fbcc7c8e000-7fbcc7c8f000 rw-p 0001a000 103:06 4989583                   /usr/lib/x86_64-linux-gnu/libz.so.1.2.11
7fbcc7c8f000-7fbcc7cb7000 r--p 00000000 103:06 4988112                   /usr/lib/x86_64-linux-gnu/libc.so.6
7fbcc7cb7000-7fbcc7e4c000 r-xp 00028000 103:06 4988112                   /usr/lib/x86_64-linux-gnu/libc.so.6
7fbcc7e4c000-7fbcc7ea4000 r--p 001bd000 103:06 4988112                   /usr/lib/x86_64-linux-gnu/libc.so.6
7fbcc7ea4000-7fbcc7ea8000 r--p 00214000 103:06 4988112                   /usr/lib/x86_64-linux-gnu/libc.so.6
7fbcc7ea8000-7fbcc7eaa000 rw-p 00218000 103:06 4988112                   /usr/lib/x86_64-linux-gnu/libc.so.6
7fbcc7eaa000-7fbcc7eb7000 rw-p 00000000 00:00 0 
7fbcc7eb8000-7fbcc7eba000 r--s 0000c000 103:06 5905629                   /usr/share/java/java-atk-wrapper.jar
7fbcc7eba000-7fbcc7ebc000 r--p 00000000 103:06 5379223                   /usr/lib/jvm/java-19-openjdk-amd64/lib/libzip.so
7fbcc7ebc000-7fbcc7ec0000 r-xp 00002000 103:06 5379223                   /usr/lib/jvm/java-19-openjdk-amd64/lib/libzip.so
7fbcc7ec0000-7fbcc7ec2000 r--p 00006000 103:06 5379223                   /usr/lib/jvm/java-19-openjdk-amd64/lib/libzip.so
7fbcc7ec2000-7fbcc7ec3000 r--p 00007000 103:06 5379223                   /usr/lib/jvm/java-19-openjdk-amd64/lib/libzip.so
7fbcc7ec3000-7fbcc7ec4000 rw-p 00008000 103:06 5379223                   /usr/lib/jvm/java-19-openjdk-amd64/lib/libzip.so
7fbcc7ec4000-7fbcc7ecc000 rw-s 00000000 103:06 1056622                   /tmp/hsperfdata_kotb/47365
7fbcc7ecc000-7fbcc7ecd000 ---p 00000000 00:00 0 
7fbcc7ecd000-7fbcc7ece000 r--p 00000000 00:00 0 
7fbcc7ece000-7fbcc7ed0000 r--p 00000000 103:06 5379205                   /usr/lib/jvm/java-19-openjdk-amd64/lib/libjimage.so
7fbcc7ed0000-7fbcc7ed2000 r-xp 00002000 103:06 5379205                   /usr/lib/jvm/java-19-openjdk-amd64/lib/libjimage.so
7fbcc7ed2000-7fbcc7ed3000 r--p 00004000 103:06 5379205                   /usr/lib/jvm/java-19-openjdk-amd64/lib/libjimage.so
7fbcc7ed3000-7fbcc7ed4000 r--p 00004000 103:06 5379205                   /usr/lib/jvm/java-19-openjdk-amd64/lib/libjimage.so
7fbcc7ed4000-7fbcc7ed5000 rw-p 00005000 103:06 5379205                   /usr/lib/jvm/java-19-openjdk-amd64/lib/libjimage.so
7fbcc7ed5000-7fbcc7ed7000 r--p 00000000 103:06 5379206                   /usr/lib/jvm/java-19-openjdk-amd64/lib/libjli.so
7fbcc7ed7000-7fbcc7ee1000 r-xp 00002000 103:06 5379206                   /usr/lib/jvm/java-19-openjdk-amd64/lib/libjli.so
7fbcc7ee1000-7fbcc7ee4000 r--p 0000c000 103:06 5379206                   /usr/lib/jvm/java-19-openjdk-amd64/lib/libjli.so
7fbcc7ee4000-7fbcc7ee5000 r--p 0000e000 103:06 5379206                   /usr/lib/jvm/java-19-openjdk-amd64/lib/libjli.so
7fbcc7ee5000-7fbcc7ee6000 rw-p 0000f000 103:06 5379206                   /usr/lib/jvm/java-19-openjdk-amd64/lib/libjli.so
7fbcc7ee6000-7fbcc7ee8000 rw-p 00000000 00:00 0 
7fbcc7ee8000-7fbcc7eea000 r--p 00000000 103:06 4987721                   /usr/lib/x86_64-linux-gnu/ld-linux-x86-64.so.2
7fbcc7eea000-7fbcc7f14000 r-xp 00002000 103:06 4987721                   /usr/lib/x86_64-linux-gnu/ld-linux-x86-64.so.2
7fbcc7f14000-7fbcc7f1f000 r--p 0002c000 103:06 4987721                   /usr/lib/x86_64-linux-gnu/ld-linux-x86-64.so.2
7fbcc7f1f000-7fbcc7f20000 ---p 00000000 00:00 0 
7fbcc7f20000-7fbcc7f22000 r--p 00037000 103:06 4987721                   /usr/lib/x86_64-linux-gnu/ld-linux-x86-64.so.2
7fbcc7f22000-7fbcc7f24000 rw-p 00039000 103:06 4987721                   /usr/lib/x86_64-linux-gnu/ld-linux-x86-64.so.2
7fffdc808000-7fffdc82a000 rw-p 00000000 00:00 0                          [stack]
7fffdc956000-7fffdc95a000 r--p 00000000 00:00 0                          [vvar]
7fffdc95a000-7fffdc95c000 r-xp 00000000 00:00 0                          [vdso]
ffffffffff600000-ffffffffff601000 --xp 00000000 00:00 0                  [vsyscall]


VM Arguments:
jvm_args: -Xmx64m -Xms64m -Dorg.gradle.appname=gradlew 
java_command: org.gradle.wrapper.GradleWrapperMain run
java_class_path (initial): /home/kotb/code/projects/Bitcask4j/gradle/wrapper/gradle-wrapper.jar
Launcher Type: SUN_STANDARD

[Global flags]
     intx CICompilerCount                          = 4                                         {product} {ergonomic}
     uint ConcGCThreads                            = 2                                         {product} {ergonomic}
     uint G1ConcRefinementThreads                  = 8                                         {product} {ergonomic}
   size_t G1HeapRegionSize                         = 1048576                                   {product} {ergonomic}
    uintx GCDrainStackTargetSize                   = 64                                        {product} {ergonomic}
   size_t InitialHeapSize                          = 67108864                                  {product} {command line}
   size_t MarkStackSize                            = 4194304                                   {product} {ergonomic}
   size_t MaxHeapSize                              = 67108864                                  {product} {command line}
   size_t MaxNewSize                               = 39845888                                  {product} {ergonomic}
   size_t MinHeapDeltaBytes                        = 1048576                                   {product} {ergonomic}
   size_t MinHeapSize                              = 67108864                                  {product} {command line}
    uintx NonNMethodCodeHeapSize                   = 5839372                                {pd product} {ergonomic}
    uintx NonProfiledCodeHeapSize                  = 122909434                              {pd product} {ergonomic}
    uintx ProfiledCodeHeapSize                     = 122909434                              {pd product} {ergonomic}
    uintx ReservedCodeCacheSize                    = 251658240                              {pd product} {ergonomic}
     bool SegmentedCodeCache                       = true                                      {product} {ergonomic}
   size_t SoftMaxHeapSize                          = 67108864                               {manageable} {ergonomic}
     bool UseCompressedClassPointers               = true                           {product lp64_product} {ergonomic}
     bool UseCompressedOops                        = true                           {product lp64_product} {ergonomic}
     bool UseG1GC                                  = true                                      {product} {ergonomic}

Logging:
Log output configuration:
 #0: stdout all=warning uptime,level,tags foldmultilines=false
 #1: stderr all=off uptime,level,tags foldmultilines=false

Environment Variables:
JAVA_HOME=/usr/lib/jvm/java-19-openjdk-amd64
PATH=/home/kotb/.sdkman/candidates/gradle/current/bin:/home/kotb/.cargo/bin:/home/kotb/.local/bin:/usr/lib/jvm/java-19-openjdk-amd64/bin:/usr/local/sbin:/usr/local/bin:/usr/sbin:/usr/bin:/sbin:/bin:/usr/games:/usr/local/games:/snap/bin:/home/kotb/.local/share/coursier/bin:/home/kotb/.cargo/bin/neovide:~/.local/share/coursier/bin/
SHELL=/bin/bash
DISPLAY=:0
LANG=en_US.UTF-8
LC_NUMERIC=en_US.UTF-8
LC_TIME=en_US.UTF-8
TERM=xterm-256color

Active Locale:
LC_ALL=en_US.UTF-8
LC_COLLATE=en_US.UTF-8
LC_CTYPE=en_US.UTF-8
LC_MESSAGES=en_US.UTF-8
LC_MONETARY=en_US.UTF-8
LC_NUMERIC=en_US.UTF-8
LC_TIME=en_US.UTF-8

Signal Handlers:
   SIGSEGV: 0x00007fbcc7694900 in libjvm.so+14727424, mask=11100100010111111101111111111110, flags=SA_RESTART|SA_SIGINFO
    SIGBUS: 0x00007fbcc7694900 in libjvm.so+14727424, mask=11100100010111111101111111111110, flags=SA_RESTART|SA_SIGINFO
    SIGFPE: 0x00007fbcc7694900 in libjvm.so+14727424, mask=11100100010111111101111111111110, flags=SA_RESTART|SA_SIGINFO
   SIGPIPE: 0x00007fbcc757cf50 in libjvm.so+13582160, mask=11100100010111111101111111111110, flags=SA_RESTART|SA_SIGINFO
   SIGXFSZ: 0x00007fbcc757cf50 in libjvm.so+13582160, mask=11100100010111111101111111111110, flags=SA_RESTART|SA_SIGINFO
    SIGILL: 0x00007fbcc7694900 in libjvm.so+14727424, mask=11100100010111111101111111111110, flags=SA_RESTART|SA_SIGINFO
   SIGUSR2: 0x00007fbcc75767c0 in libjvm.so+13555648, mask=00000000000000000000000000000000, flags=SA_RESTART|SA_SIGINFO
    SIGHUP: 0x00007fbcc75766e0 in libjvm.so+13555424, mask=11100100010111111101111111111110, flags=SA_RESTART|SA_SIGINFO
    SIGINT: 0x00007fbcc75766e0 in libjvm.so+13555424, mask=11100100010111111101111111111110, flags=SA_RESTART|SA_SIGINFO
   SIGTERM: 0x00007fbcc75766e0 in libjvm.so+13555424, mask=11100100010111111101111111111110, flags=SA_RESTART|SA_SIGINFO
   SIGQUIT: 0x00007fbcc75766e0 in libjvm.so+13555424, mask=11100100010111111101111111111110, flags=SA_RESTART|SA_SIGINFO
   SIGTRAP: 0x00007fbcc7694900 in libjvm.so+14727424, mask=11100100010111111101111111111110, flags=SA_RESTART|SA_SIGINFO


---------------  S Y S T E M  ---------------

OS:
DISTRIB_ID=LinuxMint
DISTRIB_RELEASE=21.1
DISTRIB_CODENAME=vera
DISTRIB_DESCRIPTION="Linux Mint 21.1 Vera"
uname: Linux 5.15.0-71-generic #78-Ubuntu SMP Tue Apr 18 09:00:29 UTC 2023 x86_64
OS uptime: 0 days 9:57 hours
libc: glibc 2.35 NPTL 2.35 
rlimit (soft/hard): STACK 8192k/infinity , CORE 0k/infinity , NPROC 54773/54773 , NOFILE 1048576/1048576 , AS infinity/infinity , CPU infinity/infinity , DATA infinity/infinity , FSIZE infinity/infinity , MEMLOCK 1781512k/1781512k
load average: 1.63 0.90 0.58

/proc/meminfo:
MemTotal:       14252108 kB
MemFree:         3706120 kB
MemAvailable:    7979572 kB
Buffers:          317980 kB
Cached:          4251088 kB
SwapCached:            0 kB
Active:          1837208 kB
Inactive:        7872736 kB
Active(anon):       3068 kB
Inactive(anon):  5306208 kB
Active(file):    1834140 kB
Inactive(file):  2566528 kB
Unevictable:         144 kB
Mlocked:             144 kB
SwapTotal:       2097148 kB
SwapFree:        2097148 kB
Dirty:             20196 kB
Writeback:             0 kB
AnonPages:       5140764 kB
Mapped:          1161744 kB
Shmem:            175724 kB
KReclaimable:     202132 kB
Slab:             369700 kB
SReclaimable:     202132 kB
SUnreclaim:       167568 kB
KernelStack:       20384 kB
PageTables:        53444 kB
NFS_Unstable:          0 kB
Bounce:                0 kB
WritebackTmp:          0 kB
CommitLimit:     9223200 kB
Committed_AS:   14009616 kB
VmallocTotal:   34359738367 kB
VmallocUsed:      147656 kB
VmallocChunk:          0 kB
Percpu:            16320 kB
HardwareCorrupted:     0 kB
AnonHugePages:         0 kB
ShmemHugePages:        0 kB
ShmemPmdMapped:        0 kB
FileHugePages:         0 kB
FilePmdMapped:         0 kB
HugePages_Total:       0
HugePages_Free:        0
HugePages_Rsvd:        0
HugePages_Surp:        0
Hugepagesize:       2048 kB
Hugetlb:               0 kB
DirectMap4k:      642680 kB
DirectMap2M:     8730624 kB
DirectMap1G:     5242880 kB

/sys/kernel/mm/transparent_hugepage/enabled: always [madvise] never
/sys/kernel/mm/transparent_hugepage/defrag (defrag/compaction efforts parameter): always defer defer+madvise [madvise] never

Process Memory:
Virtual Size: 3601888K (peak: 3614208K)
Resident Set Size: 138848K (peak: 139956K) (anon: 109052K, file: 29796K, shmem: 0K)
Swapped out: 0K
C-Heap outstanding allocations: 34027K, retained: 20488K
glibc malloc tunables: (default)

/proc/sys/kernel/threads-max (system-wide limit on the number of threads): 109547
/proc/sys/vm/max_map_count (maximum number of memory map areas a process may have): 65530
/proc/sys/kernel/pid_max (system-wide limit on number of process identifiers): 4194304

container (cgroup) information:
container_type: cgroupv2
cpu_cpuset_cpus: not supported
cpu_memory_nodes: not supported
active_processor_count: 8
cpu_quota: not supported
cpu_period: not supported
cpu_shares: not supported
memory_limit_in_bytes: unlimited
memory_and_swap_limit_in_bytes: unlimited
memory_soft_limit_in_bytes: unlimited
memory_usage_in_bytes: 3657100 k
memory_max_usage_in_bytes: not supported
maximum number of tasks: 16432
current number of tasks: 329

Steal ticks since vm start: 0
Steal ticks percentage since vm start:  0.000

CPU: total 8 (initial active 8) (8 cores per cpu, 2 threads per core) family 23 model 24 stepping 1 microcode 0x8108102, cx8, cmov, fxsr, ht, mmx, 3dnowpref, sse, sse2, sse3, ssse3, sse4a, sse4.1, sse4.2, popcnt, lzcnt, tsc, tscinvbit, avx, avx2, aes, clmul, bmi1, bmi2, adx, sha, fma, vzeroupper, clflush, clflushopt, rdtscp
CPU Model and flags from /proc/cpuinfo:
model name	: AMD Ryzen 7 3750H with Radeon Vega Mobile Gfx
flags		: fpu vme de pse tsc msr pae mce cx8 apic sep mtrr pge mca cmov pat pse36 clflush mmx fxsr sse sse2 ht syscall nx mmxext fxsr_opt pdpe1gb rdtscp lm constant_tsc rep_good nopl nonstop_tsc cpuid extd_apicid aperfmperf rapl pni pclmulqdq monitor ssse3 fma cx16 sse4_1 sse4_2 movbe popcnt aes xsave avx f16c rdrand lahf_lm cmp_legacy svm extapic cr8_legacy abm sse4a misalignsse 3dnowprefetch osvw skinit wdt tce topoext perfctr_core perfctr_nb bpext perfctr_llc mwaitx cpb hw_pstate ssbd ibpb vmmcall fsgsbase bmi1 avx2 smep bmi2 rdseed adx smap clflushopt sha_ni xsaveopt xsavec xgetbv1 xsaves clzero irperf xsaveerptr arat npt lbrv svm_lock nrip_save tsc_scale vmcb_clean flushbyasid decodeassists pausefilter pfthreshold avic v_vmsave_vmload vgif overflow_recov succor smca sme sev sev_es

Online cpus: 0-7
Offline cpus: 8-15
BIOS frequency limitation: 2300000
Frequency switch latency (ns): 0
Available cpu frequencies: 2300000 1700000 1400000 
Current governor: ondemand
Core performance/turbo boost: 1

Memory: 4k page, physical 14252108k(3706120k free), swap 2097148k(2097148k free)
Page Sizes: 4k

vm_info: OpenJDK 64-Bit Server VM (19.0.2+7-Ubuntu-0ubuntu322.04) for linux-amd64 JRE (19.0.2+7-Ubuntu-0ubuntu322.04), built on 2023-02-19T21:39:48Z by "buildd" with gcc 11.3.0

END.
